deletion	chr10:1501-45300	43800	0.415527	3.63864e-12	2.871e+09	3.79458e-12	2.871e+09	1
deletion	chr10:401101-406200	5100	0.0695721	3.12495e-11	4.12252e-21	1.93179e-10	8.99717e-22	1
deletion	chr10:535501-564600	29100	0.262261	5.47672e-12	2.867e+09	5.83782e-12	2.86725e+09	1
duplication	chr10:576901-581400	4500	2.16148	0.00856723	2.42827e-19	7.94592	4.11521e-08	1
deletion	chr10:747301-758100	10800	0.617857	0.000505991	2.07879e+08	0.021561	3.21995e+08	1
deletion	chr10:809101-837900	28800	0.388704	5.53377e-12	2.871e+09	5.90269e-12	2.871e+09	1
deletion	chr10:850801-860700	9900	0.45677	3.86358e-07	277162	0.000264608	1.48863e+06	1
deletion	chr10:943501-952500	9000	0.390998	3.54161e-11	2.83396e-12	1.00515e-07	4.5032e-08	1
deletion	chr10:957601-970800	13200	0.209942	1.20737e-11	1.16702e-30	1.398e-11	2.74519e-25	1
deletion	chr10:984901-995400	10500	0.373271	6.07133e-11	0.0122752	1.34844e-07	1.09144	1
deletion	chr10:1050301-1082400	32100	0.265247	4.96488e-12	2.86841e+09	5.25982e-12	2.86855e+09	1
deletion	chr10:1143601-1160700	17100	0.591788	0.000115147	4.85692e+08	0.0142054	5.85584e+08	1
deletion	chr10:1185601-1189500	3900	0.33587	9.74501e-05	0.0016986	0.141895	0.0708581	1
deletion	chr10:1266601-1325400	58800	0.172097	2.71042e-12	2.07375e+06	2.79601e-12	2.58772e+06	1
deletion	chr10:1336501-1357200	20700	0.266177	7.69916e-12	5.62545e-08	8.43241e-12	1.59594e-06	1
duplication	chr10:1367701-1377900	10200	2.68048	0.000726249	1.70872e+09	0.0157394	1.87258e+09	1
deletion	chr10:1486801-1524600	37800	0.327116	4.2162e-12	1.37592e+09	4.42701e-12	1.42497e+09	1
deletion	chr10:1546501-1557300	10800	0.10091	1.47567e-11	21990.4	1.77081e-11	2.26374e-60	1
deletion	chr10:1624801-1655400	30600	0.301892	5.20825e-12	1.3069e+06	5.53377e-12	2.05503e+06	1
deletion	chr10:1707301-1708800	1500	0.068546	17.223	0.00377363	1	1	1
deletion	chr10:1767001-1770900	3900	0.40718	0.0230039	0.119489	82.8718	1458.81	1
deletion	chr10:1793101-1812600	19500	0.717899	8.06096e-06	3.92409e+08	1.75737e-05	4.71542e+08	1
deletion	chr10:1876801-1966800	90000	0.227047	1.77081e-12	2.65903e+09	1.80694e-12	2.66311e+09	1
deletion	chr10:1977301-2055000	77700	0.245098	2.05113e-12	108.405	2.09977e-12	161.069	1
deletion	chr10:2075401-2080200	4800	0.158894	0.0017125	78269.9	1.5406e-09	1.85737e-20	1
deletion	chr10:2190001-2276400	86400	0.448227	1.84459e-12	2.86974e+09	1.88384e-12	2.86977e+09	1
deletion	chr10:2285101-2288400	3300	0.247195	0.000660594	0.000712775	459.827	5351.2	1
deletion	chr10:2292601-2296800	4200	0.286883	0.013503	0.0123953	3.75287	0.00269515	1
deletion	chr10:2346901-2349900	3000	0.0669257	0.00283172	1.29724e-06	0.626509	0.000112601	1
deletion	chr10:2612101-2619300	7200	0.107881	2.21351e-11	1.40928e-20	2.95134e-11	1.10885e-19	1
deletion	chr10:2632801-2636100	3300	0.280796	0.0136996	5.74377e-06	594.565	208.448	1
deletion	chr10:2872801-3000300	127500	0.644167	1.24998e-12	2.871e+09	1.26788e-12	2.871e+09	1
deletion	chr10:3030001-3043800	13800	0.426413	3.46462e-11	11.5279	3.90463e-09	143.522	1
deletion	chr10:3098101-3113700	15600	0.23302	1.02162e-11	0.000223456	1.15487e-11	0.00727362	1
duplication	chr10:3147301-3172500	25200	6.95482	0.000174308	6.68085e+07	0.00118392	8.73955e+07	1
deletion	chr10:3176101-3201900	25800	0.670065	1.26421e-05	2.871e+09	0.00029992	2.871e+09	1
duplication	chr10:3201901-3235500	33600	11.0593	0	1.24708e+09	0	1.30405e+09	1
duplication	chr10:3244801-3258900	14100	4.98512	3.04386e-06	0.616479	1.08664e-05	10.5717	1
deletion	chr10:3266101-3275700	9600	0.387149	1.3281e-10	188.331	7.93185e-08	4185.58	1
deletion	chr10:3286201-3303000	16800	0.621391	0.840081	2.871e+09	12.2267	2.871e+09	1
duplication	chr10:3311401-3326400	15000	2.84852	0.000314657	1.40889e+06	0.00399181	3.5154e+06	1
duplication	chr10:3343501-3355200	11700	15.2297	6.11337e-08	0	1.16744e-07	0	1
duplication	chr10:3361801-3373200	11400	5.22281	2.23613e-05	50847.2	0.00103269	286119	1
deletion	chr10:3650401-3653700	3300	0.123087	0.00653717	0.00110067	1.88351	8.39232e-05	1
duplication	chr10:3695701-3699300	3600	1.8303	0.0422829	0.00995559	68.7279	0.00154268	1
deletion	chr10:3705901-3779700	73800	0.182008	2.15952e-12	2.86953e+09	2.21351e-12	2.86957e+09	1
deletion	chr10:3795901-3798600	2700	0.280571	0.0568459	0.00941033	6353.45	12911.7	1
deletion	chr10:3950101-3955500	5400	0.273975	3.78144e-06	0.0136277	0.064637	81.0884	1
deletion	chr10:3961801-3965700	3900	0.0790538	3.31413e-08	2.8141e-17	0.00146678	3.56134e-10	1
deletion	chr10:4106701-4137600	30900	0.370975	5.15769e-12	1.80379e-17	5.47672e-12	6.06049e-16	1
deletion	chr10:4140001-4213500	73500	0.373285	2.16833e-12	2.871e+09	2.22277e-12	2.871e+09	1
deletion	chr10:4219801-4226700	6900	0.110662	9.23899e-11	0.000210224	3.12495e-11	7.87901e-19	1
deletion	chr10:4239901-4251000	11100	0.437854	2.03809e-06	6.68743e+06	7.31438e-05	1.78729e+07	1
duplication	chr10:4420801-4428600	7800	2.40897	3.24235e-05	3.21625e-18	0.00485858	5.33013e-12	1
deletion	chr10:4440301-4453800	13500	0.12392	1.18054e-11	1.15699e-35	1.36216e-11	9.60781e-30	1
deletion	chr10:4483801-4488600	4800	0.337258	0.00202195	0.276696	4.55349	1577.66	1
deletion	chr10:4544101-4562700	18600	0.198905	8.56841e-12	1.81473e-21	9.48646e-12	1.51816e-18	1
deletion	chr10:4619101-4627800	8700	0.199982	3.66374e-11	1.37874	4.98259e-07	116.804	1
deletion	chr10:4805101-4830900	25800	0.558194	6.17723e-12	2.83535e+09	6.64052e-12	2.83783e+09	1
duplication	chr10:4899001-4910700	11700	12.8484	1.35126e-08	7.59913e-172	7.92033e-08	4.59074e-144	1
deletion	chr10:4941601-4945200	3600	0.113417	1.32345e-05	3.09464e-11	13.9837	0.298072	1
deletion	chr10:4959001-4976700	17700	0.26729	9.0041e-12	1.23554e+06	1.00234e-11	2.71757e+06	1
duplication	chr10:4976701-4986300	9600	3.19276	8.00023e-05	6.96843e+07	0.00508797	1.39936e+08	1
deletion	chr10:4988401-5065800	77400	0.742101	199.967	2.871e+09	229.465	2.871e+09	1
duplication	chr10:5065801-5078100	12300	14.561	2.59142e-10	0	2.48014e-08	0	1
duplication	chr10:5080501-5106600	26100	19.6016	0	0	0	0	1
deletion	chr10:5106601-5113200	6600	0.441174	5.7286e-05	228.612	0.110482	19732.1	1
duplication	chr10:5113201-5144100	30900	19.5104	1.25125e-07	2.58024e+09	1.71465e-07	2.59634e+09	1
deletion	chr10:5151901-5168100	16200	0.175746	9.83781e-12	384224	1.10675e-11	1.03507e+06	1
deletion	chr10:5188501-5208000	19500	0.483745	1.45479e-09	274571	9.4453e-09	570523	1
duplication	chr10:5392501-5412600	20100	17.245	0	2.63662e-129	6.9671e-11	6.06135e-117	1
deletion	chr10:5454601-5456400	1800	0.095503	2.61187	0.000115536	1	1	1
duplication	chr10:5703901-5721900	18000	2.6412	4.72982e-08	3.54542	1.6826e-06	27.5743	1
duplication	chr10:5742901-5755200	12300	12.1875	1.21797e-09	0	2.62949e-07	0	1
deletion	chr10:5921101-5923800	2700	0.135554	0.0304093	0.000248173	3989.91	87.3703	1
deletion	chr10:5972101-5979000	6900	0.0773376	2.30975e-11	1.82038e-16	8.74986e-10	6.81585e-10	1
deletion	chr10:5994301-6006000	11700	0.604586	0.0224505	2.79e+09	0.0891758	2.80232e+09	1
deletion	chr10:6053401-6061500	8100	0.298625	9.48601e-07	4.42054e+07	0.00384499	1.11755e+08	1
deletion	chr10:6178501-6185100	6600	0.478463	0.000311559	8325.86	0.571395	269578	1
duplication	chr10:6324001-6332100	8100	2.7384	5.66313e-05	154.967	0.000148359	3.76901e-10	1
deletion	chr10:6408601-6421200	12600	0.509293	1.26486e-11	8.48134e-11	1.47567e-11	6.24457e-13	1
deletion	chr10:6581701-6715800	134100	0.563157	1.18846e-12	2.871e+09	1.20463e-12	2.871e+09	1
deletion	chr10:6781501-6807900	26400	0.582112	9.52764e-07	2.871e+09	5.05706e-05	2.871e+09	1
duplication	chr10:6925501-7008000	82500	1.36354	3.39222e-09	1.61104e+09	8.81585e-09	1.63147e+09	1
duplication	chr10:7034701-7047600	12900	3.78075	0.0124627	8.0568e-29	0.164358	1.39945e-23	1
duplication	chr10:7054801-7067100	12300	2.48256	0.00801861	2.73961e+08	0.0887901	3.86373e+08	1
duplication	chr10:7213801-7239600	25800	3.3686	6.33173e-06	1.32576e+07	0.000104874	1.92935e+07	1
duplication	chr10:7317301-7327500	10200	2.68466	0.00011214	3.01871e+07	0.0139534	6.744e+07	1
deletion	chr10:7363501-7369500	6000	0.504306	0.000858202	0.425468	1.52516	378.109	1
deletion	chr10:7569601-7573200	3600	0.317818	0.0064743	0.00147501	7.76754	0.83832	1
deletion	chr10:7582501-7584900	2400	0.0371693	0.00158125	6.84504e-10	13339.3	568.575	1
duplication	chr10:7711801-7714800	3000	5.66372	1.32256e-05	0	48.4581	0	1
deletion	chr10:7730101-7745400	15300	0.577285	1.0853e-07	1.01048e+07	5.71227e-07	1.96415e+07	1
deletion	chr10:7831501-7906200	74700	0.589831	2.1335e-12	2.86938e+09	2.18618e-12	2.86941e+09	1
duplication	chr10:7952401-7972500	20100	2.74673	0	6.61108e+08	0	7.54024e+08	1
duplication	chr10:8038801-8054100	15300	2.05248	4.1666e-11	0.00107923	8.49987e-10	0.0312513	1
deletion	chr10:8054101-8061300	7200	0.46756	0.000508034	6.7486e+07	0.117949	1.72353e+08	1
duplication	chr10:8061301-8100600	39300	1.81159	0	59678.7	0	97785	1
duplication	chr10:8160301-8169300	9000	4.90055	2.59954e-08	1.44411e-06	3.92056e-07	1.5648e-140	1
duplication	chr10:8251801-8260200	8400	4.70274	1.97015e-07	33758.8	1.54736e-07	0	1
deletion	chr10:8310901-8318400	7500	0.432127	2.26713e-07	1463.19	0.000727436	47375.8	1
deletion	chr10:8411401-8416800	5400	0.0190646	2.95134e-11	4.20948e-35	4.42701e-11	6.05423e-29	1
deletion	chr10:8575201-8585400	10200	0.537698	0.00220142	2.68947e+09	0.504913	2.72065e+09	1
deletion	chr10:8664601-8675400	10800	0.531888	2.32076e-05	9.56623e+07	0.00194007	1.68638e+08	1
duplication	chr10:8727301-8738400	11100	2.51729	7.24309e-06	9.90715e+06	0.000278701	2.48431e+07	1
duplication	chr10:8755501-8779200	23700	1.42778	1.28313e-06	3.26949e+08	5.99691e-05	3.85604e+08	1
deletion	chr10:8876701-8879100	2400	0.0407066	0.00656019	4.79865e-08	13339.3	568.575	1
deletion	chr10:8883001-8886600	3600	0.0768537	5.86475e-05	3.46014e-07	1.4448e-05	9.44517e-11	1
deletion	chr10:8956501-8962500	6000	0.271989	1.26494e-06	1.35792e-05	0.00190251	0.000105094	1
duplication	chr10:9291601-9303000	11400	2.98915	0.00438438	4.10805e-06	0.101753	0.000906752	1
duplication	chr10:9415501-9423300	7800	2.79935	0.0469149	39.9351	7.47679	2596.78	1
deletion	chr10:9423301-9433500	10200	0.622412	0.000546822	6.77322e+07	0.000662612	172322	1
duplication	chr10:9452701-9463800	11100	2.76632	8.61875e-05	273.706	0.0021081	0.00515182	1
deletion	chr10:9484201-9490500	6300	0.224745	1.26486e-10	1.80791e-18	1.63015e-05	1.06869e-10	1
deletion	chr10:9543301-9551400	8100	0.262074	1.96756e-11	1.64353e-12	5.05944e-11	1.5173e-19	1
deletion	chr10:9580501-9598200	17700	0.0197296	9.0041e-12	2.34358e-114	1.00234e-11	7.7147e-102	1
deletion	chr10:9606001-9614700	8700	0.302733	1.06248e-08	273.399	7.65129e-06	7752.95	1
deletion	chr10:9615001-9616200	1200	0.0297374	49.2068	0.0243449	1	1	1
deletion	chr10:9801001-9804600	3600	0.0368795	7.92436e-09	2.53941e-18	1.30602e-05	9.55248e-11	1
deletion	chr10:9877501-9891900	14400	0.178276	1.10675e-11	2.99813e-13	1.26486e-11	1.67687e-10	1
deletion	chr10:10019101-10032600	13500	0.304047	1.18054e-11	2.71432	2.72432e-11	43.3422	1
duplication	chr10:10039201-10045800	6600	3.12289	0.00875398	4.51916e-08	1.03096	0.00172857	1
duplication	chr10:10215601-10219500	3900	2.25488	0.00957649	2.73644e-19	16.2709	4.98728e-09	1
deletion	chr10:10234201-10252500	18300	0.0717708	8.70888e-12	447133	9.65894e-12	1.05914e+06	1
deletion	chr10:10419001-10421700	2700	0.171659	0.0441999	4.69022e-06	12174.3	12201	1
deletion	chr10:10486501-10491000	4500	0.358796	0.0270123	0.0653311	67.7706	1181.1	1
deletion	chr10:10498201-10530900	32700	0.50079	4.87378e-12	2.871e+09	4.53876e-10	2.871e+09	1
deletion	chr10:10533001-10562400	29400	0.341298	5.42083e-12	2.69466e+09	5.77437e-12	2.70514e+09	1
deletion	chr10:10668001-10674600	6600	0.0482649	2.41474e-11	8.56915e-16	3.32026e-11	4.11055e-42	1
deletion	chr10:10715701-10722900	7200	0.100363	2.21351e-11	1.32383e-34	2.95134e-11	5.52632e-33	1
duplication	chr10:10789801-10920900	131100	36.7779	0	0	0	0	1
deletion	chr10:10960501-10966200	5700	0.107997	2.79601e-11	1.14859e-13	4.08647e-11	1.31217e-25	1
deletion	chr10:10997401-11002500	5100	0.2261	6.09629e-05	0.000211493	0.127455	3.99284	1
deletion	chr10:11013901-11019000	5100	0.197654	2.41246e-08	6.48172e-11	0.00300614	0.000556793	1
deletion	chr10:11059201-11063700	4500	0.289973	0.0112158	1.58517	7.63007	49.2145	1
deletion	chr10:11112001-11115000	3000	0.2311	0.182493	0.0039756	332.448	2.50632	1
deletion	chr10:11228401-11233800	5400	0.00600755	2.95134e-11	5.3403e-42	4.42701e-11	1.73204e-31	1
deletion	chr10:11328901-11386500	57600	0.469407	2.76688e-12	2.60161e+09	2.85614e-12	2.60963e+09	1
deletion	chr10:11396101-11398500	2400	0.111304	0.0179095	1.12803e-06	85854.8	15360.7	1
deletion	chr10:11416801-11452500	35700	2.37481	1975.5	2.72288e+09	1795.23	2.73017e+09	1
duplication	chr10:11452501-11460000	7500	5.2416	0.000305355	1.29337e-72	0.00285532	4.31357e-53	1
deletion	chr10:11460001-11471400	11400	0.0799633	1.398e-11	1666.01	1.66013e-11	4.09345e-28	1
deletion	chr10:11475301-11541600	66300	0.177769	2.40381e-12	1226.51	2.47089e-12	1826.39	1
deletion	chr10:11556601-11564400	7800	0.0996927	2.04324e-11	0.000635918	1.0492e-08	0.529298	1
deletion	chr10:11649301-11655900	6600	0.0726641	2.41474e-11	1.35198e-37	1.3281e-10	5.82941e-25	1
deletion	chr10:11704201-11713500	9300	0.12298	1.71368e-11	36569.4	2.12497e-11	2.00577e-21	1
deletion	chr10:11801401-11803200	1800	0.181653	0.144806	0.000166615	1	1	1
deletion	chr10:11943301-11945700	2400	0.155377	0.0222617	4.79865e-08	14466.8	82012.3	1
deletion	chr10:12055501-12066000	10500	0.572921	1.8214e-10	3.91262e-10	8.49987e-09	1.96534e-07	1
deletion	chr10:12177901-12179400	1500	0.0233865	0.19753	3.05104e-06	1	1	1
deletion	chr10:12190201-12205200	15000	0.350334	1.06248e-11	1.70346e+08	2.77695e-10	2.39076e+08	1
deletion	chr10:12225901-12250500	24600	0.267648	6.47856e-12	2.56973e+09	6.99002e-12	2.59066e+09	1
deletion	chr10:12465301-12468000	2700	0.0864873	6.5462e-05	1.29697e-13	798.563	4.64983	1
deletion	chr10:12514501-12519600	5100	0.256874	9.89718e-05	5.53378	0.000558433	1.58878e-09	1
deletion	chr10:12530701-12533400	2700	0.136345	0.0443533	0.00153231	1393.84	8.40488	1
duplication	chr10:12589501-12600900	11400	2.25023	0.00212777	7.18121e+07	0.00588836	1.28564e+08	1
deletion	chr10:12819301-12847800	28500	0.369114	5.59202e-12	1.97438e+09	5.96901e-12	2.02162e+09	1
duplication	chr10:12906001-12912600	6600	1.91992	0.032434	25791.5	6.44856	613494	1
deletion	chr10:12946801-12964800	18000	0.388558	8.85403e-12	1.57086e-07	9.83781e-12	6.64245e-06	1
deletion	chr10:13042201-13044600	2400	0.0207435	0.000105302	3.93077e-12	13339.3	568.575	1
deletion	chr10:13083001-13084800	1800	0.0320429	0.00152085	1.72583e-09	1	1	1
deletion	chr10:13133401-13142400	9000	0.291745	1.77081e-11	3.32503e-11	3.34018e-08	3.22882e-07	1
deletion	chr10:13451701-13463100	11400	0.648564	0.000927283	2.4034e+08	0.0533107	3.55559e+08	1
deletion	chr10:14021101-14024100	3000	0.0738039	0.000495351	4.64906e-09	0.626509	0.000112601	1
deletion	chr10:14028301-14035800	7500	0.232149	0.012203	2.87073e+09	8.42182	2.87079e+09	1
deletion	chr10:14046601-14048100	1500	0.0241646	0.537927	1.38446e-05	1	1	1
deletion	chr10:14056501-14071200	14700	0.375973	1.08417e-11	497086	5.43596e-10	1.43561e+06	1
deletion	chr10:14109301-14140200	30900	0.496345	5.15769e-12	0.0916581	5.47672e-12	0.374611	1
deletion	chr10:14143501-14147400	3900	0.193774	0.000385911	2.80775e-08	11.305	1.99057	1
deletion	chr10:14157601-14169900	12300	0.293087	1.29571e-11	20143.2	1.8214e-10	114382	1
deletion	chr10:14187001-14227800	40800	0.57888	3.90619e-12	2.871e+09	4.08647e-12	2.871e+09	1
deletion	chr10:14237101-14253900	16800	0.245104	9.48646e-12	8.3727e-16	1.06248e-11	3.5615e-13	1
deletion	chr10:14267401-14271000	3600	0.427968	0.0126688	0.559393	292.635	40075.1	1
deletion	chr10:14278501-14289000	10500	0.360236	1.86982e-07	271787	0.000141259	1.33053e+06	1
deletion	chr10:14331601-14339700	8100	0.585849	6.92566e-06	10.0256	0.0011763	759.322	1
deletion	chr10:14369101-14389800	20700	0.429754	7.69916e-12	0.0112203	8.43241e-12	0.110156	1
deletion	chr10:14767801-14776500	8700	0.326788	5.42532e-06	1.51577e+09	0.00113164	1.72992e+09	1
deletion	chr10:14872201-14874000	1800	0.00940277	0.000738799	1.13966e-09	1	1	1
deletion	chr10:14876101-14895000	18900	0.361613	8.43241e-12	2.39642	9.32003e-12	17.5461	1
deletion	chr10:15006901-15015600	8700	0.358794	3.97515e-09	0.381739	1.25404e-05	42.1825	1
deletion	chr10:15142201-15175800	33600	0.513585	4.74323e-12	2.54883e+09	5.01171e-12	2.56513e+09	1
deletion	chr10:15195301-15239700	44400	0.447419	3.58947e-12	2.871e+09	3.74114e-12	2.871e+09	1
deletion	chr10:15253801-15323400	69600	0.291385	2.28983e-12	2.87095e+09	2.35063e-12	2.87095e+09	1
deletion	chr10:15385501-15391200	5700	0.1692	2.03354e-07	1.08902e-05	0.000392589	0.389973	1
duplication	chr10:15415501-15419700	4200	2.61568	0.0172454	1.89203e-23	43.5932	1.17174e-09	1
deletion	chr10:15904501-15910500	6000	0.315012	0.000215673	52.5582	0.250907	11011.8	1
deletion	chr10:15970201-15983400	13200	0.476754	2.29279e-05	9.67032e+08	0.00142727	1.12172e+09	1
deletion	chr10:16159801-16168200	8400	0.099018	1.89729e-11	8.74795e-10	2.41474e-11	6.87995e-44	1
deletion	chr10:16336501-16371300	34800	0.0477975	4.57967e-12	8.8536e-120	4.82947e-12	3.92859e-113	1
deletion	chr10:16377301-16440900	63600	0.269773	2.50586e-12	2.10248e+09	2.57884e-12	2.1211e+09	1
deletion	chr10:16568101-16570500	2400	0.112812	0.331796	0.00018361	5503.77	723.68	1
deletion	chr10:16571401-16575300	3900	0.0870013	1.54877e-08	6.24037e-21	0.0180909	5.22148e-09	1
deletion	chr10:16639801-16652400	12600	0.553714	1.98808e-05	3.66065e+07	0.00115854	6.8265e+07	1
deletion	chr10:16744201-16749600	5400	0.436157	0.0429924	2.04417e+06	32.6078	2.28923e+07	1
deletion	chr10:16819801-16821300	1500	0.0741446	10.8312	0.00558664	1	1	1
deletion	chr10:16887001-16890900	3900	0.11406	9.92409e-06	1.55359e-13	0.987689	0.0029395	1
deletion	chr10:16969501-16975800	6300	0.533709	6.32304e-06	1.50981	0.000199367	0.329607	1
deletion	chr10:17053201-17063100	9900	0.619784	0.00898464	4.14598e+08	0.950675	5.89424e+08	1
deletion	chr10:17135701-17146800	11100	0.531678	1.49896e-08	3008.98	4.45438e-07	28059.9	1
deletion	chr10:17322901-17331000	8100	0.123318	1.96756e-11	1.58603e-13	2.52972e-11	1.53485e-18	1
deletion	chr10:17333101-17360700	27600	0.496195	0.0928448	2.871e+09	0.369517	2.871e+09	1
deletion	chr10:17367301-17371200	3900	0.182132	6.04104e-07	4.50858e-14	0.0246703	2.23933e-06	1
deletion	chr10:17623801-17640600	16800	0.55954	2.08702e-10	5.94287e+06	4.78436e-08	1.15232e+07	1
deletion	chr10:17819401-17831100	11700	0.150078	1.36216e-11	2.59795e-32	1.60982e-11	5.35798e-26	1
duplication	chr10:18919501-18932400	12900	3.879	0.0331069	3.79591e+07	0.215217	6.94165e+07	1
duplication	chr10:19168201-19189800	21600	1.34391	4.1378e-05	9.86143e+07	0.00203877	1.30601e+08	1
deletion	chr10:19242001-19243800	1800	0.126864	2.16853	0.00641749	1	1	1
deletion	chr10:19286701-19298400	11700	0.119548	1.36216e-11	3.82804e+06	1.60982e-11	1.05997e+07	1
deletion	chr10:19308301-19341000	32700	0.379141	4.87378e-12	1.44885e+07	5.15769e-12	1.93849e+07	1
deletion	chr10:19403401-19413300	9900	0.082993	1.60982e-11	5.6511e-25	1.96756e-11	7.59413e-19	1
deletion	chr10:19480501-19501800	21300	0.529831	7.48228e-12	4.51065e+06	8.17295e-12	7.78359e+06	1
deletion	chr10:19655101-19661700	6600	0.380393	9.82797e-09	1.49519e-06	1.12653e-06	4.3847e-07	1
deletion	chr10:19794601-19801200	6600	0.030181	2.41474e-11	1.07468e-38	3.32026e-11	6.47057e-43	1
deletion	chr10:19806001-19810200	4200	0.110296	5.56665e-08	2.96737e-18	0.00615792	1.05768e-09	1
deletion	chr10:19832401-19837500	5100	0.240063	4.76704e-05	0.290841	1.10186	979.678	1
deletion	chr10:19842301-19856100	13800	0.411348	1.15487e-11	332.962	4.44915e-09	2673.27	1
deletion	chr10:20290201-20325000	34800	0.548591	4.57967e-12	2.87098e+09	4.82947e-12	2.87098e+09	1
duplication	chr10:20361901-20367900	6000	2.58173	2.26465e-05	1.67291e-30	0.060227	9.85917e-19	1
deletion	chr10:20442001-20451600	9600	0.201601	3.32026e-11	6.43705	4.20907e-08	269.426	1
duplication	chr10:20451601-20484900	33300	40.7622	0	0	0	0	1
deletion	chr10:20484901-20488200	3300	0.136884	0.00427471	4.74731e-07	1.48246	5.53385e-05	1
deletion	chr10:20498701-20514600	15900	0.556369	0.000157573	2.83867e+09	0.00986939	2.84231e+09	1
deletion	chr10:20521801-20537700	15900	0.41718	1.00234e-11	5.15589e+07	1.1303e-11	8.12705e+07	1
deletion	chr10:20922901-20924700	1800	0.0568768	0.0422936	2.68214e-07	1	1	1
deletion	chr10:21063001-21073500	10500	0.0374772	1.51783e-11	1.69451e-42	1.83187e-11	1.48922e-79	1
deletion	chr10:21206101-21222900	16800	0.318435	9.48646e-12	1.89635e+08	1.06248e-11	2.53723e+08	1
deletion	chr10:21917101-21921900	4800	0.238257	1.06248e-09	6.07997e-19	0.000445198	1.45111e-08	1
deletion	chr10:21933901-21942000	8100	0.293195	3.93512e-11	7.4936e-07	2.12547e-07	0.00217598	1
duplication	chr10:22444801-22449300	4500	24.4944	0.0297435	0	11.4645	0	1
deletion	chr10:22513201-22516800	3600	0.0633615	4.0389e-06	1.7265e-10	0.000602883	8.06372e-10	1
duplication	chr10:22674901-22680300	5400	2.8499	0.0320944	164.685	0.380797	2.77749	1
deletion	chr10:22711201-22721400	10200	0.600267	3.01089e-08	0.0390863	2.2629e-07	0.0277082	1
duplication	chr10:22892101-22903200	11100	1.87998	4.04892e-09	2.47638e+08	2.89633e-06	3.68463e+08	1
deletion	chr10:23162401-23168400	6000	0.611268	0.00464998	14927.6	4.34077	574383	1
duplication	chr10:23168401-23178300	9900	1.49626	0.00669614	9.15396e+06	0.0360001	6225.22	1
