deletion	chr05:231601-247800	16200	0.407288	9.83781e-12	2.66838e-08	1.10675e-11	2.61913e-09	1
deletion	chr05:348301-350100	1800	0.0908126	12.0404	0.0187718	1	1	1
duplication	chr05:405001-408900	3900	31.8034	0.0169421	0	0.00545604	0	1
deletion	chr05:610501-630600	20100	0.743153	1.8954e-06	1.27835e+09	2.35821e-05	1.37441e+09	1
duplication	chr05:973201-977700	4500	4.44174	0.0118874	3.69295e-91	0.182637	0	1
deletion	chr05:1089301-1103100	13800	0.50542	3.10661e-09	2.54503e+09	1.40076e-06	2.58536e+09	1
duplication	chr05:1346401-1359000	12600	2.09383	0	2.66604e-23	0	1.00436e-18	1
deletion	chr05:1524301-1531500	7200	0.529134	0.00275327	1654.69	0.153923	60054.5	1
deletion	chr05:1619101-1630500	11400	0.44111	9.26877e-09	3.7315e+07	3.48428e-06	7.40793e+07	1
deletion	chr05:1683901-1690800	6900	0.548763	0.00933664	1.95807e+06	1.75876	1.31158e+07	1
deletion	chr05:1705801-1723800	18000	0.560179	7.04781e-08	2.85213e+09	3.00136e-06	2.85401e+09	1
deletion	chr05:1756501-1760400	3900	0.302115	0.0329654	0.468776	506.678	15419.6	1
deletion	chr05:1797901-1802400	4500	0.395197	0.000417888	1.4853e-07	6.04769	0.485627	1
deletion	chr05:1808401-1828500	20100	0.359409	7.92898e-12	2.86213e+09	8.70888e-12	2.86292e+09	1
deletion	chr05:1833301-1860000	26700	0.488927	5.96901e-12	1.10521e+08	6.4005e-12	1.37661e+08	1
deletion	chr05:1941601-1962300	20700	0.686925	7.35097e-05	2.87011e+09	0.0011821	2.87019e+09	1
deletion	chr05:2004901-2023200	18300	0.611063	2.92166e-06	49620.8	1.75318e-05	145913	1
deletion	chr05:2064601-2067600	3000	0.303299	0.00946659	6.91325e-06	500.582	13.7669	1
deletion	chr05:2116501-2128500	12000	0.468014	1.08146e-05	139349	0.000756535	618290	1
deletion	chr05:2199901-2202900	3000	0.24097	0.0113086	4.29261e-08	2612.34	534.452	1
deletion	chr05:2232601-2239200	6600	0.36087	2.41474e-11	5.00373e-16	9.76489e-08	2.82929e-09	1
deletion	chr05:2452801-2460300	7500	0.523376	5.46329e-08	4.08076e-06	3.28324e-05	0.0149311	1
deletion	chr05:2740801-2746200	5400	0.325476	8.04321e-05	0.029838	0.036431	136.728	1
deletion	chr05:2748901-2753100	4200	0.018943	3.79458e-11	2.58208e-36	1.36164e-06	3.2256e-18	1
deletion	chr05:3223501-3229800	6300	0.102845	4.5535e-10	4.98357e-08	7.08322e-11	1.54819e-25	1
deletion	chr05:3270601-3277200	6600	0.025034	2.41474e-11	5.12595e-27	3.32026e-11	8.49562e-52	1
deletion	chr05:3281401-3288300	6900	0.367259	3.92657e-09	3.36264e-11	1.62082e-05	5.32309e-06	1
deletion	chr05:3368401-3426600	58200	0.148842	2.73836e-12	2.66464e+08	2.82575e-12	2.86793e+08	1
deletion	chr05:3745201-3749100	3900	0.403322	0.0149441	34.2479	2.66262	0.0697098	1
deletion	chr05:3860401-3867300	6900	0.404178	2.47143e-08	3.60521e-10	4.24485e-05	3.07364e-05	1
deletion	chr05:3888901-3905700	16800	0.653509	0.000258771	1.27112e+08	0.00896677	1.77518e+08	1
deletion	chr05:3921901-3936000	14100	0.574672	7.73889e-05	2.86912e+09	0.00447243	2.86936e+09	1
deletion	chr05:4152001-4161300	9300	0.605332	3.30616e-05	1716.17	0.000592762	1260.7	1
deletion	chr05:4422901-4424100	1200	0.0475768	212.159	0.0237736	1	1	1
deletion	chr05:4436401-4473300	36900	0.277707	4.31904e-12	2.86761e+09	4.54053e-12	2.86778e+09	1
deletion	chr05:4487401-4498500	11100	0.147276	1.43579e-11	2.47637e-35	1.71368e-11	3.4623e-28	1
deletion	chr05:4516801-4519200	2400	0.179119	0.00948276	4.00856e-09	10595.4	44582	1
duplication	chr05:5036101-5055300	19200	2.79723	1.66013e-11	5.60932	5.86198e-10	36.7613	1
duplication	chr05:5190001-5209500	19500	1.31071	0.0254581	7.45119e+07	0.170787	1.04378e+08	1
deletion	chr05:5209501-5222100	12600	0.748306	0.000150507	51644.2	0.00111086	245969	1
deletion	chr05:5524201-5530200	6000	0.0782931	2.65621e-11	2.63962e-10	3.79458e-11	1.95097e-32	1
deletion	chr05:5622001-5646000	24000	0.0866055	6.64052e-12	1.32873e-67	7.17894e-12	7.05555e-62	1
deletion	chr05:5673001-5757000	84000	0.410674	1.89729e-12	2.86833e+09	1.93884e-12	2.86839e+09	1
deletion	chr05:6006001-6018900	12900	0.333129	1.23545e-11	0.000949457	7.03536e-10	0.0523538	1
deletion	chr05:6029101-6040500	11400	0.338478	1.0541e-08	8.03218e+08	1.19665e-05	9.82157e+08	1
deletion	chr05:6175201-6191100	15900	0.353759	1.00234e-11	2.09064e+09	4.52121e-11	2.16708e+09	1
deletion	chr05:6194401-6211200	16800	0.376304	9.48646e-12	28367.1	1.06248e-11	97518.9	1
duplication	chr05:6419101-6423300	4200	1.98314	0.00568754	0.0141947	1.18919	1.72992e-12	1
deletion	chr05:6833701-6843000	9300	0.610016	0.00114101	3.18235e+06	0.0697087	1.18779e+07	1
deletion	chr05:6853201-6858300	5100	0.114967	3.74994e-10	1.23141e-16	0.000226525	1.10582e-07	1
deletion	chr05:6872101-6878700	6600	0.34757	6.61613e-07	0.00492756	0.0003593	3.68116e-05	1
deletion	chr05:6885301-6931200	45900	0.311167	3.47217e-12	2.871e+09	3.61389e-12	2.871e+09	1
deletion	chr05:7260001-7266600	6600	0.43447	2.41474e-11	2.44208e-15	2.01208e-08	8.96148e-09	1
deletion	chr05:7360801-7362300	1500	0.0948215	65.6323	0.00407675	1	1	1
deletion	chr05:7485901-7491900	6000	0.29803	3.53276e-09	4.8068e-08	2.42273e-06	2.03147e-13	1
deletion	chr05:7566001-7612500	46500	0.22238	3.42737e-12	3.59775e+08	3.56538e-12	3.89894e+08	1
deletion	chr05:7619701-7622700	3000	0.22924	0.249606	0.0486412	433.553	1.12715	1
duplication	chr05:7686001-7691100	5100	2.23251	5.46651e-05	1.088e-26	0.0262804	3.45384e-14	1
deletion	chr05:7787101-7798500	11400	0.541791	0.000164206	2.86786e+09	0.0252576	2.86836e+09	1
duplication	chr05:8040301-8045700	5400	2.16843	2.23458e-05	7.76028e-10	0.0908218	0.00120023	1
deletion	chr05:8053501-8074500	21000	0.683991	1.19279e-07	42681.1	9.56336e-06	110674	1
deletion	chr05:8257801-8259300	1500	0.145189	97.1097	0.0200078	1	1	1
deletion	chr05:8618401-8620200	1800	0.171136	4.0565	0.000229194	1	1	1
deletion	chr05:8620801-8658900	38100	0.195995	4.18301e-12	1.87576e-15	4.39043e-12	2.60477e-14	1
deletion	chr05:8665801-8667300	1500	0.139411	61.7204	0.0026952	1	1	1
deletion	chr05:8704201-8732100	27900	0.487225	5.71228e-12	2.42584e+09	6.10623e-12	2.45235e+09	1
deletion	chr05:8782501-8786100	3600	0.246673	0.00617579	0.00347388	5.35981	0.000317078	1
duplication	chr05:8817301-8836200	18900	9.99917	1.88886e-09	2.1073e+09	9.20633e-08	2.17029e+09	1
duplication	chr05:8992201-9030600	38400	1.45381	3.32026e-11	29100.4	8.27344e-10	49888.3	1
duplication	chr05:9598801-9611700	12900	4.16865	1.99885e-05	3.83583e-18	0.000162995	4.65457e-19	1
duplication	chr05:9613501-9624900	11400	2.31442	0	3.43557e-37	1.99216e-10	6.12133e-30	1
duplication	chr05:9698401-9707100	8700	2.86475	1.8857e-05	8.24583	0.00164059	482.506	1
deletion	chr05:9726901-9736800	9900	0.724083	0.0019488	723.775	0.0592466	11463.5	1
duplication	chr05:9783301-10017000	233700	2.37305	0	7.48543e+08	0	7.56334e+08	1
duplication	chr05:10033501-10045200	11700	2.62583	1.84164e-06	3.49462e+06	0.000216477	9.81307e+06	1
duplication	chr05:10066501-10107300	40800	1.89375	0	1.9309e+08	3.26918e-11	2.1751e+08	1
duplication	chr05:10139401-10153800	14400	6.45776	0.00029976	2219.86	0.00181135	12891.1	1
duplication	chr05:10168201-10224300	56100	2.00323	8.74675e-06	1.91113e+09	5.26967e-05	1.93625e+09	1
duplication	chr05:10287601-10354500	66900	2.45014	0	1863.47	9.79247e-12	2734.06	1
duplication	chr05:10433701-10446600	12900	1.5848	0.0239942	1.13236e+09	0.672793	1.28933e+09	1
duplication	chr05:10454701-10491900	37200	1.99957	0	1.08394e+09	1.80082e-11	1.13625e+09	1
duplication	chr05:10551301-10569000	17700	7.25574	2.716e-07	2.42001e+08	4.73346e-07	3.11214e+08	1
duplication	chr05:10588801-10646400	57600	1.80674	1.10675e-11	2.0967e+09	4.56982e-11	2.11739e+09	1
duplication	chr05:10678801-10699800	21000	4.66113	6.19544e-05	3.27871e+07	0.000452118	4.81048e+07	1
duplication	chr05:10703401-10712700	9300	2.47149	0.0401555	78093.6	0.348875	597372	1
duplication	chr05:11013901-11023500	9600	1.64577	0.000446665	492.85	0.0431257	9145.6	1
duplication	chr05:11103301-11111100	7800	2.65398	0.0158829	342.836	5.18576	13573.4	1
duplication	chr05:11122501-11146500	24000	2.68868	6.10928e-10	8.11041e+07	1.02802e-08	1.05978e+08	1
duplication	chr05:11157901-11172900	15000	2.10992	7.47988e-09	3.21514e+07	1.36116e-06	5.51188e+07	1
duplication	chr05:11214901-11234400	19500	1.84323	0.000721343	76542.6	0.00389433	202363	1
duplication	chr05:11344501-11363100	18600	1.33751	0.00588863	1.95209e+07	0.0744237	3.16419e+07	1
deletion	chr05:11363101-11370000	6900	0.605115	0.000112839	1.68629	9.28652e-05	0.0092754	1
duplication	chr05:11553601-11581800	28200	1.96681	0.00159305	2.38956e+09	0.00463212	2.41772e+09	1
duplication	chr05:11685001-11694600	9600	1.66929	0.000209059	4.33413e-06	0.0193712	0.00260534	1
duplication	chr05:12031801-12045000	13200	2.16371	0.0482694	1.19886e+09	0.514497	1.35047e+09	1
duplication	chr05:12063001-12211200	148200	1.31693	0	1.07786e+09	0	1.09077e+09	1
duplication	chr05:12363301-12370200	6900	2.64955	5.90307e-06	3.67955e-20	0.00868804	1.26736e-12	1
duplication	chr05:12469501-12555600	86100	2.00071	0	2.78253e+08	0	2.92166e+08	1
duplication	chr05:12886801-12891900	5100	23.8016	4.72493e-08	0	0.00115194	0	1
duplication	chr05:12950701-12973500	22800	9.22081	0.014348	2.42236e+09	0.0205446	2.45507e+09	1
duplication	chr05:12974701-12985800	11100	24.0873	0	0	3.42737e-11	0	1
duplication	chr05:13120201-13132200	12000	3.94834	0.000531743	392954	0.00191659	10141.5	1
duplication	chr05:13153501-13166700	13200	2.75708	5.28422e-05	1.25071e+08	5.38446e-05	1.91748e+08	1
duplication	chr05:13171501-13210500	39000	1.62314	1.15137e-05	1.55534e+09	0.000166649	1.59997e+09	1
duplication	chr05:13341601-13355400	13800	2.00006	0.000497896	1.07364e+08	0.0122237	1.6482e+08	1
deletion	chr05:13480801-13498800	18000	0.561456	8.85403e-12	4.63573	9.83781e-12	35.1002	1
deletion	chr05:13644601-13655700	11100	0.609768	0.000168707	4.37991e+06	0.0157601	1.25374e+07	1
deletion	chr05:14117101-14120100	3000	0.29247	0.165576	0.00353822	2261.17	1244.51	1
deletion	chr05:14122201-14128800	6600	0.391177	8.7184e-06	0.00075555	0.012802	2.03756	1
duplication	chr05:14280901-14292900	12000	21.4667	0	0	6.2499e-10	0	1
deletion	chr05:14476201-14488200	12000	0.675132	0.000191842	4.81038e+08	0.0191553	6.28865e+08	1
deletion	chr05:14543101-14564700	21600	0.463614	1.77081e-09	2.871e+09	1.18064e-07	2.871e+09	1
deletion	chr05:14570401-14577000	6600	0.194236	3.57622e-08	0.000312003	3.5726e-08	1.28019e-13	1
deletion	chr05:14610301-14612100	1800	0.164828	1.38336	2.00508e-05	1	1	1
deletion	chr05:14759401-14775900	16500	0.144631	9.65894e-12	0.0018511	1.08417e-11	0.0395653	1
deletion	chr05:14859601-14865900	6300	0.472873	0.00858412	268.147	0.596422	27343.1	1
deletion	chr05:15015901-15020700	4800	0.239075	0.0124358	1073.76	0.0513155	5.08979e-06	1
deletion	chr05:15193801-15222000	28200	0.156885	5.65151e-12	0.00183825	6.03684e-12	0.0110337	1
deletion	chr05:15329701-15347100	17400	0.638988	9.15934e-12	6.67611e+07	1.02162e-11	9.85161e+07	1
deletion	chr05:15410101-15439800	29700	0.487225	5.36608e-12	2.87082e+09	5.71228e-12	2.87083e+09	1
deletion	chr05:15472801-15480000	7200	0.402695	9.82244e-07	0.0619247	6.97591e-05	28.7347	1
deletion	chr05:15508501-15512400	3900	0.312529	0.0179351	24.1315	122.387	128740	1
deletion	chr05:15526201-15530700	4500	0.107634	5.80421e-05	0.362197	2.68847e-05	9.87839e-16	1
deletion	chr05:15612301-15640500	28200	0.485141	5.65151e-12	1.56302e-06	6.03684e-12	1.47322e-05	1
deletion	chr05:15785101-15787200	2100	0.0905421	0.436109	2.44377e-06	1	1	1
deletion	chr05:15853801-15857100	3300	0.244992	0.0032079	3.79152e-07	341.244	173.863	1
deletion	chr05:16004401-16011000	6600	0.0920055	2.41474e-11	7.30672e-20	2.5898e-09	8.08619e-19	1
deletion	chr05:16029901-16041900	12000	0.494578	1.3281e-11	8.68068e-06	1.48435e-09	0.0013076	1
deletion	chr05:16164301-16167900	3600	0.134928	0.000259245	1.87398e-11	22.4425	0.231952	1
duplication	chr05:16387201-16391100	3900	2.41647	0.031301	7.75867e-09	104.9	1.36551e-05	1
duplication	chr05:16393201-16399800	6600	2.34691	0.00396113	0.00418643	0.060538	8.03191e-34	1
deletion	chr05:16403401-16419900	16500	0.140722	9.65894e-12	6.06161e-16	1.08417e-11	2.98164e-13	1
duplication	chr05:16419901-16425300	5400	3.84358	0.0015572	1.1168e-33	0.0957622	6.99274e-50	1
deletion	chr05:16433101-16441800	8700	0.633011	0.0333303	2420.08	0.884422	43708.1	1
deletion	chr05:16936201-16949700	13500	0.396356	1.18054e-11	1.03544e+07	2.99675e-10	2.19204e+07	1
deletion	chr05:17186401-17192700	6300	0.585014	0.0324436	63606.1	12.0364	1.35946e+06	1
deletion	chr05:17228401-17237100	8700	0.345402	5.58482e-07	5207.96	3.54706e-05	80266.9	1
deletion	chr05:17285701-17286900	1200	0.0702316	51.2766	0.00099084	1	1	1
deletion	chr05:17557501-17561700	4200	0.363261	0.0120413	811.9	34.993	520015	1
deletion	chr05:17724001-17774100	50100	0.328264	3.18109e-12	2.88871e+08	3.29964e-12	3.13715e+08	1
deletion	chr05:17785801-17801100	15300	0.214585	1.04165e-11	2.12774e+08	1.18054e-11	2.88983e+08	1
deletion	chr05:18207001-18229500	22500	0.423535	7.08322e-12	1.55556e-18	7.69916e-12	5.65323e-17	1
deletion	chr05:18298201-18302100	3900	0.348709	0.00125115	2.69214e-08	12.1675	1.02689	1
deletion	chr05:18369301-18404400	35100	0.374179	4.54053e-12	2.80494e+09	4.78596e-12	2.80829e+09	1
deletion	chr05:18823201-18829200	6000	0.3393	4.42259e-08	0.177642	1.80432e-07	4.90714e-14	1
deletion	chr05:18972001-18975900	3900	0.0960426	3.1338e-05	2.62459e-12	0.00731045	1.30245e-11	1
deletion	chr05:18989701-19006800	17100	0.729928	0.000948157	1.40815e+07	0.030399	2.46458e+07	1
deletion	chr05:19427401-19437300	9900	0.440103	0.000110017	1.28042e+07	0.00960949	3.4257e+07	1
deletion	chr05:19449901-19461900	12000	0.306737	1.3281e-11	0.000596992	1.56248e-11	0.0476736	1
deletion	chr05:19478401-19480200	1800	0.0921182	1.59713	2.82779e-05	1	1	1
deletion	chr05:19571701-19576500	4800	0.481161	0.0296733	4.61524	4.26851	140.027	1
deletion	chr05:19665601-19678500	12900	0.285041	1.23545e-11	1.99251e-11	1.43579e-11	6.70473e-14	1
deletion	chr05:19860601-19868700	8100	0.402967	2.09545e-07	0.0028747	0.000312799	1.33394	1
deletion	chr05:19909501-19924800	15300	0.602154	9.22402e-07	1.59493e+09	5.32686e-05	1.70913e+09	1
deletion	chr05:20214001-20220000	6000	0.396868	1.03537e-05	9.06851	0.0204082	3218.73	1
deletion	chr05:20349901-20357700	7800	0.524038	1.0842e-06	6.11618	0.0022406	613.208	1
deletion	chr05:20874601-20877000	2400	0.0425749	0.00937141	1.2713e-09	10587	108.26	1
deletion	chr05:21019201-21031800	12600	0.528494	5.64877e-05	2.86763e+09	0.010379	2.86811e+09	1
deletion	chr05:21218401-21222300	3900	0.305774	0.000119358	6.82794e-07	14.0746	11.0981	1
deletion	chr05:21280201-21293100	12900	0.502998	4.08933e-09	5.82599e+07	9.30161e-07	1.00359e+08	1
deletion	chr05:21551101-21552000	900	0	72.6594	0.00935785	1	1	1
deletion	chr05:21573601-21579300	5700	0.396473	2.25059e-06	6.36812e-05	0.0123447	1.30559	1
deletion	chr05:21659401-21666900	7500	0.323058	1.06248e-10	2.41678e-08	8.94723e-09	2.15875e-09	1
deletion	chr05:21974101-21985500	11400	0.52143	1.398e-11	3.94474e-06	1.49412e-10	0.000876298	1
duplication	chr05:22033501-22038600	5100	2.23406	8.48331e-06	5.48352e-25	0.118755	4.36389e-13	1
duplication	chr05:22192201-22198200	6000	2.15166	2.82514e-07	1.97117e-27	0.000174762	2.26572e-27	1
deletion	chr05:23167501-23170500	3000	0.0454936	0.000686809	4.38432e-09	0.526832	1.38747e-06	1
deletion	chr05:23564701-23582400	17700	0.103641	9.0041e-12	1.04959e-08	1.00234e-11	6.22693e-07	1
deletion	chr05:23889001-23899800	10800	0.603727	0.00378594	4.52584e+06	0.508931	1.32665e+07	1
deletion	chr05:24188101-24197400	9300	0.121316	1.71368e-11	2.65018e-23	2.12497e-11	4.57807e-32	1
deletion	chr05:24203701-24221400	17700	0.449987	9.0041e-12	1.67996e-08	1.00234e-11	9.50123e-07	1
deletion	chr05:24434701-24440400	5700	0.329858	1.81321e-07	1.67589e-05	0.000795202	0.523753	1
deletion	chr05:24534601-24537300	2700	0.244683	0.24543	0.000349299	1360.17	1.12909	1
deletion	chr05:24742501-24758700	16200	0.549737	9.83781e-12	46.6112	1.88148e-10	341.976	1
deletion	chr05:24807301-24813000	5700	0.384358	0.0119051	4.31947e+08	16.5982	7.85597e+08	1
deletion	chr05:24915301-24921000	5700	0.498274	0.00234625	0.436181	0.091374	47.1569	1
deletion	chr05:24929701-24953400	23700	0.475863	6.72458e-12	2.49178e+07	7.27728e-12	3.5734e+07	1
deletion	chr05:24979501-24986400	6900	0.420328	2.31737e-07	1.58728	0.000376823	412.689	1
deletion	chr05:25033201-25037100	3900	0.311806	0.0230979	11.8698	3.01886	0.00996021	1
deletion	chr05:25066501-25068300	1800	0.121847	16.3429	0.0187718	1	1	1
deletion	chr05:25878901-25892400	13500	0.614249	1.5465e-09	1609.3	6.98106e-08	10968.7	1
duplication	chr05:25952701-25956300	3600	2.02779	4.11452e-05	3.36083e-24	17.7042	9.8229e-08	1
deletion	chr05:26085901-26091900	6000	0.37155	1.62322e-05	0.453446	0.0281224	395.347	1
deletion	chr05:26182801-26186700	3900	0.341524	0.00235027	4.36012e-05	19.0932	5.03003	1
deletion	chr05:26218201-26223600	5400	0	2.95134e-11	3.44263e-60	4.42701e-11	3.24044e-37	1
deletion	chr05:26522101-26532900	10800	0.551977	0.000102855	8.13944e+07	0.00742705	1.47401e+08	1
deletion	chr05:26640901-26649600	8700	0.514269	0.00570624	2.7903e+09	1.37002	2.80681e+09	1
deletion	chr05:27117001-27119100	2100	0.158235	1.11814	3.75262e-07	1	1	1
deletion	chr05:27125101-27180000	54900	0.108547	2.90296e-12	2.77744e+09	3.00137e-12	2.78046e+09	1
deletion	chr05:27183301-27198300	15000	0.288906	1.06248e-11	4995	1.20737e-11	24528.7	1
deletion	chr05:27339301-27341400	2100	0.189015	3.56851	0.000949182	1	1	1
deletion	chr05:27537601-27539400	1800	0.0252269	0.00615442	3.64649e-11	1	1	1
deletion	chr05:27921001-27927300	6300	0.109676	2.02378e-10	4.34235e-08	4.80184e-05	0.00277669	1
duplication	chr05:28392601-28399800	7200	2.2183	0	1.19255e-10	6.25685e-09	3.10276e-51	1
deletion	chr05:28404601-28411500	6900	0.345101	1.38585e-10	7.40183e-13	5.09367e-09	2.46115e-13	1
deletion	chr05:28416901-28437000	20100	0.455455	7.92898e-12	2.87099e+09	8.70888e-12	2.87099e+09	1
duplication	chr05:28605601-28609200	3600	2.10717	0.0223151	2.75513e-20	62.4772	3.31014e-08	1
deletion	chr05:28689301-28696200	6900	0.483396	0.00438309	3.64168	0.858231	762.409	1
deletion	chr05:28968001-28981500	13500	0.490702	7.08322e-11	2.0172e+07	2.65757e-08	3.90709e+07	1
deletion	chr05:29274901-29281500	6600	0.374846	4.82947e-11	1.30926e-13	6.68103e-07	1.62192e-07	1
deletion	chr05:29348701-29355300	6600	0.475209	4.03261e-09	4.52895e-14	2.4133e-05	7.49436e-08	1
deletion	chr05:29391001-29415600	24600	0.744346	3.40971e-05	2.83368e+09	0.000305194	2.8364e+09	1
deletion	chr05:29427301-29432400	5100	0.164337	0.00014075	0.605432	0.0481329	0.0178085	1
deletion	chr05:29455201-29456100	900	0	72.6594	0.00935785	1	1	1
duplication	chr05:29658001-29662800	4800	1.99261	0.000194584	1.3107e-14	0.0408135	2.64522e-17	1
duplication	chr05:29786701-29792700	6000	2.07434	9.68754e-05	16.6946	0.132144	4934.16	1
duplication	chr05:29794201-29860500	66300	7.41882	0	249964	0	322186	1
duplication	chr05:29882401-29892600	10200	10.5249	0.0116106	2.84177e+09	0.0106585	2.84691e+09	1
duplication	chr05:29920201-29957400	37200	9.57135	0	2.81869e+09	0	2.8212e+09	1
