##fileformat=VCFv4.1
##fileDate=2014-02-20 20:33:30
##source=SoftSearch.pl
##reference=/public06/yaowen/wild_rice/reference_seq/rice_all_genomes_v7.fasta
##Usage= SoftSearch.pl -l 5 -q 20 -r 5 -d 300 -m 4 -u 0 -s 4 -b ../ZS97.bam -f /public06/yaowen/wild_rice/reference_seq/rice_all_genomes_v7.fasta -o zs97.ncgr.softsearch
##INFO=<ID=SVTYPE,Number=1,Type=String,Description="Type of structural variant">
##INFO=<ID=EVENT,Number=1,Type=String,Description="ID of event associated to breakend">
##FORMAT=<ID=lSC,Number=1,Type=Integer,Description="Length of the longest soft clips supporting the BND">
##FORMAT=<ID=nSC,Number=1,Type=Integer,Description="Number of supporting soft-clips">
##FORMAT=<ID=uRP,Number=1,Type=Integer,Description="Number of unmated read pairs nearby Soft-Clips">
##FORMAT=<ID=levD_local,Number=1,Type=Float,Description="Levenstein distance between soft-clipped bases and the area around the original soft-clipped site">
##FORMAT=<ID=levD_distl,Number=1,Type=Float,Description="Levenstein distance between the soft-clipped bases and mate location">
##FORMAT=<ID=CTX,Number=1,Type=Integer,Description="Number of chromosomal translocations">
##FORMAT=<ID=DEL,Number=1,Type=Integer,Description="Number of reads supporting Large Deletions">
##FORMAT=<ID=INS,Number=1,Type=Integer,Description="Number of reads supporting Large insertions">
##FORMAT=<ID=NOV_INS,Number=1,Type=Integer,Description="Number of reads supporting novel sequence insertion">
##FORMAT=<ID=INV,Number=1,Type=Integer,Description="Number of reads supporting inversions">
##FORMAT=<ID=sDEL,Number=1,Type=Integer,Description="Number of reads supporting novel sequence insertion">
##INFO=<ID=NO_MATE_SC,Number=1,Type=Flag,Description="When there is no softclipping of the mate read location, an appromiate position is used">
##FORMAT=<ID=GT,Number=1,Type=String,Description="Dummy value for maintaining VCF-Spec">
#CHROM	POS	ID	REF	ALT	QUAL	FILTER	INFO	FORMAT	261164zs97_Round15_Lane6.vcf
chr05	128048	BND_rfrodtxa	T	]chr05:127719]T	3.22	PASS	SVTYPE=BND;EVENT=NOV_INS;ISIZE=329;MATE_ID=BND_qzohjyfp	GT:CTX:DEL:INS:INV:NOV_INS:TDUP:lSC:nSC:uRP:distl_levD	0/1:2:0:0:0:10:6:16:6:19:0.31
chr05	163360	BND_lvmgkyng	G	]chr05:163372]G	3.44	PASS	SVTYPE=BND;EVENT=NOV_INS;ISIZE=12;MATE_ID=BND_cussbnkb	GT:CTX:DEL:INS:INV:NOV_INS:TDUP:lSC:nSC:uRP:distl_levD	0/1:0:0:0:0:6:0:14:5:6:0.29
chr05	180680	BND_swjdtqzj	A	]chr05:180690]A	2.49	PASS	SVTYPE=BND;EVENT=NOV_INS;ISIZE=10;MATE_ID=BND_knjfjusr	GT:CTX:DEL:INS:INV:NOV_INS:TDUP:lSC:nSC:uRP:distl_levD	0/1:0:0:0:0:4:0:20:5:4:0.40
chr05	215738	BND_ykfffdvr	G	]chr05:215745]G	3.69	PASS	SVTYPE=BND;EVENT=NOV_INS;ISIZE=7;MATE_ID=BND_tfolgbwh	GT:CTX:DEL:INS:INV:NOV_INS:TDUP:lSC:nSC:uRP:distl_levD	0/1:0:0:0:0:12:0:15:5:12:0.27
chr05	215745	BND_ageowgbu	T	]chr05:215738]T	2.70	PASS	SVTYPE=BND;EVENT=NOV_INS;ISIZE=7;MATE_ID=BND_lhicsvqt	GT:CTX:DEL:INS:INV:NOV_INS:TDUP:lSC:nSC:uRP:distl_levD	0/1:0:0:0:0:4:0:19:7:5:0.37
chr05	367937	BND_ulaeffie	A	]chr05:366291]A	2.85	PASS	SVTYPE=BND;EVENT=DEL;ISIZE=1646;MATE_ID=BND_klptvhmp	GT:CTX:DEL:INS:INV:NOV_INS:TDUP:lSC:nSC:uRP:distl_levD	0/1:0:18:0:0:4:0:17:5:4:0.35
chr05	776757	BND_medvlryp	C	]chr05:776750]C	3.02	PASS	SVTYPE=BND;EVENT=NOV_INS;ISIZE=7;MATE_ID=BND_ejtudkvt	GT:CTX:DEL:INS:INV:NOV_INS:TDUP:lSC:nSC:uRP:distl_levD	0/1:0:0:0:0:6:0:9:5:9:0.33
chr05	859661	BND_ovhmqdsq	C	]chr05:859701]C	9.01	PASS	SVTYPE=BND;EVENT=NOV_INS;ISIZE=40;MATE_ID=BND_olthxzix	GT:CTX:DEL:INS:INV:NOV_INS:TDUP:lSC:nSC:uRP:distl_levD	0/1:0:0:0:0:8:0:9:6:8:0.11
chr05	940319	BND_gylmpwqx	C	]chr05:940258]C	7.09	PASS	SVTYPE=BND;EVENT=NOV_INS;ISIZE=61;MATE_ID=BND_kjoqitxo	GT:CTX:DEL:INS:INV:NOV_INS:TDUP:lSC:nSC:uRP:distl_levD	0/1:0:0:4:0:9:0:7:6:16:0.14
chr05	1087253	BND_cgbyfczv	T	]chr05:1087259]T	2.85	PASS	SVTYPE=BND;EVENT=NOV_INS;ISIZE=6;MATE_ID=BND_ktvxgeja	GT:CTX:DEL:INS:INV:NOV_INS:TDUP:lSC:nSC:uRP:distl_levD	0/1:0:0:0:0:11:0:17:6:11:0.35
chr05	1087259	BND_sdnxaykn	T	]chr05:1087253]T	3.12	PASS	SVTYPE=BND;EVENT=NOV_INS;ISIZE=6;MATE_ID=BND_lkvjhfln	GT:CTX:DEL:INS:INV:NOV_INS:TDUP:lSC:nSC:uRP:distl_levD	0/1:0:0:0:0:5:0:19:6:5:0.32
chr05	1406651	BND_ufjxnxat	A	]chr04:7100246]A	0.00	PASS	SVTYPE=BND;EVENT=CTX;ISIZE=5693595;MATE_ID=BND_bmkcthmu	GT:CTX:DEL:INS:INV:NOV_INS:TDUP:lSC:nSC:uRP:distl_levD	0/1:13:1:0:0:1:0:0:NA:1:NA
chr05	1465430	BND_dubfjvdo	T	]chr05:1465426]T	2.85	PASS	SVTYPE=BND;EVENT=INS;ISIZE=4;MATE_ID=BND_tlfdeqbe	GT:CTX:DEL:INS:INV:NOV_INS:TDUP:lSC:nSC:uRP:distl_levD	0/1:0:0:6:0:3:0:17:6:3:0.35
chr05	1491176	BND_pgtvookl	C	]chr05:1491595]C	3.98	PASS	SVTYPE=BND;EVENT=DEL;ISIZE=419;MATE_ID=BND_ilawcyci	GT:CTX:DEL:INS:INV:NOV_INS:TDUP:lSC:nSC:uRP:distl_levD	0/1:1:30:0:0:0:0:20:6:0:0.25
chr05	1697957	BND_haiitwtw	T	]chr05:1698027]T	2.85	PASS	SVTYPE=BND;EVENT=NOV_INS;ISIZE=70;MATE_ID=BND_hgrbeiuq	GT:CTX:DEL:INS:INV:NOV_INS:TDUP:lSC:nSC:uRP:distl_levD	0/1:1:0:0:0:11:0:20:6:11:0.35
chr05	1714420	BND_ecaysqck	T	]chr05:1714427]T	7.09	PASS	SVTYPE=BND;EVENT=NOV_INS;ISIZE=7;MATE_ID=BND_qthosuay	GT:CTX:DEL:INS:INV:NOV_INS:TDUP:lSC:nSC:uRP:distl_levD	0/1:0:0:0:0:5:0:7:5:5:0.14
chr05	1750594	BND_jyyurkhz	G	]chr05:1750597]G	3.02	PASS	SVTYPE=BND;EVENT=NOV_INS;ISIZE=3;MATE_ID=BND_gbhdtala	GT:CTX:DEL:INS:INV:NOV_INS:TDUP:lSC:nSC:uRP:distl_levD	0/1:1:0:0:0:4:0:18:5:4:0.33
chr05	1802871	BND_acwvfyjd	A	]chr05:1803476]A	3.69	PASS	SVTYPE=BND;EVENT=DEL;ISIZE=605;MATE_ID=BND_fgtdhdft	GT:CTX:DEL:INS:INV:NOV_INS:TDUP:lSC:nSC:uRP:distl_levD	0/1:1:24:0:0:2:0:15:5:2:0.27
chr05	1858118	BND_dersnlwa	T	]chr01:5556166]T	2.85	PASS	SVTYPE=BND;EVENT=CTX;ISIZE=3698048;MATE_ID=BND_hvejdsrh	GT:CTX:DEL:INS:INV:NOV_INS:TDUP:lSC:nSC:uRP:distl_levD	0/1:4:0:0:1:1:0:17:5:1:0.35
chr05	2210301	BND_wgttwawm	C	]chr05:2210290]C	3.98	PASS	SVTYPE=BND;EVENT=NOV_INS;ISIZE=11;MATE_ID=BND_lmfatkvt	GT:CTX:DEL:INS:INV:NOV_INS:TDUP:lSC:nSC:uRP:distl_levD	0/1:0:0:1:0:5:0:12:5:5:0.25
chr05	2344459	BND_hvodxaod	A	]chr05:2344461]A	4.74	PASS	SVTYPE=BND;EVENT=NOV_INS;ISIZE=2;MATE_ID=BND_rmlbrldf	GT:CTX:DEL:INS:INV:NOV_INS:TDUP:lSC:nSC:uRP:distl_levD	0/1:1:0:0:0:10:0:14:6:10:0.21
chr05	2395869	BND_ukissehl	T	]chr05:2395895]T	3.44	PASS	SVTYPE=BND;EVENT=NOV_INS;ISIZE=26;MATE_ID=BND_wnxkmdym	GT:CTX:DEL:INS:INV:NOV_INS:TDUP:lSC:nSC:uRP:distl_levD	0/1:0:0:0:0:4:0:14:6:4:0.29
chr05	2460621	BND_csbrsbck	T	]chr05:2460611]T	3.98	PASS	SVTYPE=BND;EVENT=NOV_INS;ISIZE=10;MATE_ID=BND_vgqnkeuc	GT:CTX:DEL:INS:INV:NOV_INS:TDUP:lSC:nSC:uRP:distl_levD	0/1:0:0:0:0:4:0:12:5:4:0.25
chr05	2522872	BND_qvwvxjgu	C	]chr05:2522878]C	3.69	PASS	SVTYPE=BND;EVENT=NOV_INS;ISIZE=6;MATE_ID=BND_vcbhsukr	GT:CTX:DEL:INS:INV:NOV_INS:TDUP:lSC:nSC:uRP:distl_levD	0/1:1:0:0:0:4:0:15:7:4:0.27
chr05	2522878	BND_ftrzpdtx	T	]chr05:2522872]T	4.98	PASS	SVTYPE=BND;EVENT=NOV_INS;ISIZE=6;MATE_ID=BND_wscaoner	GT:CTX:DEL:INS:INV:NOV_INS:TDUP:lSC:nSC:uRP:distl_levD	0/1:0:0:1:0:4:0:10:5:4:0.20
chr05	2600598	BND_gmxvejee	C	]chr05:2600548]C	3.02	PASS	SVTYPE=BND;EVENT=NOV_INS;ISIZE=50;MATE_ID=BND_lvozywul	GT:CTX:DEL:INS:INV:NOV_INS:TDUP:lSC:nSC:uRP:distl_levD	0/1:0:0:0:0:4:0:18:6:5:0.33
chr05	2739629	BND_suubmhos	A	]chr05:2739623]A	3.69	PASS	SVTYPE=BND;EVENT=NOV_INS;ISIZE=6;MATE_ID=BND_rofeqqsq	GT:CTX:DEL:INS:INV:NOV_INS:TDUP:lSC:nSC:uRP:distl_levD	0/1:0:0:0:0:5:0:15:5:5:0.27
chr05	2901225	BND_mayatejx	G	]chr05:2901209]G	8.26	PASS	SVTYPE=BND;EVENT=NOV_INS;ISIZE=16;MATE_ID=BND_dxvpsqdc	GT:CTX:DEL:INS:INV:NOV_INS:TDUP:lSC:nSC:uRP:distl_levD	0/1:0:0:0:0:4:0:8:5:4:0.12
chr05	2986918	BND_edzxxynr	C	]chr05:2987435]C	2.85	PASS	SVTYPE=BND;EVENT=DEL;ISIZE=517;MATE_ID=BND_zmgkcqlt	GT:CTX:DEL:INS:INV:NOV_INS:TDUP:lSC:nSC:uRP:distl_levD	0/1:0:15:0:0:3:0:17:5:3:0.35
chr05	3051405	BND_gueocjio	T	]chr05:3051074]T	3.98	PASS	SVTYPE=BND;EVENT=NOV_INS;ISIZE=331;MATE_ID=BND_ermmxyod	GT:CTX:DEL:INS:INV:NOV_INS:TDUP:lSC:nSC:uRP:distl_levD	0/1:0:0:0:0:7:0:8:6:8:0.25
chr05	3089003	BND_vrllxqhz	A	]chr05:3089000]A	3.98	PASS	SVTYPE=BND;EVENT=NOV_INS;ISIZE=3;MATE_ID=BND_wadzkalr	GT:CTX:DEL:INS:INV:NOV_INS:TDUP:lSC:nSC:uRP:distl_levD	0/1:0:0:0:0:7:0:8:5:7:0.25
chr05	3089020	BND_pvxeifnr	C	]chr05:3089003]C	0.00	PASS	SVTYPE=BND;EVENT=NOV_INS;ISIZE=17;MATE_ID=BND_heyzcvld	GT:CTX:DEL:INS:INV:NOV_INS:TDUP:lSC:nSC:uRP:distl_levD	0/1:13:0:1:0:14:0:0:NA:14:NA
chr05	3089020	BND_nedugnbt	C	]chr05:3089000]C	0.00	PASS	SVTYPE=BND;EVENT=NOV_INS;ISIZE=20;MATE_ID=BND_pjbxdjlf	GT:CTX:DEL:INS:INV:NOV_INS:TDUP:lSC:nSC:uRP:distl_levD	0/1:0:0:0:0:7:0:0:NA:9:NA
chr05	3097867	BND_syscgjvt	C	]chr05:3097869]C	9.01	PASS	SVTYPE=BND;EVENT=NOV_INS;ISIZE=2;MATE_ID=BND_wbhhzyck	GT:CTX:DEL:INS:INV:NOV_INS:TDUP:lSC:nSC:uRP:distl_levD	0/1:0:0:2:0:5:0:9:5:5:0.11
chr05	3106380	BND_ragvmodb	G	]chr05:3106380]T	4.52	PASS	SVTYPE=BND;EVENT=INV;ISIZE=286;MATE_ID=BND_hbzacanz	GT:CTX:DEL:INS:INV:NOV_INS:TDUP:lSC:nSC:uRP:distl_levD	0/1:0:0:0:4:0:0:9:7:0:0.22
chr05	3313114	BND_yeqnvoua	T	]chr05:3313093]T	3.44	PASS	SVTYPE=BND;EVENT=NOV_INS;ISIZE=21;MATE_ID=BND_puxooifp	GT:CTX:DEL:INS:INV:NOV_INS:TDUP:lSC:nSC:uRP:distl_levD	0/1:4:0:0:0:14:0:17:7:14:0.29
chr05	3350362	BND_lsiotgcu	C	]chr05:3350168]C	4.33	PASS	SVTYPE=BND;EVENT=NOV_INS;ISIZE=194;MATE_ID=BND_joeambpv	GT:CTX:DEL:INS:INV:NOV_INS:TDUP:lSC:nSC:uRP:distl_levD	0/1:0:0:0:0:7:0:13:5:7:0.23
chr05	3550116	BND_xjjibaqg	G	]chr05:3550126]G	3.02	PASS	SVTYPE=BND;EVENT=NOV_INS;ISIZE=10;MATE_ID=BND_ujbxffcd	GT:CTX:DEL:INS:INV:NOV_INS:TDUP:lSC:nSC:uRP:distl_levD	0/1:0:0:0:0:17:0:18:5:17:0.33
chr05	3696770	BND_rahlzsxr	C	]chr05:3696775]C	3.44	PASS	SVTYPE=BND;EVENT=NOV_INS;ISIZE=5;MATE_ID=BND_nemxyhmf	GT:CTX:DEL:INS:INV:NOV_INS:TDUP:lSC:nSC:uRP:distl_levD	0/1:1:0:0:0:8:0:14:5:8:0.29
chr05	3696775	BND_ivoevbfa	A	]chr05:3696770]A	3.32	PASS	SVTYPE=BND;EVENT=NOV_INS;ISIZE=5;MATE_ID=BND_ofxfkugy	GT:CTX:DEL:INS:INV:NOV_INS:TDUP:lSC:nSC:uRP:distl_levD	0/1:0:0:0:0:9:0:20:9:9:0.30
chr05	3739346	BND_ckgbbqbz	G	]chr05:3739353]G	3.69	PASS	SVTYPE=BND;EVENT=NOV_INS;ISIZE=7;MATE_ID=BND_zmjvbycx	GT:CTX:DEL:INS:INV:NOV_INS:TDUP:lSC:nSC:uRP:distl_levD	0/1:0:0:0:0:4:0:15:7:4:0.27
chr05	4106870	BND_iugfskwg	A	]chr05:4106875]A	3.02	PASS	SVTYPE=BND;EVENT=NOV_INS;ISIZE=5;MATE_ID=BND_eudasaif	GT:CTX:DEL:INS:INV:NOV_INS:TDUP:lSC:nSC:uRP:distl_levD	0/1:0:0:0:0:10:0:18:5:10:0.33
chr05	4266254	BND_iziyaehh	A	]chr05:4266251]A	5.52	PASS	SVTYPE=BND;EVENT=NOV_INS;ISIZE=3;MATE_ID=BND_nbmdbant	GT:CTX:DEL:INS:INV:NOV_INS:TDUP:lSC:nSC:uRP:distl_levD	0/1:1:0:0:0:5:0:17:5:5:0.18
chr05	4345096	BND_emoeeawa	C	]chr05:4344898]C	4.98	PASS	SVTYPE=BND;EVENT=NOV_INS;ISIZE=198;MATE_ID=BND_uuysxduz	GT:CTX:DEL:INS:INV:NOV_INS:TDUP:lSC:nSC:uRP:distl_levD	0/1:2:0:0:1:4:0:10:5:4:0.20
chr05	4407042	BND_movdzbvc	T	]chr05:4407044]T	3.32	PASS	SVTYPE=BND;EVENT=NOV_INS;ISIZE=2;MATE_ID=BND_azyiccne	GT:CTX:DEL:INS:INV:NOV_INS:TDUP:lSC:nSC:uRP:distl_levD	0/1:0:0:0:0:15:0:20:5:15:0.30
chr05	5106918	BND_sgqjsgts	A	]chr05:5106809]A	3.98	PASS	SVTYPE=BND;EVENT=NOV_INS;ISIZE=109;MATE_ID=BND_okzkchpx	GT:CTX:DEL:INS:INV:NOV_INS:TDUP:lSC:nSC:uRP:distl_levD	0/1:0:0:0:0:16:0:8:6:17:0.25
chr05	5511674	BND_nmdqfcgc	A	]chr12:13398639]A	0.00	PASS	SVTYPE=BND;EVENT=CTX;ISIZE=7886965;MATE_ID=BND_vjimeqdz	GT:CTX:DEL:INS:INV:NOV_INS:TDUP:lSC:nSC:uRP:distl_levD	0/1:99:0:0:0:8:0:0:NA:8:NA
chr05	5511674	BND_adawpqud	A	]chr05:5511675]A	0.00	PASS	SVTYPE=BND;EVENT=NOV_INS;ISIZE=1;MATE_ID=BND_ijnucxmt	GT:CTX:DEL:INS:INV:NOV_INS:TDUP:lSC:nSC:uRP:distl_levD	0/1:7:0:0:0:24:0:0:NA:27:NA
chr05	5672885	BND_bxkbrwcx	G	]chr05:5672971]G	3.69	PASS	SVTYPE=BND;EVENT=NOV_INS;ISIZE=86;MATE_ID=BND_gqkpwdou	GT:CTX:DEL:INS:INV:NOV_INS:TDUP:lSC:nSC:uRP:distl_levD	0/1:1:0:0:0:6:0:15:5:6:0.27
chr05	5757974	BND_kyhhmmfg	T	]chr05:5757969]T	2.77	PASS	SVTYPE=BND;EVENT=NOV_INS;ISIZE=5;MATE_ID=BND_sixnssmp	GT:CTX:DEL:INS:INV:NOV_INS:TDUP:lSC:nSC:uRP:distl_levD	0/1:1:0:1:2:7:5:11:6:7:0.36
chr05	5798358	BND_ajzmajdx	A	]chr05:5798353]A	3.44	PASS	SVTYPE=BND;EVENT=NOV_INS;ISIZE=5;MATE_ID=BND_jmggwmjb	GT:CTX:DEL:INS:INV:NOV_INS:TDUP:lSC:nSC:uRP:distl_levD	0/1:0:0:0:1:4:0:14:5:4:0.29
chr05	6287744	BND_yruqhezu	T	]chr05:6287739]T	2.38	PASS	SVTYPE=BND;EVENT=NOV_INS;ISIZE=5;MATE_ID=BND_gaswzwxg	GT:CTX:DEL:INS:INV:NOV_INS:TDUP:lSC:nSC:uRP:distl_levD	0/1:0:0:0:0:4:0:19:9:4:0.42
chr05	6305669	BND_bpvgiggx	C	]chr05:6305817]C	3.22	PASS	SVTYPE=BND;EVENT=NOV_INS;ISIZE=148;MATE_ID=BND_wvoryojs	GT:CTX:DEL:INS:INV:NOV_INS:TDUP:lSC:nSC:uRP:distl_levD	0/1:0:0:0:0:8:0:16:5:9:0.31
chr05	6335547	BND_mkmguzyy	T	]chr05:6335530]T	5.85	PASS	SVTYPE=BND;EVENT=NOV_INS;ISIZE=17;MATE_ID=BND_lnnyinvf	GT:CTX:DEL:INS:INV:NOV_INS:TDUP:lSC:nSC:uRP:distl_levD	0/1:2:1:0:0:6:0:12:5:6:0.17
chr05	6844247	BND_xnxxmpik	A	]chr11:737522]A	4.74	PASS	SVTYPE=BND;EVENT=CTX;ISIZE=6106725;MATE_ID=BND_oungktze	GT:CTX:DEL:INS:INV:NOV_INS:TDUP:lSC:nSC:uRP:distl_levD	0/1:5:0:0:0:2:0:14:6:9:0.21
chr05	6944479	BND_xazekhiv	C	]chr05:6944440]C	2.85	PASS	SVTYPE=BND;EVENT=NOV_INS;ISIZE=39;MATE_ID=BND_klplqwco	GT:CTX:DEL:INS:INV:NOV_INS:TDUP:lSC:nSC:uRP:distl_levD	0/1:1:0:0:2:13:0:17:5:36:0.35
chr05	6955036	BND_ayylkgek	T	]chr05:6955050]T	4.33	PASS	SVTYPE=BND;EVENT=NOV_INS;ISIZE=14;MATE_ID=BND_lhzhcxci	GT:CTX:DEL:INS:INV:NOV_INS:TDUP:lSC:nSC:uRP:distl_levD	0/1:9:0:0:1:14:0:13:5:14:0.23
chr05	7002460	BND_ujtpawdz	T	]chr10:9688311]T	3.44	PASS	SVTYPE=BND;EVENT=CTX;ISIZE=2685851;MATE_ID=BND_fnlmxqls	GT:CTX:DEL:INS:INV:NOV_INS:TDUP:lSC:nSC:uRP:distl_levD	0/1:6:0:0:0:1:0:14:5:1:0.29
chr05	7136734	BND_gzlozqai	A	]chr05:28740402]A	0.00	PASS	SVTYPE=BND;EVENT=TDUP;ISIZE=21603668;MATE_ID=BND_wshoxygl	GT:CTX:DEL:INS:INV:NOV_INS:TDUP:lSC:nSC:uRP:distl_levD	0/1:3:0:0:0:2:8:0:NA:2:NA
chr05	7136734	BND_hhuybrcz	A	]chr05:28739087]A	0.00	PASS	SVTYPE=BND;EVENT=DEL;ISIZE=21602353;MATE_ID=BND_zbqrytxb	GT:CTX:DEL:INS:INV:NOV_INS:TDUP:lSC:nSC:uRP:distl_levD	0/1:0:15:0:0:8:0:0:NA:10:NA
chr05	7177681	BND_vmiezlcw	A	]chr05:7177684]A	2.85	PASS	SVTYPE=BND;EVENT=NOV_INS;ISIZE=3;MATE_ID=BND_mvjyogim	GT:CTX:DEL:INS:INV:NOV_INS:TDUP:lSC:nSC:uRP:distl_levD	0/1:0:0:0:0:7:0:20:5:7:0.35
chr05	7690804	BND_kxweylnh	A	]chr05:7690804]A	2.70	PASS	SVTYPE=BND;EVENT=NOV_INS;ISIZE=0;MATE_ID=BND_fmntbtvx	GT:CTX:DEL:INS:INV:NOV_INS:TDUP:lSC:nSC:uRP:distl_levD	0/1:1:0:0:0:11:0:19:11:11:0.37
chr05	7690804	BND_kshjqino	A	]chr05:7690804]A	3.02	PASS	SVTYPE=BND;EVENT=NOV_INS;ISIZE=0;MATE_ID=BND_wwuauzta	GT:CTX:DEL:INS:INV:NOV_INS:TDUP:lSC:nSC:uRP:distl_levD	0/1:0:0:0:0:7:0:12:12:7:0.33
chr05	7960262	BND_wrlaxpgw	C	]chr05:7960267]C	5.52	PASS	SVTYPE=BND;EVENT=NOV_INS;ISIZE=5;MATE_ID=BND_uwtkcvpv	GT:CTX:DEL:INS:INV:NOV_INS:TDUP:lSC:nSC:uRP:distl_levD	0/1:0:0:0:0:10:0:11:5:10:0.18
chr05	7960267	BND_huwobghg	A	]chr05:7960262]A	3.02	PASS	SVTYPE=BND;EVENT=NOV_INS;ISIZE=5;MATE_ID=BND_oplrwbys	GT:CTX:DEL:INS:INV:NOV_INS:TDUP:lSC:nSC:uRP:distl_levD	0/1:1:0:0:0:13:0:12:6:14:0.33
chr05	8191395	BND_nctttkvf	C	]chr05:8191397]C	3.98	PASS	SVTYPE=BND;EVENT=NOV_INS;ISIZE=2;MATE_ID=BND_nytxuwmu	GT:CTX:DEL:INS:INV:NOV_INS:TDUP:lSC:nSC:uRP:distl_levD	0/1:2:0:0:0:26:0:12:5:26:0.25
chr05	8768475	BND_rtewoiwi	T	]chr01:12751164]T	0.00	PASS	SVTYPE=BND;EVENT=CTX;ISIZE=3982689;MATE_ID=BND_grqjbrgr	GT:CTX:DEL:INS:INV:NOV_INS:TDUP:lSC:nSC:uRP:distl_levD	0/1:4:0:0:0:1:0:0:NA:1:NA
chr05	8768475	BND_xawmymkl	T	]chr01:12750206]T	0.00	PASS	SVTYPE=BND;EVENT=CTX;ISIZE=3981731;MATE_ID=BND_wjimckyl	GT:CTX:DEL:INS:INV:NOV_INS:TDUP:lSC:nSC:uRP:distl_levD	0/1:7:0:0:0:0:0:0:NA:4:NA
chr05	8772763	BND_vcrxzvsh	A	]chr05:8772757]A	3.22	PASS	SVTYPE=BND;EVENT=NOV_INS;ISIZE=6;MATE_ID=BND_snadslaj	GT:CTX:DEL:INS:INV:NOV_INS:TDUP:lSC:nSC:uRP:distl_levD	0/1:0:0:0:0:11:0:13:6:11:0.31
chr05	10740203	BND_qbrlfcgr	G	]chr05:10740245]G	2.85	PASS	SVTYPE=BND;EVENT=NOV_INS;ISIZE=42;MATE_ID=BND_vzrslbeg	GT:CTX:DEL:INS:INV:NOV_INS:TDUP:lSC:nSC:uRP:distl_levD	0/1:5:0:1:1:12:1:17:5:13:0.35
chr05	11090622	BND_fdrlvfbg	A	]chr05:11090620]A	3.69	PASS	SVTYPE=BND;EVENT=NOV_INS;ISIZE=2;MATE_ID=BND_bbxwjizx	GT:CTX:DEL:INS:INV:NOV_INS:TDUP:lSC:nSC:uRP:distl_levD	0/1:0:0:0:0:4:0:11:9:4:0.27
chr05	13670697	BND_lpqnxgzd	C	]chr05:13670778]C	3.44	PASS	SVTYPE=BND;EVENT=NOV_INS;ISIZE=81;MATE_ID=BND_zxlmuhxf	GT:CTX:DEL:INS:INV:NOV_INS:TDUP:lSC:nSC:uRP:distl_levD	0/1:0:0:0:0:6:0:17:5:6:0.29
chr05	13771852	BND_vjdbslax	G	]chr05:13771842]G	3.44	PASS	SVTYPE=BND;EVENT=NOV_INS;ISIZE=10;MATE_ID=BND_mcsddmzm	GT:CTX:DEL:INS:INV:NOV_INS:TDUP:lSC:nSC:uRP:distl_levD	0/1:0:0:0:0:4:0:14:6:4:0.29
chr05	14116786	BND_giywwbcg	A	]chr05:14129776]A	0.00	PASS	SVTYPE=BND;EVENT=DEL;ISIZE=12990;MATE_ID=BND_wnsyqwzb	GT:CTX:DEL:INS:INV:NOV_INS:TDUP:lSC:nSC:uRP:distl_levD	0/1:0:5:0:0:0:0:0:NA:0:NA
chr05	14412623	BND_qnprbqza	T	]chr05:14412617]T	3.44	PASS	SVTYPE=BND;EVENT=NOV_INS;ISIZE=6;MATE_ID=BND_blhgkici	GT:CTX:DEL:INS:INV:NOV_INS:TDUP:lSC:nSC:uRP:distl_levD	0/1:0:0:0:0:4:0:14:5:4:0.29
chr05	14607892	BND_tryunyxx	C	]chr05:14607979]C	3.02	PASS	SVTYPE=BND;EVENT=NOV_INS;ISIZE=87;MATE_ID=BND_pwvmhgrd	GT:CTX:DEL:INS:INV:NOV_INS:TDUP:lSC:nSC:uRP:distl_levD	0/1:0:0:0:0:5:0:12:5:5:0.33
chr05	14670434	BND_vtzbxnpo	G	]chr05:14670099]G	3.98	PASS	SVTYPE=BND;EVENT=NOV_INS;ISIZE=335;MATE_ID=BND_uouswicz	GT:CTX:DEL:INS:INV:NOV_INS:TDUP:lSC:nSC:uRP:distl_levD	0/1:0:0:0:0:12:0:16:5:22:0.25
chr05	14701527	BND_asuhkfcs	A	]chr05:14701528]A	3.02	PASS	SVTYPE=BND;EVENT=NOV_INS;ISIZE=1;MATE_ID=BND_fxqhpmsv	GT:CTX:DEL:INS:INV:NOV_INS:TDUP:lSC:nSC:uRP:distl_levD	0/1:0:0:0:0:24:0:18:5:24:0.33
chr05	15012168	BND_sxikbecn	G	]chr04:31438629]G	16.39	PASS	SVTYPE=BND;EVENT=CTX;ISIZE=16426461;MATE_ID=BND_begezwzb	GT:CTX:DEL:INS:INV:NOV_INS:TDUP:lSC:nSC:uRP:distl_levD	0/1:6:0:0:0:0:0:17:6:0:0.06
chr05	15051567	BND_mlzcfxtm	C	]chr05:15051574]C	3.69	PASS	SVTYPE=BND;EVENT=NOV_INS;ISIZE=7;MATE_ID=BND_dtordewx	GT:CTX:DEL:INS:INV:NOV_INS:TDUP:lSC:nSC:uRP:distl_levD	0/1:0:0:3:0:11:0:15:7:11:0.27
chr05	15305226	BND_rkdwswgx	T	]chr05:15292411]T	0.00	PASS	SVTYPE=BND;EVENT=DEL;ISIZE=12815;MATE_ID=BND_nejxndew	GT:CTX:DEL:INS:INV:NOV_INS:TDUP:lSC:nSC:uRP:distl_levD	0/1:0:8:0:0:0:0:0:NA:0:NA
chr05	15726639	BND_mxwzenle	T	]chr02:14525896]T	3.69	PASS	SVTYPE=BND;EVENT=CTX;ISIZE=1200743;MATE_ID=BND_aziubose	GT:CTX:DEL:INS:INV:NOV_INS:TDUP:lSC:nSC:uRP:distl_levD	0/1:4:0:0:0:1:0:15:5:3:0.27
chr05	16029780	BND_gqzbkonv	G	]chr05:16041095]G	0.00	PASS	SVTYPE=BND;EVENT=DEL;ISIZE=11315;MATE_ID=BND_rvneihmd	GT:CTX:DEL:INS:INV:NOV_INS:TDUP:lSC:nSC:uRP:distl_levD	0/1:0:11:0:0:4:0:0:NA:5:NA
chr05	16229960	BND_swydkifp	A	]chr05:16229808]A	3.02	PASS	SVTYPE=BND;EVENT=NOV_INS;ISIZE=152;MATE_ID=BND_uvomersj	GT:CTX:DEL:INS:INV:NOV_INS:TDUP:lSC:nSC:uRP:distl_levD	0/1:0:0:0:2:18:0:12:5:18:0.33
chr05	16467565	BND_mmrvivnt	G	]chr05:16467383]G	2.49	PASS	SVTYPE=BND;EVENT=NOV_INS;ISIZE=182;MATE_ID=BND_gbuvxxns	GT:CTX:DEL:INS:INV:NOV_INS:TDUP:lSC:nSC:uRP:distl_levD	0/1:0:0:0:0:26:0:15:5:28:0.40
chr05	17568296	BND_rhcvqrnh	T	]chr05:17568294]T	2.49	PASS	SVTYPE=BND;EVENT=NOV_INS;ISIZE=2;MATE_ID=BND_xqwacubx	GT:CTX:DEL:INS:INV:NOV_INS:TDUP:lSC:nSC:uRP:distl_levD	0/1:0:0:0:0:4:0:15:6:4:0.40
chr05	17677958	BND_fecmsfcx	A	]chr05:17677795]A	2.85	PASS	SVTYPE=BND;EVENT=NOV_INS;ISIZE=163;MATE_ID=BND_xqqppgga	GT:CTX:DEL:INS:INV:NOV_INS:TDUP:lSC:nSC:uRP:distl_levD	0/1:0:0:1:0:4:0:17:7:5:0.35
chr05	17782504	BND_krnmcylq	T	]chr05:17782287]T	7.09	PASS	SVTYPE=BND;EVENT=NOV_INS;ISIZE=217;MATE_ID=BND_eftdbkqc	GT:CTX:DEL:INS:INV:NOV_INS:TDUP:lSC:nSC:uRP:distl_levD	0/1:0:0:0:0:6:0:7:5:11:0.14
chr05	17846490	BND_gxoyppjq	A	]chr08:16770679]A	2.85	PASS	SVTYPE=BND;EVENT=CTX;ISIZE=1075811;MATE_ID=BND_mquifhcq	GT:CTX:DEL:INS:INV:NOV_INS:TDUP:lSC:nSC:uRP:distl_levD	0/1:16:0:2:0:11:0:17:5:11:0.35
chr05	17931385	BND_ksmuvvtv	A	]chr05:17931412]A	2.85	PASS	SVTYPE=BND;EVENT=NOV_INS;ISIZE=27;MATE_ID=BND_slanqosd	GT:CTX:DEL:INS:INV:NOV_INS:TDUP:lSC:nSC:uRP:distl_levD	0/1:0:0:0:0:14:0:17:8:14:0.35
chr05	17931412	BND_ewuvqvve	C	]chr05:17931385]C	2.85	PASS	SVTYPE=BND;EVENT=NOV_INS;ISIZE=27;MATE_ID=BND_yovopokh	GT:CTX:DEL:INS:INV:NOV_INS:TDUP:lSC:nSC:uRP:distl_levD	0/1:0:0:0:0:14:0:17:5:14:0.35
chr05	17993860	BND_vkwjhxxt	T	]chr05:17993845]T	3.22	PASS	SVTYPE=BND;EVENT=NOV_INS;ISIZE=15;MATE_ID=BND_ikmycqol	GT:CTX:DEL:INS:INV:NOV_INS:TDUP:lSC:nSC:uRP:distl_levD	0/1:1:0:0:0:14:0:13:5:14:0.31
chr05	17994869	BND_rewyadyg	A	]chr05:17994324]A	4.52	PASS	SVTYPE=BND;EVENT=DEL;ISIZE=545;MATE_ID=BND_napufkxm	GT:CTX:DEL:INS:INV:NOV_INS:TDUP:lSC:nSC:uRP:distl_levD	0/1:0:9:0:0:1:0:18:5:1:0.22
chr05	18307169	BND_rdnvwiqp	T	]chr05:18307195]T	2.85	PASS	SVTYPE=BND;EVENT=NOV_INS;ISIZE=26;MATE_ID=BND_qvrxukaa	GT:CTX:DEL:INS:INV:NOV_INS:TDUP:lSC:nSC:uRP:distl_levD	0/1:0:0:0:0:7:0:17:5:7:0.35
chr05	18558470	BND_xxxumatk	T	]chr05:18558464]T	3.98	PASS	SVTYPE=BND;EVENT=NOV_INS;ISIZE=6;MATE_ID=BND_xmngdrly	GT:CTX:DEL:INS:INV:NOV_INS:TDUP:lSC:nSC:uRP:distl_levD	0/1:0:0:0:0:7:0:8:6:7:0.25
chr05	18617031	BND_mdrlvhah	T	]chr05:18616998]T	3.22	PASS	SVTYPE=BND;EVENT=NOV_INS;ISIZE=33;MATE_ID=BND_ggruhjbm	GT:CTX:DEL:INS:INV:NOV_INS:TDUP:lSC:nSC:uRP:distl_levD	0/1:0:0:0:0:5:0:13:7:5:0.31
chr05	18764025	BND_hxngwepd	C	]chr05:18764019]C	2.49	PASS	SVTYPE=BND;EVENT=NOV_INS;ISIZE=6;MATE_ID=BND_blvtvikf	GT:CTX:DEL:INS:INV:NOV_INS:TDUP:lSC:nSC:uRP:distl_levD	0/1:0:0:0:0:4:0:20:7:4:0.40
chr05	18854917	BND_ifvvmpxc	C	]chr05:18854915]C	3.69	PASS	SVTYPE=BND;EVENT=NOV_INS;ISIZE=2;MATE_ID=BND_jvxztzqj	GT:CTX:DEL:INS:INV:NOV_INS:TDUP:lSC:nSC:uRP:distl_levD	0/1:1:0:0:0:4:0:11:6:4:0.27
chr05	18880129	BND_kbcdlghx	C	]chr05:18880132]C	4.15	PASS	SVTYPE=BND;EVENT=NOV_INS;ISIZE=3;MATE_ID=BND_txnojavt	GT:CTX:DEL:INS:INV:NOV_INS:TDUP:lSC:nSC:uRP:distl_levD	0/1:0:0:0:0:5:0:17:5:5:0.24
chr05	18880291	BND_spskqpcw	C	]chr05:18880132]C	3.02	PASS	SVTYPE=BND;EVENT=NOV_INS;ISIZE=159;MATE_ID=BND_tpymnost	GT:CTX:DEL:INS:INV:NOV_INS:TDUP:lSC:nSC:uRP:distl_levD	0/1:0:0:0:0:5:0:18:5:5:0.33
chr05	18889250	BND_pvvfuwgj	C	]chr05:18889250]C	3.02	PASS	SVTYPE=BND;EVENT=NOV_INS;ISIZE=0;MATE_ID=BND_afoymgdp	GT:CTX:DEL:INS:INV:NOV_INS:TDUP:lSC:nSC:uRP:distl_levD	0/1:0:0:0:0:5:0:12:7:6:0.33
chr05	19048503	BND_vyvlxjlo	T	]chr05:19048509]T	3.22	PASS	SVTYPE=BND;EVENT=NOV_INS;ISIZE=6;MATE_ID=BND_truhvwyx	GT:CTX:DEL:INS:INV:NOV_INS:TDUP:lSC:nSC:uRP:distl_levD	0/1:0:0:0:0:4:0:13:5:4:0.31
chr05	19193068	BND_aflxdplz	C	]chr05:19192914]C	3.22	PASS	SVTYPE=BND;EVENT=NOV_INS;ISIZE=154;MATE_ID=BND_vwzebfwe	GT:CTX:DEL:INS:INV:NOV_INS:TDUP:lSC:nSC:uRP:distl_levD	0/1:0:0:0:0:17:0:16:5:18:0.31
chr05	19248190	BND_hytddgla	A	]chr05:19248173]A	9.01	PASS	SVTYPE=BND;EVENT=NOV_INS;ISIZE=17;MATE_ID=BND_mqubeexm	GT:CTX:DEL:INS:INV:NOV_INS:TDUP:lSC:nSC:uRP:distl_levD	0/1:0:0:0:0:4:0:9:5:4:0.11
chr05	19849451	BND_vfrauetc	A	]chr05:19849485]A	2.70	PASS	SVTYPE=BND;EVENT=NOV_INS;ISIZE=34;MATE_ID=BND_wjecspbx	GT:CTX:DEL:INS:INV:NOV_INS:TDUP:lSC:nSC:uRP:distl_levD	0/1:0:0:0:0:10:0:19:9:10:0.37
chr05	19867941	BND_zwymqoek	A	]chr05:19860554]A	3.12	PASS	SVTYPE=BND;EVENT=DEL;ISIZE=7387;MATE_ID=BND_fzbbuseh	GT:CTX:DEL:INS:INV:NOV_INS:TDUP:lSC:nSC:uRP:distl_levD	0/1:0:20:3:0:5:0:19:7:5:0.32
chr05	20380092	BND_clloauwh	T	]chr05:20380080]T	3.44	PASS	SVTYPE=BND;EVENT=NOV_INS;ISIZE=12;MATE_ID=BND_oaasgwio	GT:CTX:DEL:INS:INV:NOV_INS:TDUP:lSC:nSC:uRP:distl_levD	0/1:0:0:1:0:4:0:17:7:5:0.29
chr05	20463645	BND_nmmmqxle	T	]chr05:20463641]T	8.26	PASS	SVTYPE=BND;EVENT=NOV_INS;ISIZE=4;MATE_ID=BND_bhwrohuv	GT:CTX:DEL:INS:INV:NOV_INS:TDUP:lSC:nSC:uRP:distl_levD	0/1:0:0:0:0:4:0:8:6:4:0.12
chr05	20596517	BND_cwnzygqu	A	]chr05:20596491]A	3.56	PASS	SVTYPE=BND;EVENT=NOV_INS;ISIZE=26;MATE_ID=BND_uqlnqbfg	GT:CTX:DEL:INS:INV:NOV_INS:TDUP:lSC:nSC:uRP:distl_levD	0/1:0:0:0:0:4:0:18:8:4:0.28
chr05	20640941	BND_hvoayvzr	G	]chr05:20644342]G	3.69	PASS	SVTYPE=BND;EVENT=DEL;ISIZE=3401;MATE_ID=BND_gtoyacew	GT:CTX:DEL:INS:INV:NOV_INS:TDUP:lSC:nSC:uRP:distl_levD	0/1:1:20:1:0:0:0:15:5:0:0.27
chr05	20648073	BND_pklgfyav	A	]chr05:20648070]A	4.33	PASS	SVTYPE=BND;EVENT=NOV_INS;ISIZE=3;MATE_ID=BND_wakotcfd	GT:CTX:DEL:INS:INV:NOV_INS:TDUP:lSC:nSC:uRP:distl_levD	0/1:0:0:0:0:5:0:13:8:5:0.23
chr05	20689159	BND_lrzhrfon	C	]chr05:20689162]C	3.56	PASS	SVTYPE=BND;EVENT=NOV_INS;ISIZE=3;MATE_ID=BND_gbfzsign	GT:CTX:DEL:INS:INV:NOV_INS:TDUP:lSC:nSC:uRP:distl_levD	0/1:0:0:0:0:6:0:18:6:6:0.28
chr05	20866701	BND_idccrdum	C	]chr05:20866697]C	3.44	PASS	SVTYPE=BND;EVENT=NOV_INS;ISIZE=4;MATE_ID=BND_kqdshoel	GT:CTX:DEL:INS:INV:NOV_INS:TDUP:lSC:nSC:uRP:distl_levD	0/1:0:0:0:0:4:0:14:5:7:0.29
chr05	20883255	BND_rejzmpbc	C	]chr05:20883225]C	3.12	PASS	SVTYPE=BND;EVENT=INS;ISIZE=30;MATE_ID=BND_uzdlthfy	GT:CTX:DEL:INS:INV:NOV_INS:TDUP:lSC:nSC:uRP:distl_levD	0/1:0:0:5:0:2:0:19:5:2:0.32
chr05	21012600	BND_dkvkjief	A	]chr05:21012600]A	3.44	PASS	SVTYPE=BND;EVENT=NOV_INS;ISIZE=0;MATE_ID=BND_gxawtjex	GT:CTX:DEL:INS:INV:NOV_INS:TDUP:lSC:nSC:uRP:distl_levD	0/1:1:0:0:0:4:0:17:5:4:0.29
chr05	21237772	BND_kkdithdl	G	]chr05:21237793]G	3.98	PASS	SVTYPE=BND;EVENT=NOV_INS;ISIZE=21;MATE_ID=BND_hzqtskyj	GT:CTX:DEL:INS:INV:NOV_INS:TDUP:lSC:nSC:uRP:distl_levD	0/1:0:0:0:0:4:0:16:5:4:0.25
chr05	21249816	BND_upyzeufc	G	]chr05:21249839]G	9.01	PASS	SVTYPE=BND;EVENT=NOV_INS;ISIZE=23;MATE_ID=BND_jzijtnkh	GT:CTX:DEL:INS:INV:NOV_INS:TDUP:lSC:nSC:uRP:distl_levD	0/1:0:0:0:0:5:0:9:5:5:0.11
chr05	21280541	BND_lbsqylza	T	]chr05:21291708]T	0.00	PASS	SVTYPE=BND;EVENT=DEL;ISIZE=11167;MATE_ID=BND_geqckxuy	GT:CTX:DEL:INS:INV:NOV_INS:TDUP:lSC:nSC:uRP:distl_levD	0/1:0:18:2:0:4:0:0:NA:4:NA
chr05	21291763	BND_adsbaxna	C	]chr05:21280489]C	0.00	PASS	SVTYPE=BND;EVENT=DEL;ISIZE=11274;MATE_ID=BND_fdvrkolp	GT:CTX:DEL:INS:INV:NOV_INS:TDUP:lSC:nSC:uRP:distl_levD	0/1:0:24:1:0:2:0:0:NA:2:NA
chr05	21340893	BND_edtxuraf	T	]chr05:21340990]T	3.02	PASS	SVTYPE=BND;EVENT=NOV_INS;ISIZE=97;MATE_ID=BND_weuzzuyt	GT:CTX:DEL:INS:INV:NOV_INS:TDUP:lSC:nSC:uRP:distl_levD	0/1:0:0:0:0:4:0:18:5:4:0.33
chr05	21531425	BND_onhrdogo	G	]chr05:21548583]G	0.00	PASS	SVTYPE=BND;EVENT=DEL;ISIZE=17158;MATE_ID=BND_aicnrqvz	GT:CTX:DEL:INS:INV:NOV_INS:TDUP:lSC:nSC:uRP:distl_levD	0/1:0:8:1:0:5:0:0:NA:8:NA
chr05	21617361	BND_qtxaxudc	C	]chr05:21617375]C	3.02	PASS	SVTYPE=BND;EVENT=NOV_INS;ISIZE=14;MATE_ID=BND_nntxpkvd	GT:CTX:DEL:INS:INV:NOV_INS:TDUP:lSC:nSC:uRP:distl_levD	0/1:0:0:0:0:6:0:18:7:6:0.33
chr05	22036644	BND_ztdvjvlz	G	]chr05:22036629]G	5.85	PASS	SVTYPE=BND;EVENT=NOV_INS;ISIZE=15;MATE_ID=BND_svovpagv	GT:CTX:DEL:INS:INV:NOV_INS:TDUP:lSC:nSC:uRP:distl_levD	0/1:1:0:0:0:7:0:12:5:13:0.17
chr05	22225661	BND_lqkwfbvk	G	]chr05:22225666]G	2.56	PASS	SVTYPE=BND;EVENT=NOV_INS;ISIZE=5;MATE_ID=BND_ezeviecj	GT:CTX:DEL:INS:INV:NOV_INS:TDUP:lSC:nSC:uRP:distl_levD	0/1:0:0:2:0:6:0:18:6:6:0.39
chr05	22225666	BND_etfuwdic	C	]chr05:22225661]C	3.69	PASS	SVTYPE=BND;EVENT=NOV_INS;ISIZE=5;MATE_ID=BND_abtfotsu	GT:CTX:DEL:INS:INV:NOV_INS:TDUP:lSC:nSC:uRP:distl_levD	0/1:0:0:0:0:7:0:11:5:7:0.27
chr05	22461732	BND_elrmnbwe	T	]chr05:22462054]T	3.02	PASS	SVTYPE=BND;EVENT=DEL;ISIZE=322;MATE_ID=BND_vecxwqxy	GT:CTX:DEL:INS:INV:NOV_INS:TDUP:lSC:nSC:uRP:distl_levD	0/1:0:20:0:0:10:0:12:6:10:0.33
chr05	22565857	BND_zasvmvxo	T	]chr07:20999179]T	2.12	PASS	SVTYPE=BND;EVENT=CTX;ISIZE=1566678;MATE_ID=BND_eefeocna	GT:CTX:DEL:INS:INV:NOV_INS:TDUP:lSC:nSC:uRP:distl_levD	0/1:5:0:0:0:0:0:17:6:0:0.47
chr05	22630802	BND_utzidadk	G	]chr05:22630804]G	3.44	PASS	SVTYPE=BND;EVENT=NOV_INS;ISIZE=2;MATE_ID=BND_svouhwxc	GT:CTX:DEL:INS:INV:NOV_INS:TDUP:lSC:nSC:uRP:distl_levD	0/1:0:0:0:0:4:0:14:7:4:0.29
chr05	22848167	BND_jungrwhk	G	]chr05:22852219]G	2.62	PASS	SVTYPE=BND;EVENT=DEL;ISIZE=4052;MATE_ID=BND_qsatisis	GT:CTX:DEL:INS:INV:NOV_INS:TDUP:lSC:nSC:uRP:distl_levD	0/1:1:19:0:2:3:0:16:5:3:0.38
chr05	22934213	BND_tzeoaery	T	]chr05:22934219]T	5.85	PASS	SVTYPE=BND;EVENT=NOV_INS;ISIZE=6;MATE_ID=BND_vrhdfznh	GT:CTX:DEL:INS:INV:NOV_INS:TDUP:lSC:nSC:uRP:distl_levD	0/1:0:0:3:2:11:0:12:9:11:0.17
chr05	23597701	BND_exiycdkq	A	]chr05:23597706]A	3.22	PASS	SVTYPE=BND;EVENT=NOV_INS;ISIZE=5;MATE_ID=BND_xwqjyizm	GT:CTX:DEL:INS:INV:NOV_INS:TDUP:lSC:nSC:uRP:distl_levD	0/1:1:0:0:0:6:0:13:7:6:0.31
chr05	23992636	BND_sdbyitxb	A	]chr05:23992636]A	2.56	PASS	SVTYPE=BND;EVENT=NOV_INS;ISIZE=0;MATE_ID=BND_vlcyqcmn	GT:CTX:DEL:INS:INV:NOV_INS:TDUP:lSC:nSC:uRP:distl_levD	0/1:0:0:0:0:9:0:18:5:9:0.39
chr05	24002190	BND_znnxlwsx	T	]chr10:13222238]T	0.00	PASS	SVTYPE=BND;EVENT=CTX;ISIZE=10779952;MATE_ID=BND_mlxlranl	GT:CTX:DEL:INS:INV:NOV_INS:TDUP:lSC:nSC:uRP:distl_levD	0/1:6:0:0:0:3:0:0:NA:3:NA
chr05	24040284	BND_ykbymcpk	T	]chr05:24039639]T	3.44	PASS	SVTYPE=BND;EVENT=DEL;ISIZE=645;MATE_ID=BND_aablxdpz	GT:CTX:DEL:INS:INV:NOV_INS:TDUP:lSC:nSC:uRP:distl_levD	0/1:0:10:0:0:2:0:17:6:2:0.29
chr05	24270550	BND_hketdsmk	C	]chr05:24270544]C	3.12	PASS	SVTYPE=BND;EVENT=NOV_INS;ISIZE=6;MATE_ID=BND_yxzvwida	GT:CTX:DEL:INS:INV:NOV_INS:TDUP:lSC:nSC:uRP:distl_levD	0/1:1:0:0:0:12:0:19:5:12:0.32
chr05	24324668	BND_kobdnudp	G	]chr05:24324683]G	3.69	PASS	SVTYPE=BND;EVENT=NOV_INS;ISIZE=15;MATE_ID=BND_szouvrtk	GT:CTX:DEL:INS:INV:NOV_INS:TDUP:lSC:nSC:uRP:distl_levD	0/1:0:0:0:0:8:0:15:8:16:0.27
chr05	24431196	BND_monewvda	T	]chr05:24431196]T	3.69	PASS	SVTYPE=BND;EVENT=NOV_INS;ISIZE=0;MATE_ID=BND_buzmefig	GT:CTX:DEL:INS:INV:NOV_INS:TDUP:lSC:nSC:uRP:distl_levD	0/1:0:0:0:0:6:0:15:6:6:0.27
chr05	24434379	BND_utiomxgd	G	]chr05:24434365]G	3.44	PASS	SVTYPE=BND;EVENT=NOV_INS;ISIZE=14;MATE_ID=BND_mxknjced	GT:CTX:DEL:INS:INV:NOV_INS:TDUP:lSC:nSC:uRP:distl_levD	0/1:0:0:5:0:8:0:14:6:8:0.29
chr05	24647911	BND_ohuhdcjm	C	]chr05:24646687]C	4.33	PASS	SVTYPE=BND;EVENT=DEL;ISIZE=1224;MATE_ID=BND_faqywefv	GT:CTX:DEL:INS:INV:NOV_INS:TDUP:lSC:nSC:uRP:distl_levD	0/1:0:36:0:0:9:0:13:5:9:0.23
chr05	24895269	BND_kjcbluxf	A	]chr05:24895284]A	4.74	PASS	SVTYPE=BND;EVENT=NOV_INS;ISIZE=15;MATE_ID=BND_rybusngh	GT:CTX:DEL:INS:INV:NOV_INS:TDUP:lSC:nSC:uRP:distl_levD	0/1:0:0:0:0:7:0:14:5:8:0.21
chr05	24900939	BND_ksdcgjdw	T	]chr05:24900920]T	3.44	PASS	SVTYPE=BND;EVENT=NOV_INS;ISIZE=19;MATE_ID=BND_gtlefefz	GT:CTX:DEL:INS:INV:NOV_INS:TDUP:lSC:nSC:uRP:distl_levD	0/1:1:0:0:3:4:0:14:6:4:0.29
chr05	24968672	BND_dsuawokr	A	]chr05:24968952]A	2.49	PASS	SVTYPE=BND;EVENT=DEL;ISIZE=280;MATE_ID=BND_rqunjzgq	GT:CTX:DEL:INS:INV:NOV_INS:TDUP:lSC:nSC:uRP:distl_levD	0/1:0:24:1:0:4:0:20:5:4:0.40
chr05	25026904	BND_dzmwprcg	G	]chr05:25026921]G	3.44	PASS	SVTYPE=BND;EVENT=NOV_INS;ISIZE=17;MATE_ID=BND_mkelztdn	GT:CTX:DEL:INS:INV:NOV_INS:TDUP:lSC:nSC:uRP:distl_levD	0/1:0:1:0:0:10:0:17:5:10:0.29
chr05	25238058	BND_krpqzewu	T	]chr05:25251095]T	3.02	PASS	SVTYPE=BND;EVENT=DEL;ISIZE=13037;MATE_ID=BND_bpsgjymg	GT:CTX:DEL:INS:INV:NOV_INS:TDUP:lSC:nSC:uRP:distl_levD	0/1:0:14:0:2:12:0:12:5:12:0.33
chr05	25251167	BND_vjhjzkdj	C	]chr05:25237946]C	0.00	PASS	SVTYPE=BND;EVENT=DEL;ISIZE=13221;MATE_ID=BND_pmupefhy	GT:CTX:DEL:INS:INV:NOV_INS:TDUP:lSC:nSC:uRP:distl_levD	0/1:1:9:1:0:1:0:0:NA:1:NA
chr05	25349746	BND_tyizqiio	C	]chr05:25349744]C	3.22	PASS	SVTYPE=BND;EVENT=NOV_INS;ISIZE=2;MATE_ID=BND_lnwfjtzs	GT:CTX:DEL:INS:INV:NOV_INS:TDUP:lSC:nSC:uRP:distl_levD	0/1:0:0:0:0:5:0:13:5:5:0.31
chr05	25366744	BND_iusguqfp	A	]chr05:25378846]A	0.00	PASS	SVTYPE=BND;EVENT=DEL;ISIZE=12102;MATE_ID=BND_gizhaplf	GT:CTX:DEL:INS:INV:NOV_INS:TDUP:lSC:nSC:uRP:distl_levD	0/1:0:9:0:0:4:0:0:NA:4:NA
chr05	25378846	BND_kzetdwkz	G	]chr05:25366680]G	0.00	PASS	SVTYPE=BND;EVENT=DEL;ISIZE=12166;MATE_ID=BND_wozzhvnp	GT:CTX:DEL:INS:INV:NOV_INS:TDUP:lSC:nSC:uRP:distl_levD	0/1:0:17:2:0:1:0:0:NA:1:NA
chr05	25393153	BND_yyqftcpm	C	]chr05:25393156]C	3.44	PASS	SVTYPE=BND;EVENT=NOV_INS;ISIZE=3;MATE_ID=BND_ynwhbrvi	GT:CTX:DEL:INS:INV:NOV_INS:TDUP:lSC:nSC:uRP:distl_levD	0/1:0:0:0:0:10:0:14:6:10:0.29
chr05	25463440	BND_sczwmupf	A	]chr05:25463438]A	3.22	PASS	SVTYPE=BND;EVENT=NOV_INS;ISIZE=2;MATE_ID=BND_wasqdcem	GT:CTX:DEL:INS:INV:NOV_INS:TDUP:lSC:nSC:uRP:distl_levD	0/1:0:0:0:0:6:0:13:5:6:0.31
chr05	25618513	BND_wxicybgb	G	]chr05:25618366]G	9.01	PASS	SVTYPE=BND;EVENT=NOV_INS;ISIZE=147;MATE_ID=BND_dlockdty	GT:CTX:DEL:INS:INV:NOV_INS:TDUP:lSC:nSC:uRP:distl_levD	0/1:3:0:0:0:4:0:18:6:4:0.11
chr05	25857751	BND_ltfxnxzz	G	]chr05:25857754]G	3.32	PASS	SVTYPE=BND;EVENT=NOV_INS;ISIZE=3;MATE_ID=BND_whbfmizq	GT:CTX:DEL:INS:INV:NOV_INS:TDUP:lSC:nSC:uRP:distl_levD	0/1:0:0:0:0:5:0:20:6:5:0.30
chr05	25859591	BND_kcacchen	G	]chr05:25872742]G	0.00	PASS	SVTYPE=BND;EVENT=DEL;ISIZE=13151;MATE_ID=BND_lxzeiwdh	GT:CTX:DEL:INS:INV:NOV_INS:TDUP:lSC:nSC:uRP:distl_levD	0/1:0:8:2:0:1:0:0:NA:1:NA
chr05	25873706	BND_nshlsvjc	T	]chr05:25873550]T	3.12	PASS	SVTYPE=BND;EVENT=NOV_INS;ISIZE=156;MATE_ID=BND_pxgjcnaf	GT:CTX:DEL:INS:INV:NOV_INS:TDUP:lSC:nSC:uRP:distl_levD	0/1:0:0:0:0:6:0:19:5:6:0.32
chr05	25952627	BND_hqawjuch	C	]chr02:13377797]C	0.00	PASS	SVTYPE=BND;EVENT=CTX;ISIZE=12574830;MATE_ID=BND_zdtrjxdz	GT:CTX:DEL:INS:INV:NOV_INS:TDUP:lSC:nSC:uRP:distl_levD	0/1:8:0:0:0:1:0:0:NA:1:NA
chr05	25960985	BND_sopswfyv	T	]chr05:25957268]T	3.02	PASS	SVTYPE=BND;EVENT=DEL;ISIZE=3717;MATE_ID=BND_jhpvfgsa	GT:CTX:DEL:INS:INV:NOV_INS:TDUP:lSC:nSC:uRP:distl_levD	0/1:0:10:0:0:0:0:18:6:0:0.33
chr05	26436846	BND_lotmhjau	C	]chr05:26461596]C	0.00	PASS	SVTYPE=BND;EVENT=DEL;ISIZE=24750;MATE_ID=BND_ruzqcjsl	GT:CTX:DEL:INS:INV:NOV_INS:TDUP:lSC:nSC:uRP:distl_levD	0/1:0:10:0:0:0:0:0:NA:0:NA
chr05	26461652	BND_wpenblvg	T	]chr05:26436789]T	0.00	PASS	SVTYPE=BND;EVENT=DEL;ISIZE=24863;MATE_ID=BND_wxmyufro	GT:CTX:DEL:INS:INV:NOV_INS:TDUP:lSC:nSC:uRP:distl_levD	0/1:0:12:0:0:0:0:0:NA:0:NA
chr05	26870424	BND_iofmpiad	T	]chr05:26870435]T	3.12	PASS	SVTYPE=BND;EVENT=NOV_INS;ISIZE=11;MATE_ID=BND_okuovnpj	GT:CTX:DEL:INS:INV:NOV_INS:TDUP:lSC:nSC:uRP:distl_levD	0/1:0:0:0:0:6:0:19:8:6:0.32
chr05	26876455	BND_ubblkqbg	A	]chr05:26876547]A	3.69	PASS	SVTYPE=BND;EVENT=DEL;ISIZE=92;MATE_ID=BND_uyfoozqh	GT:CTX:DEL:INS:INV:NOV_INS:TDUP:lSC:nSC:uRP:distl_levD	0/1:0:8:0:0:1:0:11:5:1:0.27
chr05	26923940	BND_uffzsshg	G	]chr05:26923945]G	3.02	PASS	SVTYPE=BND;EVENT=NOV_INS;ISIZE=5;MATE_ID=BND_ljgcgdzo	GT:CTX:DEL:INS:INV:NOV_INS:TDUP:lSC:nSC:uRP:distl_levD	0/1:0:0:1:0:5:0:18:8:5:0.33
chr05	26923945	BND_dkfinfuf	C	]chr05:26923940]C	3.22	PASS	SVTYPE=BND;EVENT=NOV_INS;ISIZE=5;MATE_ID=BND_nyzddcck	GT:CTX:DEL:INS:INV:NOV_INS:TDUP:lSC:nSC:uRP:distl_levD	0/1:0:0:0:0:5:0:16:5:5:0.31
chr05	26939959	BND_zepfpzfb	T	]chr05:26939994]T	2.77	PASS	SVTYPE=BND;EVENT=NOV_INS;ISIZE=35;MATE_ID=BND_rzvghiep	GT:CTX:DEL:INS:INV:NOV_INS:TDUP:lSC:nSC:uRP:distl_levD	0/1:0:0:0:0:17:0:11:5:17:0.36
chr05	27182496	BND_uzdpsmeg	T	]chr05:27182612]T	5.85	PASS	SVTYPE=BND;EVENT=NOV_INS;ISIZE=116;MATE_ID=BND_xmtuglsk	GT:CTX:DEL:INS:INV:NOV_INS:TDUP:lSC:nSC:uRP:distl_levD	0/1:0:0:0:1:10:0:12:6:10:0.17
chr05	27267365	BND_pcsyrucv	G	]chr05:27267355]G	0.00	PASS	SVTYPE=BND;EVENT=NOV_INS;ISIZE=10;MATE_ID=BND_clsnulkw	GT:CTX:DEL:INS:INV:NOV_INS:TDUP:lSC:nSC:uRP:distl_levD	0/1:1:1:0:0:10:0:0:NA:10:NA
chr05	27267365	BND_yyypdmmf	G	]chr05:27284498]G	0.00	PASS	SVTYPE=BND;EVENT=DEL;ISIZE=17133;MATE_ID=BND_fliiaqqe	GT:CTX:DEL:INS:INV:NOV_INS:TDUP:lSC:nSC:uRP:distl_levD	0/1:2:10:1:0:2:0:0:NA:4:NA
chr05	27389414	BND_zcibjnpt	A	]chr05:27389388]A	2.85	PASS	SVTYPE=BND;EVENT=NOV_INS;ISIZE=26;MATE_ID=BND_buzkizoa	GT:CTX:DEL:INS:INV:NOV_INS:TDUP:lSC:nSC:uRP:distl_levD	0/1:0:0:0:0:6:0:20:7:6:0.35
chr05	27473460	BND_wrhijgug	C	]chr05:27473477]C	2.85	PASS	SVTYPE=BND;EVENT=NOV_INS;ISIZE=17;MATE_ID=BND_qcblgwae	GT:CTX:DEL:INS:INV:NOV_INS:TDUP:lSC:nSC:uRP:distl_levD	0/1:0:0:1:0:5:0:20:12:5:0.35
chr05	27843781	BND_uqrhtwke	C	]chr05:27843781]C	3.98	PASS	SVTYPE=BND;EVENT=NOV_INS;ISIZE=0;MATE_ID=BND_coabnyly	GT:CTX:DEL:INS:INV:NOV_INS:TDUP:lSC:nSC:uRP:distl_levD	0/1:0:0:0:0:16:0:16:5:16:0.25
chr05	27844577	BND_oasmsazl	A	]chr05:27844598]A	3.02	PASS	SVTYPE=BND;EVENT=NOV_INS;ISIZE=21;MATE_ID=BND_ngszxpkt	GT:CTX:DEL:INS:INV:NOV_INS:TDUP:lSC:nSC:uRP:distl_levD	0/1:0:0:1:0:16:0:12:5:23:0.33
chr05	27869110	BND_uddlumwn	T	]chr05:27869137]T	3.32	PASS	SVTYPE=BND;EVENT=NOV_INS;ISIZE=27;MATE_ID=BND_yxzfhceo	GT:CTX:DEL:INS:INV:NOV_INS:TDUP:lSC:nSC:uRP:distl_levD	0/1:0:0:0:0:12:0:20:5:12:0.30
chr05	27902626	BND_zvogzgod	T	]chr05:27902457]T	4.98	PASS	SVTYPE=BND;EVENT=NOV_INS;ISIZE=169;MATE_ID=BND_xuopoxme	GT:CTX:DEL:INS:INV:NOV_INS:TDUP:lSC:nSC:uRP:distl_levD	0/1:0:0:1:0:10:0:10:6:10:0.20
chr05	28193489	BND_vdkgafkp	C	]chr05:28193487]C	4.98	PASS	SVTYPE=BND;EVENT=NOV_INS;ISIZE=2;MATE_ID=BND_obsnxant	GT:CTX:DEL:INS:INV:NOV_INS:TDUP:lSC:nSC:uRP:distl_levD	0/1:0:0:0:0:4:0:10:7:4:0.20
chr05	28292589	BND_zxdpmalp	A	]chr05:28292577]A	2.85	PASS	SVTYPE=BND;EVENT=NOV_INS;ISIZE=12;MATE_ID=BND_oqjezvvs	GT:CTX:DEL:INS:INV:NOV_INS:TDUP:lSC:nSC:uRP:distl_levD	0/1:1:0:0:0:4:0:17:7:4:0.35
chr05	28385153	BND_nipqucqd	G	]chr05:28384940]G	4.33	PASS	SVTYPE=BND;EVENT=NOV_INS;ISIZE=213;MATE_ID=BND_gbcrrmhb	GT:CTX:DEL:INS:INV:NOV_INS:TDUP:lSC:nSC:uRP:distl_levD	0/1:0:0:0:9:19:0:13:5:19:0.23
chr05	28555440	BND_tzalsjdc	A	]chr05:28555436]A	5.52	PASS	SVTYPE=BND;EVENT=NOV_INS;ISIZE=4;MATE_ID=BND_bakmmtzj	GT:CTX:DEL:INS:INV:NOV_INS:TDUP:lSC:nSC:uRP:distl_levD	0/1:0:0:0:0:6:0:11:5:6:0.18
chr05	28739145	BND_vqpwagyq	A	]chr05:7136684]A	0.00	PASS	SVTYPE=BND;EVENT=DEL;ISIZE=21602461;MATE_ID=BND_vmmzbahc	GT:CTX:DEL:INS:INV:NOV_INS:TDUP:lSC:nSC:uRP:distl_levD	0/1:0:11:1:0:7:0:0:NA:7:NA
chr05	28842650	BND_xdjpjszq	C	]chr05:28842634]C	4.52	PASS	SVTYPE=BND;EVENT=NOV_INS;ISIZE=16;MATE_ID=BND_nsfjnyyf	GT:CTX:DEL:INS:INV:NOV_INS:TDUP:lSC:nSC:uRP:distl_levD	0/1:0:0:0:0:9:0:9:5:9:0.22
chr05	28843372	BND_koajzjlf	G	]chr05:28843376]G	2.62	PASS	SVTYPE=BND;EVENT=NOV_INS;ISIZE=4;MATE_ID=BND_enpimtyy	GT:CTX:DEL:INS:INV:NOV_INS:TDUP:lSC:nSC:uRP:distl_levD	0/1:0:0:0:0:4:0:16:5:4:0.38
chr05	29390952	BND_gojnmnzp	G	]chr05:29402051]G	2.62	PASS	SVTYPE=BND;EVENT=DEL;ISIZE=11099;MATE_ID=BND_qcsdcijb	GT:CTX:DEL:INS:INV:NOV_INS:TDUP:lSC:nSC:uRP:distl_levD	0/1:1:19:0:0:5:0:16:7:5:0.38
chr05	29402131	BND_khnvmbhy	T	]chr05:29390830]T	0.00	PASS	SVTYPE=BND;EVENT=DEL;ISIZE=11301;MATE_ID=BND_iykqtqek	GT:CTX:DEL:INS:INV:NOV_INS:TDUP:lSC:nSC:uRP:distl_levD	0/1:0:12:0:0:3:0:0:NA:3:NA
chr05	29516974	BND_ckyxozen	A	]chr05:29516959]A	4.33	PASS	SVTYPE=BND;EVENT=NOV_INS;ISIZE=15;MATE_ID=BND_sadbajmy	GT:CTX:DEL:INS:INV:NOV_INS:TDUP:lSC:nSC:uRP:distl_levD	0/1:3:0:0:4:8:0:13:6:8:0.23
chr05	29787094	BND_vjzoicai	T	]chr07:15687495]T	5.52	PASS	SVTYPE=BND;EVENT=CTX;ISIZE=14099599;MATE_ID=BND_fbxsebxj	GT:CTX:DEL:INS:INV:NOV_INS:TDUP:lSC:nSC:uRP:distl_levD	0/1:4:0:0:0:4:0:11:6:6:0.18
chr05	29907654	BND_gerjhmdv	C	]chr05:29907714]C	3.98	PASS	SVTYPE=BND;EVENT=INS;ISIZE=60;MATE_ID=BND_nolsbqeb	GT:CTX:DEL:INS:INV:NOV_INS:TDUP:lSC:nSC:uRP:distl_levD	0/1:1:2:15:1:13:3:8:6:13:0.25
chr10	179423	BND_myvtocug	T	]chr10:179427]T	3.69	PASS	SVTYPE=BND;EVENT=NOV_INS;ISIZE=4;MATE_ID=BND_khbashnl	GT:CTX:DEL:INS:INV:NOV_INS:TDUP:lSC:nSC:uRP:distl_levD	0/1:0:0:0:0:7:0:11:5:7:0.27
chr10	179427	BND_zbeqvcgn	A	]chr10:179423]A	3.32	PASS	SVTYPE=BND;EVENT=NOV_INS;ISIZE=4;MATE_ID=BND_foshpzjf	GT:CTX:DEL:INS:INV:NOV_INS:TDUP:lSC:nSC:uRP:distl_levD	0/1:0:0:0:0:4:0:20:7:4:0.30
chr10	408034	BND_pbwobaug	C	]chr10:408054]C	1000.00	PASS	SVTYPE=BND;EVENT=NOV_INS;ISIZE=20;MATE_ID=BND_odtpikkp	GT:CTX:DEL:INS:INV:NOV_INS:TDUP:lSC:nSC:uRP:distl_levD	0/1:0:0:0:0:6:0:19:6:7:0.00
chr10	408054	BND_jhmjckuc	G	]chr10:408034]G	1000.00	PASS	SVTYPE=BND;EVENT=NOV_INS;ISIZE=20;MATE_ID=BND_prlxsixq	GT:CTX:DEL:INS:INV:NOV_INS:TDUP:lSC:nSC:uRP:distl_levD	0/1:1:0:0:1:7:0:15:6:7:0.00
chr10	771281	BND_ihbejnlv	A	]chr10:771289]A	2.85	PASS	SVTYPE=BND;EVENT=NOV_INS;ISIZE=8;MATE_ID=BND_ebpfpdvh	GT:CTX:DEL:INS:INV:NOV_INS:TDUP:lSC:nSC:uRP:distl_levD	0/1:1:0:0:0:27:0:17:5:27:0.35
chr10	771289	BND_ranntqwq	T	]chr10:771281]T	2.70	PASS	SVTYPE=BND;EVENT=NOV_INS;ISIZE=8;MATE_ID=BND_ntcxnfdq	GT:CTX:DEL:INS:INV:NOV_INS:TDUP:lSC:nSC:uRP:distl_levD	0/1:2:0:1:0:31:0:19:10:31:0.37
chr10	906510	BND_wxnnmasy	A	]chr10:906515]A	3.02	PASS	SVTYPE=BND;EVENT=NOV_INS;ISIZE=5;MATE_ID=BND_ikedkthb	GT:CTX:DEL:INS:INV:NOV_INS:TDUP:lSC:nSC:uRP:distl_levD	0/1:0:0:1:0:4:0:18:5:4:0.33
chr10	1143310	BND_qgvepsfj	T	]chr10:1154878]T	4.33	PASS	SVTYPE=BND;EVENT=DEL;ISIZE=11568;MATE_ID=BND_dwayzbkx	GT:CTX:DEL:INS:INV:NOV_INS:TDUP:lSC:nSC:uRP:distl_levD	0/1:0:18:0:0:7:0:13:9:9:0.23
chr10	1531440	BND_jfuqpiji	C	]chr10:1531275]C	2.77	PASS	SVTYPE=BND;EVENT=NOV_INS;ISIZE=165;MATE_ID=BND_pootiijz	GT:CTX:DEL:INS:INV:NOV_INS:TDUP:lSC:nSC:uRP:distl_levD	0/1:0:0:0:0:13:0:14:8:13:0.36
chr10	1623718	BND_handmkkv	A	]chr10:1623726]A	4.98	PASS	SVTYPE=BND;EVENT=NOV_INS;ISIZE=8;MATE_ID=BND_kronutii	GT:CTX:DEL:INS:INV:NOV_INS:TDUP:lSC:nSC:uRP:distl_levD	0/1:0:0:0:0:12:0:10:5:12:0.20
chr10	1650235	BND_tmyeffdv	A	]chr10:1650226]A	3.02	PASS	SVTYPE=BND;EVENT=NOV_INS;ISIZE=9;MATE_ID=BND_cekvftag	GT:CTX:DEL:INS:INV:NOV_INS:TDUP:lSC:nSC:uRP:distl_levD	0/1:0:0:0:0:5:0:12:5:8:0.33
chr10	1740267	BND_fpvifwpr	C	]chr08:6055570]C	3.02	PASS	SVTYPE=BND;EVENT=CTX;ISIZE=4315303;MATE_ID=BND_thhysnrq	GT:CTX:DEL:INS:INV:NOV_INS:TDUP:lSC:nSC:uRP:distl_levD	0/1:19:0:0:0:7:0:18:5:7:0.33
chr10	1740275	BND_skvtzlsw	G	]chr08:6055570]G	0.00	PASS	SVTYPE=BND;EVENT=CTX;ISIZE=4315295;MATE_ID=BND_mppasygh	GT:CTX:DEL:INS:INV:NOV_INS:TDUP:lSC:nSC:uRP:distl_levD	0/1:19:0:0:0:7:0:0:NA:7:NA
chr10	1740275	BND_tfsdufqd	G	]chr08:6054699]G	0.00	PASS	SVTYPE=BND;EVENT=CTX;ISIZE=4314424;MATE_ID=BND_aeglkgri	GT:CTX:DEL:INS:INV:NOV_INS:TDUP:lSC:nSC:uRP:distl_levD	0/1:14:0:0:0:2:0:0:NA:2:NA
chr10	2086962	BND_pknwncco	C	]chr10:2086959]C	4.52	PASS	SVTYPE=BND;EVENT=NOV_INS;ISIZE=3;MATE_ID=BND_dbxtyksq	GT:CTX:DEL:INS:INV:NOV_INS:TDUP:lSC:nSC:uRP:distl_levD	0/1:0:0:0:0:4:0:9:6:4:0.22
chr10	2460956	BND_xgbvnaeq	C	]chr10:2460956]C	1000.00	PASS	SVTYPE=BND;EVENT=INV;ISIZE=51718;MATE_ID=BND_fypeuiqz	GT:CTX:DEL:INS:INV:NOV_INS:TDUP:lSC:nSC:uRP:distl_levD	0/1:0:0:0:17:1:0:14:6:1:0.00
chr10	2552727	BND_weuuoxxa	G	]chr10:2552616]G	3.12	PASS	SVTYPE=BND;EVENT=DEL;ISIZE=111;MATE_ID=BND_alejsalk	GT:CTX:DEL:INS:INV:NOV_INS:TDUP:lSC:nSC:uRP:distl_levD	0/1:0:7:0:0:3:0:19:5:3:0.32
chr10	2833321	BND_ehwmnecw	A	]chr04:29218671]A	5.85	PASS	SVTYPE=BND;EVENT=CTX;ISIZE=26385350;MATE_ID=BND_wsciombg	GT:CTX:DEL:INS:INV:NOV_INS:TDUP:lSC:nSC:uRP:distl_levD	0/1:10:0:0:0:7:0:12:6:7:0.17
chr10	2929646	BND_lnqqnrhf	A	]chr10:2929738]A	4.15	PASS	SVTYPE=BND;EVENT=NOV_INS;ISIZE=92;MATE_ID=BND_peqezybx	GT:CTX:DEL:INS:INV:NOV_INS:TDUP:lSC:nSC:uRP:distl_levD	0/1:0:0:0:0:7:0:17:6:7:0.24
chr10	2967806	BND_nektybwm	A	]chr03:13007452]A	3.98	PASS	SVTYPE=BND;EVENT=CTX;ISIZE=10039646;MATE_ID=BND_xkcblbxp	GT:CTX:DEL:INS:INV:NOV_INS:TDUP:lSC:nSC:uRP:distl_levD	0/1:8:0:0:0:1:0:8:5:34:0.25
chr10	2968166	BND_khwrbxcw	C	]chr10:2967981]C	2.77	PASS	SVTYPE=BND;EVENT=NOV_INS;ISIZE=185;MATE_ID=BND_mvsskxct	GT:CTX:DEL:INS:INV:NOV_INS:TDUP:lSC:nSC:uRP:distl_levD	0/1:11:0:1:0:22:0:11:8:27:0.36
chr10	3070144	BND_nvhtigmh	T	]chr10:3070148]T	4.52	PASS	SVTYPE=BND;EVENT=NOV_INS;ISIZE=4;MATE_ID=BND_gsvgvodk	GT:CTX:DEL:INS:INV:NOV_INS:TDUP:lSC:nSC:uRP:distl_levD	0/1:0:0:0:0:4:0:18:5:4:0.22
chr10	3543118	BND_borhctgs	A	]chr10:3543118]A	3.12	PASS	SVTYPE=BND;EVENT=NOV_INS;ISIZE=0;MATE_ID=BND_cxjzczly	GT:CTX:DEL:INS:INV:NOV_INS:TDUP:lSC:nSC:uRP:distl_levD	0/1:0:0:0:0:5:0:19:7:5:0.32
chr10	3801425	BND_ecmzjunv	A	]chr10:3801418]A	2.70	PASS	SVTYPE=BND;EVENT=NOV_INS;ISIZE=7;MATE_ID=BND_rkbeipjk	GT:CTX:DEL:INS:INV:NOV_INS:TDUP:lSC:nSC:uRP:distl_levD	0/1:0:0:0:0:4:0:19:5:4:0.37
chr10	3814289	BND_cbxqwylc	C	]chr10:3814306]C	3.32	PASS	SVTYPE=BND;EVENT=NOV_INS;ISIZE=17;MATE_ID=BND_twrdbkep	GT:CTX:DEL:INS:INV:NOV_INS:TDUP:lSC:nSC:uRP:distl_levD	0/1:0:0:0:0:4:0:20:8:4:0.30
chr10	3847453	BND_sweqwzai	A	]chr10:3847278]A	4.98	PASS	SVTYPE=BND;EVENT=NOV_INS;ISIZE=175;MATE_ID=BND_uahnytyd	GT:CTX:DEL:INS:INV:NOV_INS:TDUP:lSC:nSC:uRP:distl_levD	0/1:1:0:0:0:4:0:10:6:4:0.20
chr10	3879917	BND_gloejmfr	A	]chr10:3879747]A	2.85	PASS	SVTYPE=BND;EVENT=NOV_INS;ISIZE=170;MATE_ID=BND_mpcmlxld	GT:CTX:DEL:INS:INV:NOV_INS:TDUP:lSC:nSC:uRP:distl_levD	0/1:0:0:1:0:5:0:17:6:5:0.35
chr10	3946432	BND_mahxyjzq	C	]chr10:3946432]C	2.49	PASS	SVTYPE=BND;EVENT=NOV_INS;ISIZE=0;MATE_ID=BND_kllrcqqc	GT:CTX:DEL:INS:INV:NOV_INS:TDUP:lSC:nSC:uRP:distl_levD	0/1:0:0:0:0:5:0:15:5:5:0.40
chr10	4300016	BND_zdlvuptp	A	]chr10:4311143]A	0.00	PASS	SVTYPE=BND;EVENT=DEL;ISIZE=11127;MATE_ID=BND_whwuustr	GT:CTX:DEL:INS:INV:NOV_INS:TDUP:lSC:nSC:uRP:distl_levD	0/1:0:7:0:0:1:0:0:NA:1:NA
chr10	4477925	BND_ounohamj	C	]chr10:4477929]C	3.02	PASS	SVTYPE=BND;EVENT=NOV_INS;ISIZE=4;MATE_ID=BND_yqaltsgh	GT:CTX:DEL:INS:INV:NOV_INS:TDUP:lSC:nSC:uRP:distl_levD	0/1:0:0:0:0:4:0:18:6:4:0.33
chr10	4628538	BND_rlyqmqoq	T	]chr10:4628535]T	5.52	PASS	SVTYPE=BND;EVENT=NOV_INS;ISIZE=3;MATE_ID=BND_zfpfmohv	GT:CTX:DEL:INS:INV:NOV_INS:TDUP:lSC:nSC:uRP:distl_levD	0/1:0:0:0:0:6:0:11:7:6:0.18
chr10	4713830	BND_mwucmuzf	T	]chr10:4725359]T	0.00	PASS	SVTYPE=BND;EVENT=DEL;ISIZE=11529;MATE_ID=BND_wetmxorh	GT:CTX:DEL:INS:INV:NOV_INS:TDUP:lSC:nSC:uRP:distl_levD	0/1:0:11:0:0:0:0:0:NA:0:NA
chr10	4866775	BND_gxbpggxv	G	]chr05:9344777]G	3.32	PASS	SVTYPE=BND;EVENT=CTX;ISIZE=4478002;MATE_ID=BND_upbyuemt	GT:CTX:DEL:INS:INV:NOV_INS:TDUP:lSC:nSC:uRP:distl_levD	0/1:21:0:0:0:7:0:20:5:7:0.30
chr10	4929747	BND_gbowvbua	G	]chr10:4929759]G	2.49	PASS	SVTYPE=BND;EVENT=NOV_INS;ISIZE=12;MATE_ID=BND_chyqetzg	GT:CTX:DEL:INS:INV:NOV_INS:TDUP:lSC:nSC:uRP:distl_levD	0/1:0:0:0:0:6:0:20:5:6:0.40
chr10	4945961	BND_wdaofeke	C	]chr10:4945804]C	4.52	PASS	SVTYPE=BND;EVENT=NOV_INS;ISIZE=157;MATE_ID=BND_dufqqydr	GT:CTX:DEL:INS:INV:NOV_INS:TDUP:lSC:nSC:uRP:distl_levD	0/1:2:0:0:0:6:0:9:5:12:0.22
chr10	4948544	BND_repqlcmi	T	]chr10:4948547]T	3.56	PASS	SVTYPE=BND;EVENT=NOV_INS;ISIZE=3;MATE_ID=BND_frnmeqgf	GT:CTX:DEL:INS:INV:NOV_INS:TDUP:lSC:nSC:uRP:distl_levD	0/1:0:0:0:0:7:0:18:6:7:0.28
chr10	5126651	BND_esemvzkv	A	]chr10:5126458]A	2.77	PASS	SVTYPE=BND;EVENT=NOV_INS;ISIZE=193;MATE_ID=BND_ijpstvmh	GT:CTX:DEL:INS:INV:NOV_INS:TDUP:lSC:nSC:uRP:distl_levD	0/1:2:3:1:6:17:0:11:5:19:0.36
chr10	5126669	BND_tggrbyvv	T	]chr10:5126458]T	3.32	PASS	SVTYPE=BND;EVENT=NOV_INS;ISIZE=211;MATE_ID=BND_zolqodil	GT:CTX:DEL:INS:INV:NOV_INS:TDUP:lSC:nSC:uRP:distl_levD	0/1:2:3:1:6:17:0:20:8:18:0.30
chr10	5226544	BND_nmnrzcir	C	]chr10:5226546]C	4.98	PASS	SVTYPE=BND;EVENT=NOV_INS;ISIZE=2;MATE_ID=BND_jsbsmyku	GT:CTX:DEL:INS:INV:NOV_INS:TDUP:lSC:nSC:uRP:distl_levD	0/1:0:0:0:0:4:0:10:6:4:0.20
chr10	5361743	BND_bgnhbuqc	A	]chr10:5362518]A	3.44	PASS	SVTYPE=BND;EVENT=DEL;ISIZE=775;MATE_ID=BND_svlnzvlb	GT:CTX:DEL:INS:INV:NOV_INS:TDUP:lSC:nSC:uRP:distl_levD	0/1:2:8:0:0:5:0:14:5:5:0.29
chr10	5492465	BND_xditpmbv	A	]chr04:34890631]A	0.00	PASS	SVTYPE=BND;EVENT=CTX;ISIZE=29398166;MATE_ID=BND_ltueonsj	GT:CTX:DEL:INS:INV:NOV_INS:TDUP:lSC:nSC:uRP:distl_levD	0/1:15:0:1:0:3:0:0:NA:4:NA
chr10	6217405	BND_nqrounza	C	]chr10:6232371]C	0.00	PASS	SVTYPE=BND;EVENT=DEL;ISIZE=14966;MATE_ID=BND_yrjnzmaz	GT:CTX:DEL:INS:INV:NOV_INS:TDUP:lSC:nSC:uRP:distl_levD	0/1:0:10:1:0:4:0:0:NA:4:NA
chr10	6232440	BND_hurphcne	C	]chr10:6217373]C	0.00	PASS	SVTYPE=BND;EVENT=DEL;ISIZE=15067;MATE_ID=BND_lsfdroog	GT:CTX:DEL:INS:INV:NOV_INS:TDUP:lSC:nSC:uRP:distl_levD	0/1:0:10:0:0:1:0:0:NA:1:NA
chr10	6716906	BND_iejsnymd	C	]chr10:6716609]C	4.98	PASS	SVTYPE=BND;EVENT=NOV_INS;ISIZE=297;MATE_ID=BND_edqrqeke	GT:CTX:DEL:INS:INV:NOV_INS:TDUP:lSC:nSC:uRP:distl_levD	0/1:0:0:2:0:5:0:15:6:5:0.20
chr10	6895872	BND_mqfpogsq	G	]chr10:6895868]G	4.15	PASS	SVTYPE=BND;EVENT=NOV_INS;ISIZE=4;MATE_ID=BND_qtfyilks	GT:CTX:DEL:INS:INV:NOV_INS:TDUP:lSC:nSC:uRP:distl_levD	0/1:0:0:1:0:4:0:17:6:4:0.24
chr10	7020583	BND_dfchujje	T	]chr10:7020583]A	3.12	PASS	SVTYPE=BND;EVENT=INV;ISIZE=688;MATE_ID=BND_gmijwnyi	GT:CTX:DEL:INS:INV:NOV_INS:TDUP:lSC:nSC:uRP:distl_levD	0/1:0:0:0:15:0:0:19:5:0:0.32
chr10	7141447	BND_ygkerhou	A	]chr10:7153042]A	0.00	PASS	SVTYPE=BND;EVENT=DEL;ISIZE=11595;MATE_ID=BND_gtaveffu	GT:CTX:DEL:INS:INV:NOV_INS:TDUP:lSC:nSC:uRP:distl_levD	0/1:0:9:0:0:0:0:0:NA:0:NA
chr10	7406594	BND_ufsqshee	A	]chr10:7406594]A	2.85	PASS	SVTYPE=BND;EVENT=NOV_INS;ISIZE=0;MATE_ID=BND_hkplzzte	GT:CTX:DEL:INS:INV:NOV_INS:TDUP:lSC:nSC:uRP:distl_levD	0/1:0:0:0:0:10:0:17:7:10:0.35
chr10	7544252	BND_odydlwhu	C	]chr10:7544076]C	3.98	PASS	SVTYPE=BND;EVENT=NOV_INS;ISIZE=176;MATE_ID=BND_ebiprxtg	GT:CTX:DEL:INS:INV:NOV_INS:TDUP:lSC:nSC:uRP:distl_levD	0/1:0:0:0:0:8:0:16:5:10:0.25
chr10	8096979	BND_olojtffx	T	]chr10:8096822]T	3.44	PASS	SVTYPE=BND;EVENT=NOV_INS;ISIZE=157;MATE_ID=BND_kqelrrfg	GT:CTX:DEL:INS:INV:NOV_INS:TDUP:lSC:nSC:uRP:distl_levD	0/1:0:0:3:0:6:0:14:5:7:0.29
chr10	8664024	BND_sxxxoiej	T	]chr10:8678925]T	0.00	PASS	SVTYPE=BND;EVENT=DEL;ISIZE=14901;MATE_ID=BND_ppczdcda	GT:CTX:DEL:INS:INV:NOV_INS:TDUP:lSC:nSC:uRP:distl_levD	0/1:1:17:0:0:2:0:0:NA:2:NA
chr10	8678673	BND_lyrldclb	C	]chr10:8663990]C	0.00	PASS	SVTYPE=BND;EVENT=DEL;ISIZE=14683;MATE_ID=BND_ltcjxoqo	GT:CTX:DEL:INS:INV:NOV_INS:TDUP:lSC:nSC:uRP:distl_levD	0/1:3:13:0:0:0:0:0:NA:0:NA
chr10	8913411	BND_wlebixdi	G	]chr10:8912562]G	2.49	PASS	SVTYPE=BND;EVENT=DEL;ISIZE=849;MATE_ID=BND_nspmwadw	GT:CTX:DEL:INS:INV:NOV_INS:TDUP:lSC:nSC:uRP:distl_levD	0/1:0:12:0:4:4:0:15:5:4:0.40
chr10	9117605	BND_gloipsvo	C	]chr10:9117599]C	3.44	PASS	SVTYPE=BND;EVENT=NOV_INS;ISIZE=6;MATE_ID=BND_euvltqaj	GT:CTX:DEL:INS:INV:NOV_INS:TDUP:lSC:nSC:uRP:distl_levD	0/1:0:0:0:0:4:0:14:6:7:0.29
chr10	9286268	BND_lcnqbefv	C	]chr10:9288706]C	3.44	PASS	SVTYPE=BND;EVENT=DEL;ISIZE=2438;MATE_ID=BND_fmepdylm	GT:CTX:DEL:INS:INV:NOV_INS:TDUP:lSC:nSC:uRP:distl_levD	0/1:0:18:0:0:6:0:14:5:6:0.29
chr10	9339591	BND_gnupocle	C	]chr10:9339381]C	3.98	PASS	SVTYPE=BND;EVENT=NOV_INS;ISIZE=210;MATE_ID=BND_wzszvyhn	GT:CTX:DEL:INS:INV:NOV_INS:TDUP:lSC:nSC:uRP:distl_levD	0/1:0:0:0:0:4:0:16:6:4:0.25
chr10	9598748	BND_hhinzmik	C	]chr10:9598746]C	3.44	PASS	SVTYPE=BND;EVENT=NOV_INS;ISIZE=2;MATE_ID=BND_jrfcpsjs	GT:CTX:DEL:INS:INV:NOV_INS:TDUP:lSC:nSC:uRP:distl_levD	0/1:0:0:0:0:18:0:14:5:18:0.29
chr10	9670512	BND_niqrumzd	T	]chr10:9671954]T	3.32	PASS	SVTYPE=BND;EVENT=DEL;ISIZE=1442;MATE_ID=BND_epyhsxab	GT:CTX:DEL:INS:INV:NOV_INS:TDUP:lSC:nSC:uRP:distl_levD	0/1:0:14:1:2:2:0:10:6:2:0.30
chr10	9891988	BND_fefgkgkn	G	]chr10:9877250]G	3.32	PASS	SVTYPE=BND;EVENT=DEL;ISIZE=14738;MATE_ID=BND_zpwzifhb	GT:CTX:DEL:INS:INV:NOV_INS:TDUP:lSC:nSC:uRP:distl_levD	0/1:1:4:1:0:2:0:20:7:2:0.30
chr10	9938109	BND_xlcehsgr	G	]chr10:9937943]G	5.85	PASS	SVTYPE=BND;EVENT=NOV_INS;ISIZE=166;MATE_ID=BND_sdxqtxju	GT:CTX:DEL:INS:INV:NOV_INS:TDUP:lSC:nSC:uRP:distl_levD	0/1:0:0:0:0:19:0:6:6:19:0.17
chr10	10074776	BND_teaxdyfj	T	]chr12:12403745]T	2.62	PASS	SVTYPE=BND;EVENT=CTX;ISIZE=2328969;MATE_ID=BND_hzpvdsfn	GT:CTX:DEL:INS:INV:NOV_INS:TDUP:lSC:nSC:uRP:distl_levD	0/1:7:0:0:0:3:0:16:5:3:0.38
chr10	10379993	BND_ukzuylhj	C	]chr10:10379811]C	3.69	PASS	SVTYPE=BND;EVENT=NOV_INS;ISIZE=182;MATE_ID=BND_bpmcscod	GT:CTX:DEL:INS:INV:NOV_INS:TDUP:lSC:nSC:uRP:distl_levD	0/1:0:0:0:0:6:0:15:8:6:0.27
chr10	10466491	BND_evohgmjp	T	]chr10:10466319]T	3.69	PASS	SVTYPE=BND;EVENT=NOV_INS;ISIZE=172;MATE_ID=BND_ptcgxznh	GT:CTX:DEL:INS:INV:NOV_INS:TDUP:lSC:nSC:uRP:distl_levD	0/1:0:0:2:0:5:0:15:5:6:0.27
chr10	10562747	BND_tfuhxbif	A	]chr10:10562737]A	3.02	PASS	SVTYPE=BND;EVENT=NOV_INS;ISIZE=10;MATE_ID=BND_witnirpo	GT:CTX:DEL:INS:INV:NOV_INS:TDUP:lSC:nSC:uRP:distl_levD	0/1:1:0:0:0:4:0:18:5:7:0.33
chr10	10591298	BND_jqdryuoe	T	]chr10:10591301]T	9.01	PASS	SVTYPE=BND;EVENT=NOV_INS;ISIZE=3;MATE_ID=BND_nvwrlpzq	GT:CTX:DEL:INS:INV:NOV_INS:TDUP:lSC:nSC:uRP:distl_levD	0/1:0:0:0:0:6:0:9:6:6:0.11
chr10	10647140	BND_nxpnydox	T	]chr10:10647142]T	3.32	PASS	SVTYPE=BND;EVENT=NOV_INS;ISIZE=2;MATE_ID=BND_ketprpsh	GT:CTX:DEL:INS:INV:NOV_INS:TDUP:lSC:nSC:uRP:distl_levD	0/1:0:0:0:0:4:0:20:5:4:0.30
chr10	10982773	BND_ksqqjxih	A	]chr10:10982593]A	5.52	PASS	SVTYPE=BND;EVENT=NOV_INS;ISIZE=180;MATE_ID=BND_hsesmsde	GT:CTX:DEL:INS:INV:NOV_INS:TDUP:lSC:nSC:uRP:distl_levD	0/1:2:0:0:0:14:0:11:6:27:0.18
chr10	11258820	BND_euderzfi	G	]chr11:22937697]G	4.52	PASS	SVTYPE=BND;EVENT=CTX;ISIZE=11678877;MATE_ID=BND_raozeuwp	GT:CTX:DEL:INS:INV:NOV_INS:TDUP:lSC:nSC:uRP:distl_levD	0/1:5:0:0:0:2:0:18:6:2:0.22
chr10	11261254	BND_dybjfoui	A	]chr10:11261405]A	4.52	PASS	SVTYPE=BND;EVENT=NOV_INS;ISIZE=151;MATE_ID=BND_svlpemwe	GT:CTX:DEL:INS:INV:NOV_INS:TDUP:lSC:nSC:uRP:distl_levD	0/1:3:0:0:3:13:0:9:6:13:0.22
chr10	11296620	BND_crialxse	T	]chr10:11296649]T	2.49	PASS	SVTYPE=BND;EVENT=NOV_INS;ISIZE=29;MATE_ID=BND_exsuvazr	GT:CTX:DEL:INS:INV:NOV_INS:TDUP:lSC:nSC:uRP:distl_levD	0/1:0:0:0:0:8:0:15:5:8:0.40
chr10	11336038	BND_skpmfnxw	T	]chr10:11335863]T	2.62	PASS	SVTYPE=BND;EVENT=NOV_INS;ISIZE=175;MATE_ID=BND_ofythqhk	GT:CTX:DEL:INS:INV:NOV_INS:TDUP:lSC:nSC:uRP:distl_levD	0/1:0:0:0:0:12:0:16:5:15:0.38
chr10	11393887	BND_yzspimif	A	]chr10:11393840]A	4.98	PASS	SVTYPE=BND;EVENT=NOV_INS;ISIZE=47;MATE_ID=BND_azjfwdtv	GT:CTX:DEL:INS:INV:NOV_INS:TDUP:lSC:nSC:uRP:distl_levD	0/1:0:1:0:0:4:0:10:5:4:0.20
chr10	11416416	BND_ozcgbyny	C	]chr10:11416210]C	3.02	PASS	SVTYPE=BND;EVENT=NOV_INS;ISIZE=206;MATE_ID=BND_scvrbbmn	GT:CTX:DEL:INS:INV:NOV_INS:TDUP:lSC:nSC:uRP:distl_levD	0/1:0:0:0:0:4:0:18:5:4:0.33
chr10	11440500	BND_ijlhxiuw	T	]chr10:11440494]T	9.01	PASS	SVTYPE=BND;EVENT=NOV_INS;ISIZE=6;MATE_ID=BND_vmroczca	GT:CTX:DEL:INS:INV:NOV_INS:TDUP:lSC:nSC:uRP:distl_levD	0/1:2:0:3:0:6:2:9:10:37:0.11
chr10	11763741	BND_ksjvacot	A	]chr10:11776756]A	0.00	PASS	SVTYPE=BND;EVENT=DEL;ISIZE=13015;MATE_ID=BND_lsyawqss	GT:CTX:DEL:INS:INV:NOV_INS:TDUP:lSC:nSC:uRP:distl_levD	0/1:1:12:1:0:0:0:0:NA:1:NA
chr10	11776756	BND_xinzmqle	A	]chr10:11763685]A	0.00	PASS	SVTYPE=BND;EVENT=DEL;ISIZE=13071;MATE_ID=BND_vsacijdi	GT:CTX:DEL:INS:INV:NOV_INS:TDUP:lSC:nSC:uRP:distl_levD	0/1:2:16:0:0:0:0:0:NA:0:NA
chr10	11824905	BND_unjwraps	A	]chr10:11824907]A	3.44	PASS	SVTYPE=BND;EVENT=NOV_INS;ISIZE=2;MATE_ID=BND_dozoxizs	GT:CTX:DEL:INS:INV:NOV_INS:TDUP:lSC:nSC:uRP:distl_levD	0/1:0:0:1:0:7:0:14:5:8:0.29
chr10	11824907	BND_vwaqjlkf	A	]chr10:11824905]A	2.85	PASS	SVTYPE=BND;EVENT=NOV_INS;ISIZE=2;MATE_ID=BND_dzamaaxx	GT:CTX:DEL:INS:INV:NOV_INS:TDUP:lSC:nSC:uRP:distl_levD	0/1:1:0:0:0:5:0:17:7:5:0.35
chr10	11887942	BND_jcllynvk	A	]chr10:11887946]A	3.44	PASS	SVTYPE=BND;EVENT=NOV_INS;ISIZE=4;MATE_ID=BND_cokoxauv	GT:CTX:DEL:INS:INV:NOV_INS:TDUP:lSC:nSC:uRP:distl_levD	0/1:0:0:0:0:4:0:14:5:4:0.29
chr10	12023695	BND_lxyrmheo	G	]chr10:12023695]G	3.12	PASS	SVTYPE=BND;EVENT=NOV_INS;ISIZE=0;MATE_ID=BND_fdxrvyje	GT:CTX:DEL:INS:INV:NOV_INS:TDUP:lSC:nSC:uRP:distl_levD	0/1:0:0:0:0:5:0:19:5:5:0.32
chr10	12036445	BND_cvrqqxqt	A	]chr10:12036437]A	3.02	PASS	SVTYPE=BND;EVENT=NOV_INS;ISIZE=8;MATE_ID=BND_hrlwrajx	GT:CTX:DEL:INS:INV:NOV_INS:TDUP:lSC:nSC:uRP:distl_levD	0/1:0:0:0:0:4:0:12:6:4:0.33
chr10	12110230	BND_rkcdgikr	T	]chr10:12111609]T	5.85	PASS	SVTYPE=BND;EVENT=DEL;ISIZE=1379;MATE_ID=BND_cpomkqbj	GT:CTX:DEL:INS:INV:NOV_INS:TDUP:lSC:nSC:uRP:distl_levD	0/1:0:14:1:0:1:0:6:6:1:0.17
chr10	12351237	BND_ncvkwgsv	A	]chr10:12351200]A	0.00	PASS	SVTYPE=BND;EVENT=NOV_INS;ISIZE=37;MATE_ID=BND_rhheselv	GT:CTX:DEL:INS:INV:NOV_INS:TDUP:lSC:nSC:uRP:distl_levD	0/1:0:8:0:0:14:0:0:NA:14:NA
chr10	12351457	BND_lhtupvqx	A	]chr10:12351479]A	3.02	PASS	SVTYPE=BND;EVENT=NOV_INS;ISIZE=22;MATE_ID=BND_wzrgjjup	GT:CTX:DEL:INS:INV:NOV_INS:TDUP:lSC:nSC:uRP:distl_levD	0/1:0:0:6:0:18:0:18:5:18:0.33
chr10	12664713	BND_eoxqvsvx	G	]chr10:12664721]G	2.85	PASS	SVTYPE=BND;EVENT=NOV_INS;ISIZE=8;MATE_ID=BND_kjzdmyie	GT:CTX:DEL:INS:INV:NOV_INS:TDUP:lSC:nSC:uRP:distl_levD	0/1:1:1:0:0:10:0:17:5:10:0.35
chr10	12886334	BND_ewjwvxqa	C	]chr10:12886156]C	3.98	PASS	SVTYPE=BND;EVENT=NOV_INS;ISIZE=178;MATE_ID=BND_rpsdaals	GT:CTX:DEL:INS:INV:NOV_INS:TDUP:lSC:nSC:uRP:distl_levD	0/1:0:0:0:0:16:0:12:6:18:0.25
chr10	12988562	BND_egipvilb	T	]chr10:12988463]T	0.00	PASS	SVTYPE=BND;EVENT=NOV_INS;ISIZE=99;MATE_ID=BND_dqosmror	GT:CTX:DEL:INS:INV:NOV_INS:TDUP:lSC:nSC:uRP:distl_levD	0/1:1:0:0:0:4:0:0:NA:4:NA
chr10	12988562	BND_icebqbsj	T	]chr07:3278506]T	0.00	PASS	SVTYPE=BND;EVENT=CTX;ISIZE=9710056;MATE_ID=BND_vnaultym	GT:CTX:DEL:INS:INV:NOV_INS:TDUP:lSC:nSC:uRP:distl_levD	0/1:11:0:0:0:4:0:0:NA:4:NA
chr10	12988625	BND_zlrhiryw	T	]chr10:12988463]T	3.44	PASS	SVTYPE=BND;EVENT=NOV_INS;ISIZE=162;MATE_ID=BND_rmkhepma	GT:CTX:DEL:INS:INV:NOV_INS:TDUP:lSC:nSC:uRP:distl_levD	0/1:1:0:0:0:4:0:14:5:4:0.29
chr10	13026101	BND_gmmbuquv	G	]chr10:13026105]G	4.52	PASS	SVTYPE=BND;EVENT=NOV_INS;ISIZE=4;MATE_ID=BND_syqaohkl	GT:CTX:DEL:INS:INV:NOV_INS:TDUP:lSC:nSC:uRP:distl_levD	0/1:0:0:0:0:4:0:9:5:4:0.22
chr10	13143942	BND_qquxnyys	T	]chr10:13143883]T	3.44	PASS	SVTYPE=BND;EVENT=NOV_INS;ISIZE=59;MATE_ID=BND_rzmdgcky	GT:CTX:DEL:INS:INV:NOV_INS:TDUP:lSC:nSC:uRP:distl_levD	0/1:0:0:0:0:4:0:14:5:4:0.29
chr10	13335010	BND_emddtmbq	C	]chr10:13335007]C	3.12	PASS	SVTYPE=BND;EVENT=NOV_INS;ISIZE=3;MATE_ID=BND_qfxqxkmq	GT:CTX:DEL:INS:INV:NOV_INS:TDUP:lSC:nSC:uRP:distl_levD	0/1:0:0:0:0:4:0:19:5:4:0.32
chr10	13423070	BND_jnhfvsgx	A	]chr10:13423064]A	3.69	PASS	SVTYPE=BND;EVENT=NOV_INS;ISIZE=6;MATE_ID=BND_dqrsftnn	GT:CTX:DEL:INS:INV:NOV_INS:TDUP:lSC:nSC:uRP:distl_levD	0/1:0:0:0:0:4:0:11:5:4:0.27
chr10	13529828	BND_slvjiwie	A	]chr01:14215741]A	0.00	PASS	SVTYPE=BND;EVENT=CTX;ISIZE=685913;MATE_ID=BND_ivgjbwbr	GT:CTX:DEL:INS:INV:NOV_INS:TDUP:lSC:nSC:uRP:distl_levD	0/1:15:2:0:0:2:0:0:NA:4:NA
chr10	13767189	BND_cyqetjgc	A	]chr10:13767189]A	3.69	PASS	SVTYPE=BND;EVENT=NOV_INS;ISIZE=0;MATE_ID=BND_njpjdbtb	GT:CTX:DEL:INS:INV:NOV_INS:TDUP:lSC:nSC:uRP:distl_levD	0/1:0:0:0:0:9:0:15:6:9:0.27
chr10	13767189	BND_toqapdqz	A	]chr10:13767189]A	2.85	PASS	SVTYPE=BND;EVENT=NOV_INS;ISIZE=0;MATE_ID=BND_octznisg	GT:CTX:DEL:INS:INV:NOV_INS:TDUP:lSC:nSC:uRP:distl_levD	0/1:0:0:0:0:4:0:20:8:4:0.35
chr10	13769232	BND_gytcepow	C	]chr10:13769225]C	2.62	PASS	SVTYPE=BND;EVENT=NOV_INS;ISIZE=7;MATE_ID=BND_njhwkkyx	GT:CTX:DEL:INS:INV:NOV_INS:TDUP:lSC:nSC:uRP:distl_levD	0/1:0:0:0:0:4:0:16:6:4:0.38
chr10	13850801	BND_btsqhlse	A	]chr10:13850848]A	9.90	PASS	SVTYPE=BND;EVENT=NOV_INS;ISIZE=47;MATE_ID=BND_mytjvpkf	GT:CTX:DEL:INS:INV:NOV_INS:TDUP:lSC:nSC:uRP:distl_levD	0/1:1:0:1:0:5:0:10:5:5:0.10
chr10	13850883	BND_pgyvacth	T	]chr10:13850848]T	3.12	PASS	SVTYPE=BND;EVENT=NOV_INS;ISIZE=35;MATE_ID=BND_qvcxqirb	GT:CTX:DEL:INS:INV:NOV_INS:TDUP:lSC:nSC:uRP:distl_levD	0/1:1:1:2:0:5:0:19:7:9:0.32
chr10	13911469	BND_pfasfsdu	A	]chr10:13911193]A	9.01	PASS	SVTYPE=BND;EVENT=NOV_INS;ISIZE=276;MATE_ID=BND_vyswjiys	GT:CTX:DEL:INS:INV:NOV_INS:TDUP:lSC:nSC:uRP:distl_levD	0/1:0:0:0:0:4:0:9:5:4:0.11
chr10	14182718	BND_cfzlilla	A	]chr10:14182423]A	2.32	PASS	SVTYPE=BND;EVENT=NOV_INS;ISIZE=295;MATE_ID=BND_uxgayleg	GT:CTX:DEL:INS:INV:NOV_INS:TDUP:lSC:nSC:uRP:distl_levD	0/1:0:0:1:0:5:0:14:10:5:0.43
chr10	14225647	BND_kztshgde	A	]chr10:14225436]A	3.02	PASS	SVTYPE=BND;EVENT=NOV_INS;ISIZE=211;MATE_ID=BND_deavuzag	GT:CTX:DEL:INS:INV:NOV_INS:TDUP:lSC:nSC:uRP:distl_levD	0/1:0:1:0:0:11:0:18:5:11:0.33
chr10	14259231	BND_azmsypeq	G	]chr10:14259307]G	3.98	PASS	SVTYPE=BND;EVENT=NOV_INS;ISIZE=76;MATE_ID=BND_zfghxeik	GT:CTX:DEL:INS:INV:NOV_INS:TDUP:lSC:nSC:uRP:distl_levD	0/1:0:0:0:0:4:0:16:7:4:0.25
chr10	14283212	BND_wuuxokfd	T	]chr10:14283040]T	2.85	PASS	SVTYPE=BND;EVENT=NOV_INS;ISIZE=172;MATE_ID=BND_yunkyokf	GT:CTX:DEL:INS:INV:NOV_INS:TDUP:lSC:nSC:uRP:distl_levD	0/1:2:0:0:0:4:0:17:5:4:0.35
chr10	14498750	BND_zykmszim	A	]chr10:14498716]A	3.02	PASS	SVTYPE=BND;EVENT=INS;ISIZE=34;MATE_ID=BND_dsnfqmld	GT:CTX:DEL:INS:INV:NOV_INS:TDUP:lSC:nSC:uRP:distl_levD	0/1:1:0:9:0:1:0:18:5:1:0.33
chr10	14580544	BND_grzlkeaj	T	]chr10:14580461]T	3.02	PASS	SVTYPE=BND;EVENT=NOV_INS;ISIZE=83;MATE_ID=BND_rcxprxzo	GT:CTX:DEL:INS:INV:NOV_INS:TDUP:lSC:nSC:uRP:distl_levD	0/1:0:0:0:0:9:0:18:9:9:0.33
chr10	14698058	BND_wksianbm	G	]chr10:14698053]G	4.52	PASS	SVTYPE=BND;EVENT=NOV_INS;ISIZE=5;MATE_ID=BND_ydnriuxk	GT:CTX:DEL:INS:INV:NOV_INS:TDUP:lSC:nSC:uRP:distl_levD	0/1:0:0:0:0:8:0:18:5:8:0.22
chr10	14735743	BND_lldoyxlw	A	]chr10:14735889]A	3.44	PASS	SVTYPE=BND;EVENT=NOV_INS;ISIZE=146;MATE_ID=BND_zcrkdmmz	GT:CTX:DEL:INS:INV:NOV_INS:TDUP:lSC:nSC:uRP:distl_levD	0/1:0:0:0:0:19:0:14:5:19:0.29
chr10	14741628	BND_billozpa	C	]chr10:14741667]C	2.77	PASS	SVTYPE=BND;EVENT=NOV_INS;ISIZE=39;MATE_ID=BND_wlswlhvm	GT:CTX:DEL:INS:INV:NOV_INS:TDUP:lSC:nSC:uRP:distl_levD	0/1:0:0:0:0:4:0:14:6:4:0.36
chr10	14854421	BND_lfxpndwl	T	]chr10:14854155]T	3.02	PASS	SVTYPE=BND;EVENT=NOV_INS;ISIZE=266;MATE_ID=BND_xxhpoqjf	GT:CTX:DEL:INS:INV:NOV_INS:TDUP:lSC:nSC:uRP:distl_levD	0/1:0:0:0:0:5:0:12:5:9:0.33
chr10	14979499	BND_grmbrxvs	A	]chr10:14979496]A	4.52	PASS	SVTYPE=BND;EVENT=NOV_INS;ISIZE=3;MATE_ID=BND_xlknshhl	GT:CTX:DEL:INS:INV:NOV_INS:TDUP:lSC:nSC:uRP:distl_levD	0/1:0:0:0:0:4:0:18:5:4:0.22
chr10	15125554	BND_wkgkvzup	A	]chr10:15125551]A	3.02	PASS	SVTYPE=BND;EVENT=NOV_INS;ISIZE=3;MATE_ID=BND_sgdefhxu	GT:CTX:DEL:INS:INV:NOV_INS:TDUP:lSC:nSC:uRP:distl_levD	0/1:0:0:2:0:6:0:18:8:7:0.33
chr10	15126016	BND_marpbhmn	T	]chr10:15126334]T	3.98	PASS	SVTYPE=BND;EVENT=DEL;ISIZE=318;MATE_ID=BND_mbvcrqhi	GT:CTX:DEL:INS:INV:NOV_INS:TDUP:lSC:nSC:uRP:distl_levD	0/1:0:16:0:0:6:0:12:6:6:0.25
chr10	15201487	BND_mwqikegn	G	]chr10:15201302]G	2.49	PASS	SVTYPE=BND;EVENT=NOV_INS;ISIZE=185;MATE_ID=BND_ilmyotxp	GT:CTX:DEL:INS:INV:NOV_INS:TDUP:lSC:nSC:uRP:distl_levD	0/1:0:4:0:0:9:0:20:5:11:0.40
chr10	15299980	BND_xviftury	T	]chr07:6382650]T	1000.00	PASS	SVTYPE=BND;EVENT=CTX;ISIZE=8917330;MATE_ID=BND_pxfbqioa	GT:CTX:DEL:INS:INV:NOV_INS:TDUP:lSC:nSC:uRP:distl_levD	0/1:5:0:0:0:3:0:16:5:3:0.00
chr10	15323345	BND_wiuphsov	C	]chr10:15309960]C	0.00	PASS	SVTYPE=BND;EVENT=DEL;ISIZE=13385;MATE_ID=BND_fidndcmp	GT:CTX:DEL:INS:INV:NOV_INS:TDUP:lSC:nSC:uRP:distl_levD	0/1:0:9:0:0:1:0:0:NA:1:NA
chr10	15327668	BND_etvcsqfq	T	]chr10:15327469]T	1000.00	PASS	SVTYPE=BND;EVENT=NOV_INS;ISIZE=199;MATE_ID=BND_qggildaw	GT:CTX:DEL:INS:INV:NOV_INS:TDUP:lSC:nSC:uRP:distl_levD	0/1:0:0:0:0:5:0:7:6:5:0.00
chr10	15609276	BND_uajtqmpg	A	]chr10:15609270]A	2.32	PASS	SVTYPE=BND;EVENT=NOV_INS;ISIZE=6;MATE_ID=BND_aouvxuvc	GT:CTX:DEL:INS:INV:NOV_INS:TDUP:lSC:nSC:uRP:distl_levD	0/1:0:0:0:0:6:0:14:5:6:0.43
chr10	15818248	BND_qidpwpnw	C	]chr10:15818083]C	3.44	PASS	SVTYPE=BND;EVENT=NOV_INS;ISIZE=165;MATE_ID=BND_epiuxekn	GT:CTX:DEL:INS:INV:NOV_INS:TDUP:lSC:nSC:uRP:distl_levD	0/1:0:0:0:0:5:0:17:5:5:0.29
chr10	15916208	BND_jskumdbj	A	]chr10:15916203]A	3.44	PASS	SVTYPE=BND;EVENT=NOV_INS;ISIZE=5;MATE_ID=BND_naguvwfa	GT:CTX:DEL:INS:INV:NOV_INS:TDUP:lSC:nSC:uRP:distl_levD	0/1:0:0:0:0:4:0:14:5:4:0.29
chr10	15924418	BND_cjpnohzo	C	]chr10:15924241]C	2.49	PASS	SVTYPE=BND;EVENT=NOV_INS;ISIZE=177;MATE_ID=BND_kenzdjax	GT:CTX:DEL:INS:INV:NOV_INS:TDUP:lSC:nSC:uRP:distl_levD	0/1:2:0:1:0:7:0:15:5:7:0.40
chr10	15927710	BND_dckabfwf	G	]chr10:15927503]G	3.12	PASS	SVTYPE=BND;EVENT=NOV_INS;ISIZE=207;MATE_ID=BND_cmnxblhg	GT:CTX:DEL:INS:INV:NOV_INS:TDUP:lSC:nSC:uRP:distl_levD	0/1:2:0:0:0:4:0:19:5:9:0.32
chr10	16067569	BND_watqqfkf	A	]chr10:16067576]A	3.44	PASS	SVTYPE=BND;EVENT=NOV_INS;ISIZE=7;MATE_ID=BND_kntmaotc	GT:CTX:DEL:INS:INV:NOV_INS:TDUP:lSC:nSC:uRP:distl_levD	0/1:0:0:0:0:4:0:14:8:4:0.29
chr10	16095933	BND_aszbsxxx	T	]chr10:16095938]T	2.38	PASS	SVTYPE=BND;EVENT=NOV_INS;ISIZE=5;MATE_ID=BND_rnxrduwq	GT:CTX:DEL:INS:INV:NOV_INS:TDUP:lSC:nSC:uRP:distl_levD	0/1:0:0:0:0:10:0:19:8:10:0.42
chr10	16095938	BND_jrwxpsfk	A	]chr10:16095933]A	3.12	PASS	SVTYPE=BND;EVENT=NOV_INS;ISIZE=5;MATE_ID=BND_ryjgxfkp	GT:CTX:DEL:INS:INV:NOV_INS:TDUP:lSC:nSC:uRP:distl_levD	0/1:0:0:0:0:8:0:19:7:8:0.32
chr10	16146551	BND_sqydvbhj	G	]chr10:16146542]G	3.22	PASS	SVTYPE=BND;EVENT=NOV_INS;ISIZE=9;MATE_ID=BND_uofcbezz	GT:CTX:DEL:INS:INV:NOV_INS:TDUP:lSC:nSC:uRP:distl_levD	0/1:0:0:0:0:5:0:13:9:5:0.31
chr10	16333976	BND_dvhapojp	G	]chr10:16333973]G	3.02	PASS	SVTYPE=BND;EVENT=NOV_INS;ISIZE=3;MATE_ID=BND_vdssxzvj	GT:CTX:DEL:INS:INV:NOV_INS:TDUP:lSC:nSC:uRP:distl_levD	0/1:2:0:0:0:4:0:18:5:4:0.33
chr10	16428487	BND_eljwzsaz	A	]chr10:16428491]A	2.85	PASS	SVTYPE=BND;EVENT=NOV_INS;ISIZE=4;MATE_ID=BND_xbrvdhid	GT:CTX:DEL:INS:INV:NOV_INS:TDUP:lSC:nSC:uRP:distl_levD	0/1:0:0:0:0:4:0:20:6:4:0.35
chr10	16460902	BND_axzrvlfm	G	]chr10:16473886]G	2.49	PASS	SVTYPE=BND;EVENT=DEL;ISIZE=12984;MATE_ID=BND_vskduyyf	GT:CTX:DEL:INS:INV:NOV_INS:TDUP:lSC:nSC:uRP:distl_levD	0/1:0:22:1:0:2:0:20:7:2:0.40
chr10	16641942	BND_hxcbnnrt	C	]chr10:16641947]C	3.22	PASS	SVTYPE=BND;EVENT=NOV_INS;ISIZE=5;MATE_ID=BND_hfotwwks	GT:CTX:DEL:INS:INV:NOV_INS:TDUP:lSC:nSC:uRP:distl_levD	0/1:1:0:0:0:6:0:13:11:6:0.31
chr10	16797484	BND_swqglkiz	C	]chr10:16797482]C	4.74	PASS	SVTYPE=BND;EVENT=NOV_INS;ISIZE=2;MATE_ID=BND_apugjjjl	GT:CTX:DEL:INS:INV:NOV_INS:TDUP:lSC:nSC:uRP:distl_levD	0/1:0:0:0:0:7:0:14:5:7:0.21
chr10	16817362	BND_xgtdjssk	C	]chr10:16817341]C	3.22	PASS	SVTYPE=BND;EVENT=NOV_INS;ISIZE=21;MATE_ID=BND_fyvmvrgj	GT:CTX:DEL:INS:INV:NOV_INS:TDUP:lSC:nSC:uRP:distl_levD	0/1:0:0:0:0:5:0:13:6:5:0.31
chr10	17302398	BND_vaednbsm	G	]chr10:17302443]G	4.52	PASS	SVTYPE=BND;EVENT=NOV_INS;ISIZE=45;MATE_ID=BND_mxulgxod	GT:CTX:DEL:INS:INV:NOV_INS:TDUP:lSC:nSC:uRP:distl_levD	0/1:0:0:0:0:7:0:18:5:7:0.22
chr10	17622341	BND_mrawqciv	C	]chr10:17622186]C	4.52	PASS	SVTYPE=BND;EVENT=NOV_INS;ISIZE=155;MATE_ID=BND_faahztlx	GT:CTX:DEL:INS:INV:NOV_INS:TDUP:lSC:nSC:uRP:distl_levD	0/1:0:0:0:0:5:0:9:5:5:0.22
chr10	17642425	BND_qexiebdv	A	]chr10:17639128]A	3.22	PASS	SVTYPE=BND;EVENT=DEL;ISIZE=3297;MATE_ID=BND_debmteki	GT:CTX:DEL:INS:INV:NOV_INS:TDUP:lSC:nSC:uRP:distl_levD	0/1:0:9:0:1:6:0:16:5:6:0.31
chr10	17773278	BND_oifbkskf	A	]chr10:17773191]A	8.26	PASS	SVTYPE=BND;EVENT=INS;ISIZE=87;MATE_ID=BND_vkfdqejn	GT:CTX:DEL:INS:INV:NOV_INS:TDUP:lSC:nSC:uRP:distl_levD	0/1:0:0:5:0:2:0:8:5:3:0.12
chr10	18038238	BND_tkfxleko	A	]chr10:18038081]A	3.98	PASS	SVTYPE=BND;EVENT=NOV_INS;ISIZE=157;MATE_ID=BND_cjtgwljy	GT:CTX:DEL:INS:INV:NOV_INS:TDUP:lSC:nSC:uRP:distl_levD	0/1:0:0:0:5:7:0:8:5:7:0.25
chr10	18159658	BND_ovirgezh	T	]chr10:18159696]T	3.69	PASS	SVTYPE=BND;EVENT=NOV_INS;ISIZE=38;MATE_ID=BND_buodbghf	GT:CTX:DEL:INS:INV:NOV_INS:TDUP:lSC:nSC:uRP:distl_levD	0/1:1:0:0:0:6:0:15:5:11:0.27
chr10	18352341	BND_eckfngjq	T	]chr10:18352103]T	3.22	PASS	SVTYPE=BND;EVENT=NOV_INS;ISIZE=238;MATE_ID=BND_etzeynbi	GT:CTX:DEL:INS:INV:NOV_INS:TDUP:lSC:nSC:uRP:distl_levD	0/1:1:0:0:0:8:0:13:6:8:0.31
chr10	18354696	BND_vvtcwzzf	T	]chr10:18354358]T	4.52	PASS	SVTYPE=BND;EVENT=NOV_INS;ISIZE=338;MATE_ID=BND_qfcweurj	GT:CTX:DEL:INS:INV:NOV_INS:TDUP:lSC:nSC:uRP:distl_levD	0/1:2:1:0:0:6:0:9:5:36:0.22
chr10	18442638	BND_vjzdfohd	G	]chr06:21260714]G	3.22	PASS	SVTYPE=BND;EVENT=CTX;ISIZE=2818076;MATE_ID=BND_dznjntav	GT:CTX:DEL:INS:INV:NOV_INS:TDUP:lSC:nSC:uRP:distl_levD	0/1:5:0:0:0:1:0:13:5:2:0.31
chr10	18595606	BND_axdhsgeq	T	]chr10:18595438]T	2.49	PASS	SVTYPE=BND;EVENT=NOV_INS;ISIZE=168;MATE_ID=BND_uuqpopgv	GT:CTX:DEL:INS:INV:NOV_INS:TDUP:lSC:nSC:uRP:distl_levD	0/1:1:0:0:0:8:0:10:5:8:0.40
chr10	18630290	BND_oyvlnegh	C	]chr10:18630134]C	8.26	PASS	SVTYPE=BND;EVENT=NOV_INS;ISIZE=156;MATE_ID=BND_ufzvaefi	GT:CTX:DEL:INS:INV:NOV_INS:TDUP:lSC:nSC:uRP:distl_levD	0/1:1:0:0:1:7:0:8:6:7:0.12
chr10	18743657	BND_mhwkwilh	C	]chr10:18743649]C	3.02	PASS	SVTYPE=BND;EVENT=NOV_INS;ISIZE=8;MATE_ID=BND_hkhizoeo	GT:CTX:DEL:INS:INV:NOV_INS:TDUP:lSC:nSC:uRP:distl_levD	0/1:1:0:0:0:6:0:15:5:6:0.33
chr10	18950639	BND_kbjkczfo	A	]chr10:18950645]A	3.02	PASS	SVTYPE=BND;EVENT=NOV_INS;ISIZE=6;MATE_ID=BND_vrybatub	GT:CTX:DEL:INS:INV:NOV_INS:TDUP:lSC:nSC:uRP:distl_levD	0/1:1:0:0:0:13:0:18:6:13:0.33
chr10	18991575	BND_wpsgwxal	A	]chr10:18992180]A	3.44	PASS	SVTYPE=BND;EVENT=DEL;ISIZE=605;MATE_ID=BND_lurchciy	GT:CTX:DEL:INS:INV:NOV_INS:TDUP:lSC:nSC:uRP:distl_levD	0/1:0:13:0:0:2:0:14:5:2:0.29
chr10	19048302	BND_mkfxowdo	T	]chr10:19048340]T	3.02	PASS	SVTYPE=BND;EVENT=NOV_INS;ISIZE=38;MATE_ID=BND_sxakplmc	GT:CTX:DEL:INS:INV:NOV_INS:TDUP:lSC:nSC:uRP:distl_levD	0/1:1:0:0:0:5:0:18:5:5:0.33
chr10	19048336	BND_fwhcnzjx	G	]chr10:19048340]G	4.52	PASS	SVTYPE=BND;EVENT=NOV_INS;ISIZE=4;MATE_ID=BND_waxttyku	GT:CTX:DEL:INS:INV:NOV_INS:TDUP:lSC:nSC:uRP:distl_levD	0/1:1:0:0:0:5:0:18:5:5:0.22
chr10	19118912	BND_iwdszwal	A	]chr10:19118908]A	6.21	PASS	SVTYPE=BND;EVENT=NOV_INS;ISIZE=4;MATE_ID=BND_lwqceqhk	GT:CTX:DEL:INS:INV:NOV_INS:TDUP:lSC:nSC:uRP:distl_levD	0/1:0:0:0:0:5:0:19:5:5:0.16
chr10	19176838	BND_ekfogowq	A	]chr10:19189946]A	0.00	PASS	SVTYPE=BND;EVENT=DEL;ISIZE=13108;MATE_ID=BND_mmzzszrc	GT:CTX:DEL:INS:INV:NOV_INS:TDUP:lSC:nSC:uRP:distl_levD	0/1:0:10:1:0:6:0:0:NA:8:NA
chr10	19176917	BND_aapbmppr	C	]chr10:19189946]C	3.22	PASS	SVTYPE=BND;EVENT=DEL;ISIZE=13029;MATE_ID=BND_tuwfwlnh	GT:CTX:DEL:INS:INV:NOV_INS:TDUP:lSC:nSC:uRP:distl_levD	0/1:0:15:1:0:6:0:13:5:8:0.31
chr10	19254187	BND_hrtxbxcp	A	]chr10:19254217]A	2.38	PASS	SVTYPE=BND;EVENT=NOV_INS;ISIZE=30;MATE_ID=BND_atqnqfax	GT:CTX:DEL:INS:INV:NOV_INS:TDUP:lSC:nSC:uRP:distl_levD	0/1:0:0:0:0:11:0:19:5:11:0.42
chr10	19263432	BND_lzssydcb	G	]chr10:19263625]G	2.38	PASS	SVTYPE=BND;EVENT=NOV_INS;ISIZE=193;MATE_ID=BND_jksersap	GT:CTX:DEL:INS:INV:NOV_INS:TDUP:lSC:nSC:uRP:distl_levD	0/1:1:0:1:1:6:0:19:7:7:0.42
chr10	19342136	BND_yfldolxf	A	]chr10:19342189]A	4.98	PASS	SVTYPE=BND;EVENT=INS;ISIZE=53;MATE_ID=BND_uiolxgcx	GT:CTX:DEL:INS:INV:NOV_INS:TDUP:lSC:nSC:uRP:distl_levD	0/1:0:0:10:0:6:0:10:7:6:0.20
chr10	19342318	BND_ctugqquq	A	]chr10:19342143]A	3.02	PASS	SVTYPE=BND;EVENT=NOV_INS;ISIZE=175;MATE_ID=BND_vbvoobgs	GT:CTX:DEL:INS:INV:NOV_INS:TDUP:lSC:nSC:uRP:distl_levD	0/1:0:0:10:0:13:0:18:9:18:0.33
chr10	19342355	BND_wfgexean	G	]chr10:19342143]G	3.56	PASS	SVTYPE=BND;EVENT=NOV_INS;ISIZE=212;MATE_ID=BND_cfrqiarl	GT:CTX:DEL:INS:INV:NOV_INS:TDUP:lSC:nSC:uRP:distl_levD	0/1:0:0:10:0:13:0:18:6:18:0.28
chr10	19396330	BND_oykkllyo	G	]chr10:19396188]G	3.02	PASS	SVTYPE=BND;EVENT=INS;ISIZE=142;MATE_ID=BND_qwpiccsr	GT:CTX:DEL:INS:INV:NOV_INS:TDUP:lSC:nSC:uRP:distl_levD	0/1:0:0:19:0:2:0:15:5:6:0.33
chr10	19415095	BND_odnhpkft	T	]chr10:19415092]T	3.12	PASS	SVTYPE=BND;EVENT=NOV_INS;ISIZE=3;MATE_ID=BND_gispumcc	GT:CTX:DEL:INS:INV:NOV_INS:TDUP:lSC:nSC:uRP:distl_levD	0/1:0:0:0:0:6:0:19:5:9:0.32
chr10	19419344	BND_mcrlmloi	A	]chr06:9838647]A	3.12	PASS	SVTYPE=BND;EVENT=CTX;ISIZE=9580697;MATE_ID=BND_hajajrjn	GT:CTX:DEL:INS:INV:NOV_INS:TDUP:lSC:nSC:uRP:distl_levD	0/1:8:0:0:0:4:0:19:6:4:0.32
chr10	19540877	BND_zzcuhwbw	C	]chr10:19540712]C	2.49	PASS	SVTYPE=BND;EVENT=NOV_INS;ISIZE=165;MATE_ID=BND_hztuohaf	GT:CTX:DEL:INS:INV:NOV_INS:TDUP:lSC:nSC:uRP:distl_levD	0/1:0:0:0:0:6:0:20:7:7:0.40
chr10	19639471	BND_xgnbyztg	T	]chr10:19639466]T	3.02	PASS	SVTYPE=BND;EVENT=NOV_INS;ISIZE=5;MATE_ID=BND_snuhqfje	GT:CTX:DEL:INS:INV:NOV_INS:TDUP:lSC:nSC:uRP:distl_levD	0/1:0:0:0:0:6:0:18:5:6:0.33
chr10	19743277	BND_eaqhwxoo	G	]chr10:19743249]G	3.98	PASS	SVTYPE=BND;EVENT=NOV_INS;ISIZE=28;MATE_ID=BND_qvduhzre	GT:CTX:DEL:INS:INV:NOV_INS:TDUP:lSC:nSC:uRP:distl_levD	0/1:0:0:0:0:5:0:16:6:5:0.25
chr10	19765302	BND_xyuzepef	G	]chr10:19765312]G	3.02	PASS	SVTYPE=BND;EVENT=NOV_INS;ISIZE=10;MATE_ID=BND_lohehyqd	GT:CTX:DEL:INS:INV:NOV_INS:TDUP:lSC:nSC:uRP:distl_levD	0/1:1:0:0:0:5:0:18:7:5:0.33
chr10	19781595	BND_hvxqythm	A	]chr10:19781408]A	3.98	PASS	SVTYPE=BND;EVENT=NOV_INS;ISIZE=187;MATE_ID=BND_hmixhwnv	GT:CTX:DEL:INS:INV:NOV_INS:TDUP:lSC:nSC:uRP:distl_levD	0/1:0:0:0:1:5:0:20:6:5:0.25
chr10	19866422	BND_sbgpaoqq	A	]chr10:19867091]A	3.44	PASS	SVTYPE=BND;EVENT=DEL;ISIZE=669;MATE_ID=BND_owebinqg	GT:CTX:DEL:INS:INV:NOV_INS:TDUP:lSC:nSC:uRP:distl_levD	0/1:0:20:0:0:2:0:14:7:2:0.29
chr10	20028432	BND_uvwtxawn	T	]chr10:20028471]T	3.02	PASS	SVTYPE=BND;EVENT=NOV_INS;ISIZE=39;MATE_ID=BND_jrwxlyll	GT:CTX:DEL:INS:INV:NOV_INS:TDUP:lSC:nSC:uRP:distl_levD	0/1:0:0:0:0:9:0:18:14:9:0.33
chr10	20028471	BND_scykvbgb	C	]chr10:20028432]C	3.02	PASS	SVTYPE=BND;EVENT=NOV_INS;ISIZE=39;MATE_ID=BND_jscvelny	GT:CTX:DEL:INS:INV:NOV_INS:TDUP:lSC:nSC:uRP:distl_levD	0/1:0:0:1:0:5:0:12:5:5:0.33
chr10	20087201	BND_uajirffv	T	]chr10:20087203]T	2.38	PASS	SVTYPE=BND;EVENT=INS;ISIZE=2;MATE_ID=BND_pfbkgsee	GT:CTX:DEL:INS:INV:NOV_INS:TDUP:lSC:nSC:uRP:distl_levD	0/1:0:0:18:0:1:0:19:7:1:0.42
chr10	20174366	BND_xaqlgzkf	T	]chr10:20174382]T	2.49	PASS	SVTYPE=BND;EVENT=NOV_INS;ISIZE=16;MATE_ID=BND_duxjhypx	GT:CTX:DEL:INS:INV:NOV_INS:TDUP:lSC:nSC:uRP:distl_levD	0/1:0:0:0:0:6:0:20:6:6:0.40
chr10	20709132	BND_sojgdjsd	T	]chr10:20709128]T	10.99	PASS	SVTYPE=BND;EVENT=NOV_INS;ISIZE=4;MATE_ID=BND_actuhpfy	GT:CTX:DEL:INS:INV:NOV_INS:TDUP:lSC:nSC:uRP:distl_levD	0/1:3:0:0:0:10:0:11:5:10:0.09
chr10	20709359	BND_lszdmdri	T	]chr10:20709025]T	2.85	PASS	SVTYPE=BND;EVENT=NOV_INS;ISIZE=334;MATE_ID=BND_gnyrwjba	GT:CTX:DEL:INS:INV:NOV_INS:TDUP:lSC:nSC:uRP:distl_levD	0/1:4:0:0:0:5:0:17:5:12:0.35
chr10	20714341	BND_llakruib	A	]chr01:3138611]A	4.98	PASS	SVTYPE=BND;EVENT=CTX;ISIZE=17575730;MATE_ID=BND_pcalcxdo	GT:CTX:DEL:INS:INV:NOV_INS:TDUP:lSC:nSC:uRP:distl_levD	0/1:4:0:0:0:0:0:10:5:0:0.20
chr10	20865671	BND_lngoyckv	C	]chr10:20865668]C	3.32	PASS	SVTYPE=BND;EVENT=NOV_INS;ISIZE=3;MATE_ID=BND_hcvenbxp	GT:CTX:DEL:INS:INV:NOV_INS:TDUP:lSC:nSC:uRP:distl_levD	0/1:0:0:0:0:5:0:20:8:5:0.30
chr10	20993272	BND_kgikxulw	C	]chr10:20993501]C	3.44	PASS	SVTYPE=BND;EVENT=NOV_INS;ISIZE=229;MATE_ID=BND_fzvwaqfb	GT:CTX:DEL:INS:INV:NOV_INS:TDUP:lSC:nSC:uRP:distl_levD	0/1:0:0:2:0:8:0:17:6:10:0.29
chr10	21073449	BND_zjhyfigt	G	]chr10:21061585]G	0.00	PASS	SVTYPE=BND;EVENT=DEL;ISIZE=11864;MATE_ID=BND_hgudmttr	GT:CTX:DEL:INS:INV:NOV_INS:TDUP:lSC:nSC:uRP:distl_levD	0/1:0:10:0:0:2:0:0:NA:2:NA
chr10	21163267	BND_comuhiyq	A	]chr10:21163245]A	4.52	PASS	SVTYPE=BND;EVENT=TDUP;ISIZE=22;MATE_ID=BND_tsspbchy	GT:CTX:DEL:INS:INV:NOV_INS:TDUP:lSC:nSC:uRP:distl_levD	0/1:0:0:1:0:4:16:18:5:4:0.22
chr10	21273050	BND_ecqeucsv	A	]chr10:21273048]A	2.49	PASS	SVTYPE=BND;EVENT=NOV_INS;ISIZE=2;MATE_ID=BND_izqjajfr	GT:CTX:DEL:INS:INV:NOV_INS:TDUP:lSC:nSC:uRP:distl_levD	0/1:0:0:0:0:5:0:20:5:7:0.40
chr10	21340387	BND_cbfosqzo	A	]chr10:21340382]A	2.85	PASS	SVTYPE=BND;EVENT=NOV_INS;ISIZE=5;MATE_ID=BND_skyzysdi	GT:CTX:DEL:INS:INV:NOV_INS:TDUP:lSC:nSC:uRP:distl_levD	0/1:1:0:0:0:4:0:20:5:4:0.35
chr10	21614689	BND_sbfzgxvt	T	]chr10:21614487]T	2.49	PASS	SVTYPE=BND;EVENT=NOV_INS;ISIZE=202;MATE_ID=BND_rgsqelrt	GT:CTX:DEL:INS:INV:NOV_INS:TDUP:lSC:nSC:uRP:distl_levD	0/1:0:0:2:0:6:0:15:5:6:0.40
chr10	21719173	BND_xxfbjsjk	G	]chr10:21719164]G	3.12	PASS	SVTYPE=BND;EVENT=NOV_INS;ISIZE=9;MATE_ID=BND_npncsvms	GT:CTX:DEL:INS:INV:NOV_INS:TDUP:lSC:nSC:uRP:distl_levD	0/1:0:0:0:0:11:0:19:5:11:0.32
chr10	21724006	BND_tuvpabml	T	]chr10:21723903]T	3.69	PASS	SVTYPE=BND;EVENT=NOV_INS;ISIZE=103;MATE_ID=BND_jelqsnyq	GT:CTX:DEL:INS:INV:NOV_INS:TDUP:lSC:nSC:uRP:distl_levD	0/1:1:1:0:0:8:0:15:5:8:0.27
chr10	21779791	BND_ujjmjquv	G	]chr02:19479484]G	0.00	PASS	SVTYPE=BND;EVENT=CTX;ISIZE=2300307;MATE_ID=BND_natjhszm	GT:CTX:DEL:INS:INV:NOV_INS:TDUP:lSC:nSC:uRP:distl_levD	0/1:12:0:0:0:0:0:0:NA:0:NA
chr10	21886883	BND_bjcauuff	A	]chr10:21886894]A	3.12	PASS	SVTYPE=BND;EVENT=NOV_INS;ISIZE=11;MATE_ID=BND_zvdgrvqh	GT:CTX:DEL:INS:INV:NOV_INS:TDUP:lSC:nSC:uRP:distl_levD	0/1:0:0:0:0:5:0:19:9:5:0.32
chr10	21904114	BND_ykrsxmne	G	]chr10:21903929]G	3.69	PASS	SVTYPE=BND;EVENT=NOV_INS;ISIZE=185;MATE_ID=BND_juzscdvc	GT:CTX:DEL:INS:INV:NOV_INS:TDUP:lSC:nSC:uRP:distl_levD	0/1:0:0:0:0:19:0:15:5:20:0.27
chr10	21965376	BND_cpbjywiy	A	]chr08:338520]A	0.00	PASS	SVTYPE=BND;EVENT=CTX;ISIZE=21626856;MATE_ID=BND_dmiyofoe	GT:CTX:DEL:INS:INV:NOV_INS:TDUP:lSC:nSC:uRP:distl_levD	0/1:15:0:0:0:2:0:0:NA:2:NA
chr10	21965376	BND_ryheezzk	A	]chr08:334343]A	0.00	PASS	SVTYPE=BND;EVENT=CTX;ISIZE=21631033;MATE_ID=BND_rayddktl	GT:CTX:DEL:INS:INV:NOV_INS:TDUP:lSC:nSC:uRP:distl_levD	0/1:9:0:0:0:2:0:0:NA:2:NA
chr10	22001622	BND_zxyserdx	A	]chr10:22001637]A	3.02	PASS	SVTYPE=BND;EVENT=NOV_INS;ISIZE=15;MATE_ID=BND_isorwbog	GT:CTX:DEL:INS:INV:NOV_INS:TDUP:lSC:nSC:uRP:distl_levD	0/1:0:0:0:0:9:0:18:5:9:0.33
chr10	22241560	BND_cqhaitjn	A	]chr10:22241566]A	3.02	PASS	SVTYPE=BND;EVENT=NOV_INS;ISIZE=6;MATE_ID=BND_lyahrtfm	GT:CTX:DEL:INS:INV:NOV_INS:TDUP:lSC:nSC:uRP:distl_levD	0/1:1:0:1:0:10:0:18:6:10:0.33
chr10	22314062	BND_foczxapg	T	]chr10:22313905]T	2.38	PASS	SVTYPE=BND;EVENT=NOV_INS;ISIZE=157;MATE_ID=BND_yqaaczbr	GT:CTX:DEL:INS:INV:NOV_INS:TDUP:lSC:nSC:uRP:distl_levD	0/1:1:0:0:0:5:0:19:5:5:0.42
chr10	22439424	BND_gntpzitu	A	]chr10:22440822]A	3.44	PASS	SVTYPE=BND;EVENT=DEL;ISIZE=1398;MATE_ID=BND_yoewvmta	GT:CTX:DEL:INS:INV:NOV_INS:TDUP:lSC:nSC:uRP:distl_levD	0/1:0:17:0:0:0:0:14:6:0:0.29
chr10	22678622	BND_emgncknq	T	]chr10:22679240]T	7.09	PASS	SVTYPE=BND;EVENT=DEL;ISIZE=618;MATE_ID=BND_bwnvhymh	GT:CTX:DEL:INS:INV:NOV_INS:TDUP:lSC:nSC:uRP:distl_levD	0/1:0:32:0:0:6:0:7:5:6:0.14
chr10	22679235	BND_kgosbamn	T	]chr10:22678464]T	3.44	PASS	SVTYPE=BND;EVENT=DEL;ISIZE=771;MATE_ID=BND_spynlwmj	GT:CTX:DEL:INS:INV:NOV_INS:TDUP:lSC:nSC:uRP:distl_levD	0/1:0:32:3:0:4:0:14:10:4:0.29
