deletion	chr10:1501-45300	43800	0.415527	3.63864e-12	2.871e+09	3.79458e-12	2.871e+09	1
deletion	chr10:401101-406200	5100	0.0695721	3.12495e-11	4.12252e-21	1.93179e-10	8.99717e-22	1
deletion	chr10:535501-564600	29100	0.262261	5.47672e-12	2.867e+09	5.83782e-12	2.86725e+09	1
deletion	chr10:629701-643200	13500	0.724818	0.0376755	883195	0.734954	2.59609e+06	1
deletion	chr10:747301-758100	10800	0.617857	0.000505991	2.07879e+08	0.021561	3.21995e+08	1
deletion	chr10:809101-837900	28800	0.388704	5.53377e-12	2.871e+09	5.90269e-12	2.871e+09	1
deletion	chr10:850801-860700	9900	0.45677	3.86358e-07	277162	0.000264608	1.48863e+06	1
deletion	chr10:943501-952500	9000	0.390998	3.54161e-11	2.83396e-12	1.00515e-07	4.5032e-08	1
deletion	chr10:957601-970800	13200	0.209942	1.20737e-11	1.16702e-30	1.398e-11	2.74519e-25	1
deletion	chr10:984301-995400	11100	0.376847	1.43579e-11	0.00275024	9.1682e-09	0.244536	1
deletion	chr10:1053301-1082400	29100	0.24151	5.47672e-12	2.86865e+09	5.83782e-12	2.8688e+09	1
deletion	chr10:1143601-1149300	5700	0.43935	0.0344922	600.824	47.2898	77267.2	1
deletion	chr10:1158301-1160700	2400	0.0345483	7.03034e-05	1.91262e-13	13339.3	568.575	1
deletion	chr10:1185901-1189500	3600	0.310671	1.87346e-05	7.88067e-08	2.28359	2.32149	1
deletion	chr10:1267501-1325700	58200	0.172584	2.73836e-12	2.2326e+06	2.82575e-12	2.78594e+06	1
deletion	chr10:1335001-1357200	22200	0.323444	7.17894e-12	6.93822e+07	7.81238e-12	9.38294e+07	1
duplication	chr10:1367701-1377900	10200	2.68048	0.000726249	1.70872e+09	0.0157394	1.87258e+09	1
deletion	chr10:1486801-1524600	37800	0.327116	4.2162e-12	1.37592e+09	4.42701e-12	1.42497e+09	1
deletion	chr10:1546501-1557300	10800	0.10091	1.47567e-11	21990.4	1.77081e-11	2.26374e-60	1
deletion	chr10:1624501-1655400	30900	0.315931	5.15769e-12	1.47101e+09	5.47672e-12	1.9057e+06	1
deletion	chr10:1707301-1708800	1500	0.068546	17.223	0.00377363	1	1	1
deletion	chr10:1876801-1966800	90000	0.227047	1.77081e-12	2.65903e+09	1.80694e-12	2.66311e+09	1
deletion	chr10:1977301-2028900	51600	0.20179	3.08861e-12	85.7198	3.20025e-12	156.884	1
deletion	chr10:2032501-2055000	22500	0.237373	7.08322e-12	8.69892e+06	7.69916e-12	1.38341e+07	1
deletion	chr10:2064301-2080200	15900	0.415419	1.00234e-11	0.158932	4.52121e-11	2.30335	1
deletion	chr10:2092501-2094300	1800	0.0447174	0.122718	1.46408e-06	1	1	1
deletion	chr10:2190001-2249100	59100	0.385725	2.69666e-12	2.87014e+09	2.78137e-12	2.87016e+09	1
deletion	chr10:2262601-2276400	13800	0.397034	1.15487e-11	3.99396e+06	2.032e-09	9.41907e+06	1
deletion	chr10:2285101-2288400	3300	0.247195	0.000660594	0.000712775	459.827	5351.2	1
deletion	chr10:2292601-2296200	3600	0.235779	0.0283058	0.000744543	123.133	2.73808	1
deletion	chr10:2346901-2349900	3000	0.0669257	0.00283172	1.29724e-06	0.626509	0.000112601	1
deletion	chr10:2496901-2501700	4800	0.46619	0.0139034	0.975104	4.42363	157.908	1
deletion	chr10:2612101-2619300	7200	0.107881	2.21351e-11	1.40928e-20	2.95134e-11	1.10885e-19	1
deletion	chr10:2632801-2636100	3300	0.280796	0.0136996	5.74377e-06	594.565	208.448	1
deletion	chr10:2872801-2885100	12300	0.417748	7.0085e-07	2.86998e+09	0.00025625	2.87013e+09	1
deletion	chr10:2892601-2913000	20400	0.550217	7.03114e-11	3.02717e+08	1.36409e-08	3.69183e+08	1
deletion	chr10:2934001-2974200	40200	0.571681	0.000296594	2.871e+09	0.003636	2.871e+09	1
deletion	chr10:2982301-2995500	13200	0.275977	1.20737e-11	1.4548e-05	1.398e-11	0.00129465	1
deletion	chr10:3030001-3043800	13800	0.426413	3.46462e-11	11.5279	3.90463e-09	143.522	1
deletion	chr10:3097201-3113700	16500	0.261765	9.65894e-12	3.91663e-05	1.08417e-11	0.00127489	1
duplication	chr10:3152401-3164400	12000	5.75673	2.93718e-06	1.41108e-26	8.73461e-06	2.79141e-21	1
deletion	chr10:3196501-3201900	5400	0.431519	0.00201407	38122.3	10.3532	1.60989e+06	1
duplication	chr10:3201901-3222000	20100	11.4084	0	3.6376e-90	0	2.61386e-81	1
duplication	chr10:3223201-3235500	12300	11.4914	1.42528e-08	9.94353e-71	6.00455e-08	0	1
duplication	chr10:3244801-3257100	12300	5.51722	7.81366e-07	10.5717	5.55658e-06	181.29	1
deletion	chr10:3266101-3276300	10200	0.434256	2.31403e-07	4.63804e+08	1.37174e-08	1488.71	1
deletion	chr10:3286201-3303000	16800	0.621391	0.840081	2.871e+09	12.2267	2.871e+09	1
duplication	chr10:3343501-3355200	11700	15.2297	6.11337e-08	0	1.16744e-07	0	1
duplication	chr10:3360901-3373200	12300	4.94902	3.50522e-05	21435.2	0.000254833	120617	1
deletion	chr10:3650401-3653700	3300	0.123087	0.00653717	0.00110067	1.88351	8.39232e-05	1
deletion	chr10:3680701-3695700	15000	0.520039	3.75746e-06	2.87086e+09	0.000106155	2.87088e+09	1
duplication	chr10:3695701-3699300	3600	1.8303	0.0422829	0.00995559	68.7279	0.00154268	1
deletion	chr10:3706501-3779700	73200	0.179146	2.17722e-12	2.86954e+09	2.23211e-12	2.86958e+09	1
deletion	chr10:3795901-3798600	2700	0.280571	0.0568459	0.00941033	6353.45	12911.7	1
deletion	chr10:3950101-3955500	5400	0.273975	3.78144e-06	0.0136277	0.064637	81.0884	1
deletion	chr10:3961801-3965700	3900	0.0790538	3.31413e-08	2.8141e-17	0.00146678	3.56134e-10	1
deletion	chr10:4106701-4137600	30900	0.370975	5.15769e-12	1.80379e-17	5.47672e-12	6.06049e-16	1
deletion	chr10:4140001-4213200	73200	0.37207	2.17722e-12	2.871e+09	2.23211e-12	2.871e+09	1
deletion	chr10:4220101-4226700	6600	0.0786825	2.41474e-11	6.16779e-27	3.65229e-10	3.29412e-17	1
deletion	chr10:4241401-4251000	9600	0.371599	1.02827e-06	1.51719e+07	0.000145422	4.05486e+07	1
duplication	chr10:4420801-4428600	7800	2.40897	3.24235e-05	3.21625e-18	0.00485858	5.33013e-12	1
deletion	chr10:4440301-4453800	13500	0.12392	1.18054e-11	1.15699e-35	1.36216e-11	9.60781e-30	1
deletion	chr10:4544101-4562700	18600	0.198905	8.56841e-12	1.81473e-21	9.48646e-12	1.51816e-18	1
deletion	chr10:4619101-4627800	8700	0.199982	3.66374e-11	1.37874	4.98259e-07	116.804	1
deletion	chr10:4805101-4827300	22200	0.536646	7.17894e-12	67488.9	7.81238e-12	160155	1
deletion	chr10:4895701-4897500	1800	0.137004	1.7347	0.000173679	1	1	1
duplication	chr10:4899001-4910700	11700	12.8484	1.35126e-08	7.59913e-172	7.92033e-08	4.59074e-144	1
deletion	chr10:4941601-4945200	3600	0.113417	1.32345e-05	3.09464e-11	13.9837	0.298072	1
deletion	chr10:4959301-4976700	17400	0.26208	9.15934e-12	1.409e+06	1.02162e-11	3.09909e+06	1
duplication	chr10:4979101-4988400	9300	3.30327	2.21398e-05	555869	3.8774e-05	1.40083e+06	1
deletion	chr10:4988401-5065800	77400	0.742101	199.967	2.871e+09	229.465	2.871e+09	1
duplication	chr10:5065801-5106600	40800	16.9524	0	2.06045e+09	0	2.09083e+09	1
deletion	chr10:5106601-5113200	6600	0.441174	5.7286e-05	228.612	0.110482	19732.1	1
duplication	chr10:5113201-5140800	27600	21.6389	7.71571e-08	213137	8.67283e-08	396247	1
deletion	chr10:5145301-5168100	22800	1.84788	7536.21	2.7755e+09	6396.77	2.78292e+09	1
deletion	chr10:5188501-5196300	7800	0.276784	1.25075e-05	7.08405e+07	8.66322e-07	122.831	1
duplication	chr10:5392501-5412600	20100	17.245	0	2.63662e-129	6.9671e-11	6.06135e-117	1
deletion	chr10:5454601-5456400	1800	0.095503	2.61187	0.000115536	1	1	1
duplication	chr10:5703901-5722200	18300	2.64136	2.20857e-08	2.51881	1.72586e-06	19.5899	1
duplication	chr10:5741701-5755200	13500	11.353	4.74576e-09	3.11036e+07	1.05159e-08	0	1
deletion	chr10:5921101-5923800	2700	0.135554	0.0304093	0.000248173	3989.91	87.3703	1
deletion	chr10:5972101-5979900	7800	0.158915	3.82085e-09	180.063	2.65621e-11	3.52242e-13	1
deletion	chr10:5994901-6005400	10500	0.583482	0.0226896	2.79821e+09	1.49881	2.81055e+09	1
deletion	chr10:6046201-6065700	19500	0.51918	2.2917e-07	2.87085e+09	7.14733e-06	2.87087e+09	1
deletion	chr10:6178501-6181800	3300	0.342668	6.22019e-05	4.12812e-06	91.5837	514.686	1
duplication	chr10:6324001-6332100	8100	2.7384	5.66313e-05	154.967	0.000148359	3.76901e-10	1
deletion	chr10:6408601-6420900	12300	0.500296	1.29571e-11	6.12094e-16	1.51783e-11	2.49597e-12	1
deletion	chr10:6582001-6596400	14400	0.413765	1.10675e-11	2.75051e-15	1.26486e-11	2.76529e-12	1
deletion	chr10:6597001-6715800	118800	0.577554	1.34152e-12	2.871e+09	1.36216e-12	2.871e+09	1
deletion	chr10:6780301-6807900	27600	0.609446	5.88061e-06	2.871e+09	8.38173e-06	2.871e+09	1
duplication	chr10:6922501-6983700	61200	1.53163	2.60413e-11	2.36377e+08	2.36107e-10	2.5439e+08	1
duplication	chr10:7034701-7047600	12900	3.78075	0.0124627	8.0568e-29	0.164358	1.39945e-23	1
duplication	chr10:7054801-7069500	14700	2.39524	0.000813718	1.73219e+08	0.00899049	2.44295e+08	1
duplication	chr10:7228501-7239600	11100	5.89477	9.00527e-07	7.65358e-60	9.10339e-05	1.00925e-48	1
duplication	chr10:7319701-7327500	7800	2.86924	0.00107736	0.0362901	0.00689119	2.00739e-06	1
deletion	chr10:7361701-7369500	7800	0.611052	0.0333698	223293	0.778752	1.98218e+06	1
deletion	chr10:7488301-7494300	6000	0.218883	1.22664e-07	0.00988781	0.000917535	27.1631	1
deletion	chr10:7569901-7573200	3300	0.291719	0.00685562	9.12302e-05	105.771	32.5472	1
deletion	chr10:7582501-7584900	2400	0.0371693	0.00158125	6.84504e-10	13339.3	568.575	1
duplication	chr10:7711801-7714800	3000	5.66372	1.32256e-05	0	48.4581	0	1
deletion	chr10:7730101-7741500	11400	0.571415	5.5407e-06	4.26511e+07	1.19032e-05	8.29046e+07	1
deletion	chr10:7831501-7906200	74700	0.589831	2.1335e-12	2.86938e+09	2.18618e-12	2.86941e+09	1
duplication	chr10:7952401-7973400	21000	2.70188	0	6.19036e+08	0	7.06039e+08	1
duplication	chr10:8038801-8054100	15300	2.05248	4.1666e-11	0.00107923	8.49987e-10	0.0312513	1
deletion	chr10:8054101-8061000	6900	0.454204	0.000678187	7.89007e+07	0.426051	2.01505e+08	1
duplication	chr10:8061001-8100600	39600	1.80374	0	54963.9	0	90059.6	1
deletion	chr10:8140201-8143500	3300	0.326471	0.0269863	4.54018	211.604	1538.19	1
duplication	chr10:8160301-8169600	9300	4.78853	7.1392e-08	4.46326e-07	8.44887e-08	9.44371e-147	1
duplication	chr10:8251201-8259600	8400	4.69794	2.28548e-07	6.93531e-05	2.71513e-07	0	1
deletion	chr10:8310901-8318400	7500	0.432127	2.26713e-07	1463.19	0.000727436	47375.8	1
deletion	chr10:8370901-8374800	3900	0.4814	0.0586439	0.00420192	192.591	1096.65	1
deletion	chr10:8411401-8416800	5400	0.0190646	2.95134e-11	4.20948e-35	4.42701e-11	6.05423e-29	1
deletion	chr10:8577601-8582700	5100	0.438928	0.00161376	0.00230615	0.682709	1.75072	1
duplication	chr10:8730601-8779200	48600	1.95846	4.1663e-06	1.12875e+09	1.09015e-05	1.16846e+09	1
deletion	chr10:8876701-8879100	2400	0.0407066	0.00656019	4.79865e-08	13339.3	568.575	1
deletion	chr10:8883001-8886600	3600	0.0768537	5.86475e-05	3.46014e-07	1.4448e-05	9.44517e-11	1
deletion	chr10:8956501-8962500	6000	0.271989	1.26494e-06	1.35792e-05	0.00190251	0.000105094	1
duplication	chr10:9291601-9303300	11700	2.97597	0.00249806	1.67107e-06	0.130507	0.000368847	1
duplication	chr10:9415501-9423300	7800	2.79935	0.0469149	39.9351	7.47679	2596.78	1
deletion	chr10:9423301-9433500	10200	0.622412	0.000546822	6.77322e+07	0.000662612	172322	1
duplication	chr10:9452701-9464100	11400	2.72995	8.4384e-05	176.821	0.00331517	2432.39	1
deletion	chr10:9484201-9490500	6300	0.224745	1.26486e-10	1.80791e-18	1.63015e-05	1.06869e-10	1
deletion	chr10:9543301-9551100	7800	0.245041	2.04324e-11	8.69648e-23	5.31242e-10	3.36972e-18	1
deletion	chr10:9580501-9598200	17700	0.0197296	9.0041e-12	2.34358e-114	1.00234e-11	7.7147e-102	1
deletion	chr10:9606001-9614700	8700	0.302733	1.06248e-08	273.399	7.65129e-06	7752.95	1
deletion	chr10:9615001-9616200	1200	0.0297374	49.2068	0.0243449	1	1	1
deletion	chr10:9801001-9806100	5100	0.206179	0.00587832	70875.5	1.13322	2.99699e+06	1
deletion	chr10:9877501-9891900	14400	0.178276	1.10675e-11	2.99813e-13	1.26486e-11	1.67687e-10	1
deletion	chr10:10019401-10032600	13200	0.297094	1.20737e-11	4.30728	8.38803e-11	68.7785	1
duplication	chr10:10039201-10047600	8400	2.76011	0.0178846	3.36374e+08	0.631758	5.32559e+08	1
deletion	chr10:10193101-10213800	20700	0.749222	0.00684367	3.28523e+08	0.275522	3.96672e+08	1
duplication	chr10:10215601-10219200	3600	2.29782	0.0157283	1.02808e-21	9.39508	1.53025e-23	1
deletion	chr10:10234201-10252500	18300	0.0717708	8.70888e-12	447133	9.65894e-12	1.05914e+06	1
deletion	chr10:10419001-10421700	2700	0.171659	0.0441999	4.69022e-06	12174.3	12201	1
deletion	chr10:10486501-10491000	4500	0.358796	0.0270123	0.0653311	67.7706	1181.1	1
deletion	chr10:10497301-10530900	33600	0.503167	4.74323e-12	2.871e+09	4.00937e-11	2.871e+09	1
deletion	chr10:10533001-10562400	29400	0.341298	5.42083e-12	2.69466e+09	5.77437e-12	2.70514e+09	1
deletion	chr10:10668301-10674600	6300	0.0233937	2.52972e-11	6.92434e-26	3.54161e-11	6.18953e-39	1
deletion	chr10:10715701-10726500	10800	0.28002	7.37836e-11	309.838	1.38141e-07	4490.39	1
deletion	chr10:10737001-10749000	12000	0.44782	9.1108e-09	72343.5	4.70707e-06	354156	1
duplication	chr10:10789201-10921200	132000	36.5396	0	4.66366e-189	0	0	1
deletion	chr10:10960501-10966200	5700	0.107997	2.79601e-11	1.14859e-13	4.08647e-11	1.31217e-25	1
deletion	chr10:10997701-11002500	4800	0.195763	2.02247e-05	0.000376258	0.586397	25.4942	1
deletion	chr10:11013901-11019000	5100	0.197654	2.41246e-08	6.48172e-11	0.00300614	0.000556793	1
deletion	chr10:11059201-11063700	4500	0.289973	0.0112158	1.58517	7.63007	49.2145	1
deletion	chr10:11112001-11115000	3000	0.2311	0.182493	0.0039756	332.448	2.50632	1
deletion	chr10:11227501-11233800	6300	0.112052	4.02023e-07	7.03576	3.54161e-11	1.5228e-33	1
deletion	chr10:11328901-11386500	57600	0.469407	2.76688e-12	2.60161e+09	2.85614e-12	2.60963e+09	1
deletion	chr10:11396101-11398500	2400	0.111304	0.0179095	1.12803e-06	85854.8	15360.7	1
deletion	chr10:11416801-11452500	35700	2.37481	1975.5	2.72288e+09	1795.23	2.73017e+09	1
duplication	chr10:11452501-11460000	7500	5.2416	0.000305355	1.29337e-72	0.00285532	4.31357e-53	1
deletion	chr10:11460301-11471400	11100	0.0511726	1.43579e-11	7.15996e-34	1.71368e-11	5.8013e-27	1
deletion	chr10:11475301-11541300	66000	0.176932	2.41474e-12	1310.66	2.48244e-12	1951.7	1
deletion	chr10:11556901-11564400	7500	0.0918559	2.12497e-11	0.00195037	7.97701e-08	1.62337	1
deletion	chr10:11649001-11655900	6900	0.095087	2.30975e-11	8.20858e-16	3.12495e-11	4.5693e-27	1
deletion	chr10:11704201-11713500	9300	0.12298	1.71368e-11	36569.4	2.12497e-11	2.00577e-21	1
deletion	chr10:11801401-11803200	1800	0.181653	0.144806	0.000166615	1	1	1
deletion	chr10:11943301-11945700	2400	0.155377	0.0222617	4.79865e-08	14466.8	82012.3	1
deletion	chr10:12055501-12065400	9900	0.56115	4.99045e-10	4.68274e-09	5.66068e-08	2.55999e-06	1
deletion	chr10:12177901-12179400	1500	0.0233865	0.19753	3.05104e-06	1	1	1
deletion	chr10:12190201-12192300	2100	0.182448	0.829268	0.000932268	1	1	1
deletion	chr10:12192601-12204900	12300	0.338366	4.66456e-10	0.0653865	7.20971e-09	2.36012	1
deletion	chr10:12225901-12245400	19500	0.18118	8.17295e-12	1.03141e-33	9.0041e-12	1.66174e-55	1
deletion	chr10:12386701-12392700	6000	0.300586	1.15961e-05	23.0155	0.0012898	9.6393e-06	1
deletion	chr10:12465301-12468000	2700	0.0864873	6.5462e-05	1.29697e-13	798.563	4.64983	1
deletion	chr10:12514501-12519000	4500	0.190129	6.09051e-07	1.50386e-11	0.0532169	3.31522e-06	1
deletion	chr10:12530701-12533100	2400	0.0928507	0.0028527	1.24745e-08	58195.5	5875.33	1
duplication	chr10:12589501-12600900	11400	2.25023	0.00212777	7.18121e+07	0.00588836	1.28564e+08	1
deletion	chr10:12819301-12847800	28500	0.369114	5.59202e-12	1.97438e+09	5.96901e-12	2.02162e+09	1
deletion	chr10:12946801-12966300	19500	0.404266	8.17295e-12	1.08662e+06	9.0041e-12	2.2488e+06	1
deletion	chr10:13042201-13044600	2400	0.0207435	0.000105302	3.93077e-12	13339.3	568.575	1
deletion	chr10:13083001-13084800	1800	0.0320429	0.00152085	1.72583e-09	1	1	1
deletion	chr10:13133101-13142400	9300	0.309162	5.14105e-11	4.9708e-08	1.24098e-08	6.99041e-08	1
duplication	chr10:13189501-13206600	17100	1.54888	0.00070226	1.51326e+09	0.00484021	1.61878e+09	1
deletion	chr10:14021101-14024100	3000	0.0738039	0.000495351	4.64906e-09	0.626509	0.000112601	1
deletion	chr10:14028301-14029500	1200	0.0054625	0.283896	0.000315829	1	1	1
deletion	chr10:14029801-14035800	6000	0.171747	7.47385e-06	3133.3	0.0235263	192580	1
deletion	chr10:14046601-14048100	1500	0.0241646	0.537927	1.38446e-05	1	1	1
deletion	chr10:14056501-14071200	14700	0.375973	1.08417e-11	497086	5.43596e-10	1.43561e+06	1
deletion	chr10:14124001-14169900	45900	0.467542	3.47217e-12	4466.07	3.61389e-12	7545.6	1
deletion	chr10:14183101-14191500	8400	0.183283	5.76777e-09	2421.34	5.79721e-05	48486.6	1
deletion	chr10:14201401-14226600	25200	0.598309	5.93694e-07	2.871e+09	3.42639e-05	2.871e+09	1
deletion	chr10:14237101-14253900	16800	0.245104	9.48646e-12	8.3727e-16	1.06248e-11	3.5615e-13	1
deletion	chr10:14267401-14271000	3600	0.427968	0.0126688	0.559393	292.635	40075.1	1
deletion	chr10:14278501-14289000	10500	0.360236	1.86982e-07	271787	0.000141259	1.33053e+06	1
deletion	chr10:14331601-14339700	8100	0.585849	6.92566e-06	10.0256	0.0011763	759.322	1
deletion	chr10:14370901-14389800	18900	0.41055	8.43241e-12	0.110156	9.32003e-12	1.08146	1
deletion	chr10:14617801-14620200	2400	0.0855708	0.0470568	9.25372e-07	10723.3	905.88	1
deletion	chr10:14620801-14622000	1200	0.0343557	50.9943	0.0297881	1	1	1
deletion	chr10:14767801-14780100	12300	0.440979	7.2692e-07	1.16372e+09	0.000232867	1.32813e+09	1
deletion	chr10:14872201-14874000	1800	0.00940277	0.000738799	1.13966e-09	1	1	1
deletion	chr10:14883301-14895000	11700	0.249556	1.36216e-11	0.0179035	1.35225e-09	0.947979	1
deletion	chr10:15006901-15015600	8700	0.358794	3.97515e-09	0.381739	1.25404e-05	42.1825	1
deletion	chr10:15134101-15137100	3000	0.0872375	1.34957e-06	1.87044e-14	60.7031	0.180343	1
deletion	chr10:15142201-15160200	18000	0.246345	8.85403e-12	5.61359e+06	9.83781e-12	1.04742e+07	1
deletion	chr10:15173401-15175800	2400	0.0846249	0.00577823	9.90804e-09	75944.2	123743	1
deletion	chr10:15195301-15239700	44400	0.447419	3.58947e-12	2.871e+09	3.74114e-12	2.871e+09	1
deletion	chr10:15251701-15252900	1200	0.0164017	7.93906	0.00234778	1	1	1
deletion	chr10:15253801-15300000	46200	0.0982291	3.44962e-12	2.84734e+09	3.58947e-12	2.84825e+09	1
deletion	chr10:15311701-15323400	11700	0.480683	3.86853e-09	98.7804	6.22213e-07	1389.57	1
deletion	chr10:15385501-15391200	5700	0.1692	2.03354e-07	1.08902e-05	0.000392589	0.389973	1
duplication	chr10:15415501-15419700	4200	2.61568	0.0172454	1.89203e-23	43.5932	1.17174e-09	1
deletion	chr10:15702601-15714600	12000	0.665395	0.000101909	3.91907e+07	0.000103237	160525	1
deletion	chr10:15904801-15910500	5700	0.296482	0.000301435	128.089	0.926906	26836.6	1
deletion	chr10:15970501-15983400	12900	0.462457	1.28021e-05	9.91246e+08	0.00333072	1.14981e+09	1
deletion	chr10:16160401-16168500	8100	0.0713063	1.96756e-11	7.49846e-18	2.52972e-11	7.99436e-35	1
deletion	chr10:16336501-16371300	34800	0.0477975	4.57967e-12	8.8536e-120	4.82947e-12	3.92859e-113	1
deletion	chr10:16377301-16441200	63900	0.271978	2.49409e-12	2.0994e+09	2.56639e-12	2.11799e+09	1
deletion	chr10:16568101-16570500	2400	0.112812	0.331796	0.00018361	5503.77	723.68	1
deletion	chr10:16571401-16575300	3900	0.0870013	1.54877e-08	6.24037e-21	0.0180909	5.22148e-09	1
deletion	chr10:16642201-16650600	8400	0.48172	0.00104896	1.19678e+07	0.264856	3.87273e+07	1
deletion	chr10:16744201-16749600	5400	0.436157	0.0429924	2.04417e+06	32.6078	2.28923e+07	1
deletion	chr10:16819801-16821300	1500	0.0741446	10.8312	0.00558664	1	1	1
deletion	chr10:16872001-16890900	18900	0.631458	0.000536934	2.33369e+09	0.00751113	2.3802e+09	1
deletion	chr10:16943701-16956000	12300	0.691184	6.44971e-06	1.99534e+06	0.000514338	5.78315e+06	1
deletion	chr10:16969501-16975800	6300	0.533709	6.32304e-06	1.50981	0.000199367	0.329607	1
deletion	chr10:17053201-17063100	9900	0.619784	0.00898464	4.14598e+08	0.950675	5.89424e+08	1
deletion	chr10:17135701-17146800	11100	0.531678	1.49896e-08	3008.98	4.45438e-07	28059.9	1
deletion	chr10:17322901-17331000	8100	0.123318	1.96756e-11	1.58603e-13	2.52972e-11	1.53485e-18	1
deletion	chr10:17333101-17360700	27600	0.496195	0.0928448	2.871e+09	0.369517	2.871e+09	1
deletion	chr10:17367301-17371200	3900	0.182132	6.04104e-07	4.50858e-14	0.0246703	2.23933e-06	1
deletion	chr10:17623801-17634600	10800	0.538393	9.1713e-08	2.41369	4.0429e-05	78.567	1
deletion	chr10:17819401-17831100	11700	0.150078	1.36216e-11	2.59795e-32	1.60982e-11	5.35798e-26	1
duplication	chr10:17959501-17964600	5100	2.08674	0.0269205	4.32626e-16	0.515844	8.55004e-15	1
deletion	chr10:18649201-18651000	1800	0.0402861	0.0517234	8.63118e-08	1	1	1
duplication	chr10:18919501-18932400	12900	3.879	0.0331069	3.79591e+07	0.215217	6.94165e+07	1
duplication	chr10:19168201-19189800	21600	1.34391	4.1378e-05	9.86143e+07	0.00203877	1.30601e+08	1
deletion	chr10:19242001-19243800	1800	0.126864	2.16853	0.00641749	1	1	1
deletion	chr10:19286701-19341000	54300	0.433001	2.93504e-12	2.34131e+09	3.03567e-12	2.3572e+09	1
deletion	chr10:19379401-19380900	1500	0.0354086	0.901694	2.72359e-05	1	1	1
deletion	chr10:19403401-19413300	9900	0.082993	1.60982e-11	5.6511e-25	1.96756e-11	7.59413e-19	1
deletion	chr10:19497901-19501500	3600	0.172423	8.98383e-06	1.76321e-11	2.09624	0.000302528	1
deletion	chr10:19655101-19661400	6300	0.362847	2.85859e-09	5.00507e-12	1.15014e-06	4.27017e-06	1
deletion	chr10:19794601-19801200	6600	0.030181	2.41474e-11	1.07468e-38	3.32026e-11	6.47057e-43	1
deletion	chr10:19806001-19810200	4200	0.110296	5.56665e-08	2.96737e-18	0.00615792	1.05768e-09	1
deletion	chr10:19832401-19837500	5100	0.240063	4.76704e-05	0.290841	1.10186	979.678	1
deletion	chr10:19842301-19856100	13800	0.411348	1.15487e-11	332.962	4.44915e-09	2673.27	1
deletion	chr10:20014201-20016600	2400	0.223199	0.00282832	2.39269e-06	11398	61508.7	1
deletion	chr10:20290201-20295300	5100	0.179943	8.93736e-09	2.54074e-15	2.81446e-05	2.16414e-12	1
deletion	chr10:20298901-20325000	26100	0.56445	6.50924e-09	2.87098e+09	1.33224e-07	2.87098e+09	1
duplication	chr10:20361901-20367900	6000	2.58173	2.26465e-05	1.67291e-30	0.060227	9.85917e-19	1
deletion	chr10:20442001-20451600	9600	0.201601	3.32026e-11	6.43705	4.20907e-08	269.426	1
duplication	chr10:20451601-20484900	33300	40.7622	0	0	0	0	1
deletion	chr10:20484901-20488200	3300	0.136884	0.00427471	4.74731e-07	1.48246	5.53385e-05	1
deletion	chr10:20494201-20514600	20400	0.533442	1.19389e-07	2.82958e+09	1.40357e-05	2.83321e+09	1
deletion	chr10:20521801-20537700	15900	0.41718	1.00234e-11	5.15589e+07	1.1303e-11	8.12705e+07	1
deletion	chr10:20578801-20589000	10200	0.560297	0.00160815	2.28005e+09	0.0854247	2.3747e+09	1
deletion	chr10:20922901-20924700	1800	0.0568768	0.0422936	2.68214e-07	1	1	1
deletion	chr10:21063301-21073500	10200	0.0257809	1.56248e-11	4.92866e-41	1.89729e-11	1.6492e-76	1
deletion	chr10:21206101-21222900	16800	0.318435	9.48646e-12	1.89635e+08	1.06248e-11	2.53723e+08	1
deletion	chr10:21554101-21558000	3900	0.531231	0.00247499	1.06709	12.0558	24012.2	1
deletion	chr10:21917101-21921900	4800	0.238257	1.06248e-09	6.07997e-19	0.000445198	1.45111e-08	1
deletion	chr10:21933901-21942000	8100	0.293195	3.93512e-11	7.4936e-07	2.12547e-07	0.00217598	1
duplication	chr10:22444801-22449300	4500	24.4944	0.0297435	0	11.4645	0	1
deletion	chr10:22513201-22516800	3600	0.0633615	4.0389e-06	1.7265e-10	0.000602883	8.06372e-10	1
duplication	chr10:22674901-22678800	3900	3.26851	0.00159626	3.35875e-76	8.0355	3.19321e-38	1
duplication	chr10:22892101-22903200	11100	1.87998	4.04892e-09	2.47638e+08	2.89633e-06	3.68463e+08	1
deletion	chr10:23162401-23168400	6000	0.611268	0.00464998	14927.6	4.34077	574383	1
duplication	chr10:23168401-23178300	9900	1.49626	0.00669614	9.15396e+06	0.0360001	6225.22	1
deletion	chr10:23206201-23207400	1200	0.025017	28.8952	0.0107812	1	1	1
